error: 2023-06-13T19:40:39.103Z uncaughtException: ⨯ Unable to compile TypeScript:
src/api/libs/auth.ts(2,1): error TS6133: 'bcrypt' is declared but its value is never read.
src/api/libs/auth.ts(5,28): error TS7016: Could not find a declaration file for module '../resources/users/users.controller'. 'C:/Users/dmotta/Documents/01 DESARROLLO/12 clone-linktree-back/clone-linktree-back/src/api/resources/users/users.controller.js' implicitly has an 'any' type.
src/api/libs/auth.ts(16,15): error TS7006: Parameter 'usuario' implicitly has an 'any' type.
src/api/libs/auth.ts(28,16): error TS7006: Parameter 'err' implicitly has an 'any' type.

Error: ⨯ Unable to compile TypeScript:
src/api/libs/auth.ts(2,1): error TS6133: 'bcrypt' is declared but its value is never read.
src/api/libs/auth.ts(5,28): error TS7016: Could not find a declaration file for module '../resources/users/users.controller'. 'C:/Users/dmotta/Documents/01 DESARROLLO/12 clone-linktree-back/clone-linktree-back/src/api/resources/users/users.controller.js' implicitly has an 'any' type.
src/api/libs/auth.ts(16,15): error TS7006: Parameter 'usuario' implicitly has an 'any' type.
src/api/libs/auth.ts(28,16): error TS7006: Parameter 'err' implicitly has an 'any' type.

    at Object.<anonymous> (C:\Users\dmotta\Documents\01 DESARROLLO\12 clone-linktree-back\clone-linktree-back\src\api\libs\auth.ts:1:7)
    at Module._compile (internal/modules/cjs/loader.js:1085:14)
    at Module._compile (C:\Users\dmotta\Documents\01 DESARROLLO\12 clone-linktree-back\clone-linktree-back\node_modules\source-map-support\source-map-support.js:521:25)
    at Module.m._compile (C:\Users\dmotta\AppData\Local\Temp\ts-node-dev-hook-5993502424668433.js:69:33)
    at Module._extensions..js (internal/modules/cjs/loader.js:1114:10)
    at require.extensions..jsx.require.extensions..js (C:\Users\dmotta\AppData\Local\Temp\ts-node-dev-hook-5993502424668433.js:114:20)
    at require.extensions.<computed> (C:\Users\dmotta\AppData\Local\Temp\ts-node-dev-hook-5993502424668433.js:71:20)
    at Object.nodeDevHook [as .ts] (C:\Users\dmotta\Documents\01 DESARROLLO\12 clone-linktree-back\clone-linktree-back\node_modules\ts-node-dev\lib\hook.js:63:13)
    at Module.load (internal/modules/cjs/loader.js:950:32)
    at Function.Module._load (internal/modules/cjs/loader.js:790:12) {"date":"Tue Jun 13 2023 16:40:39 GMT-0300 (hora estándar de Argentina)","error":{},"exception":true,"os":{"loadavg":[0,0,0],"uptime":451288},"process":{"argv":["C:\\Program Files\\nodejs\\node.exe","src/index.ts"],"cwd":"C:\\Users\\dmotta\\Documents\\01 DESARROLLO\\12 clone-linktree-back\\clone-linktree-back","execPath":"C:\\Program Files\\nodejs\\node.exe","gid":null,"memoryUsage":{"arrayBuffers":258785,"external":1746461,"heapTotal":18096128,"heapUsed":12849880,"rss":42422272},"pid":19648,"uid":null,"version":"v14.18.0"},"stack":"Error: ⨯ Unable to compile TypeScript:\nsrc/api/libs/auth.ts(2,1): error TS6133: 'bcrypt' is declared but its value is never read.\r\nsrc/api/libs/auth.ts(5,28): error TS7016: Could not find a declaration file for module '../resources/users/users.controller'. 'C:/Users/dmotta/Documents/01 DESARROLLO/12 clone-linktree-back/clone-linktree-back/src/api/resources/users/users.controller.js' implicitly has an 'any' type.\r\nsrc/api/libs/auth.ts(16,15): error TS7006: Parameter 'usuario' implicitly has an 'any' type.\r\nsrc/api/libs/auth.ts(28,16): error TS7006: Parameter 'err' implicitly has an 'any' type.\r\n\n    at Object.<anonymous> (C:\\Users\\dmotta\\Documents\\01 DESARROLLO\\12 clone-linktree-back\\clone-linktree-back\\src\\api\\libs\\auth.ts:1:7)\n    at Module._compile (internal/modules/cjs/loader.js:1085:14)\n    at Module._compile (C:\\Users\\dmotta\\Documents\\01 DESARROLLO\\12 clone-linktree-back\\clone-linktree-back\\node_modules\\source-map-support\\source-map-support.js:521:25)\n    at Module.m._compile (C:\\Users\\dmotta\\AppData\\Local\\Temp\\ts-node-dev-hook-5993502424668433.js:69:33)\n    at Module._extensions..js (internal/modules/cjs/loader.js:1114:10)\n    at require.extensions..jsx.require.extensions..js (C:\\Users\\dmotta\\AppData\\Local\\Temp\\ts-node-dev-hook-5993502424668433.js:114:20)\n    at require.extensions.<computed> (C:\\Users\\dmotta\\AppData\\Local\\Temp\\ts-node-dev-hook-5993502424668433.js:71:20)\n    at Object.nodeDevHook [as .ts] (C:\\Users\\dmotta\\Documents\\01 DESARROLLO\\12 clone-linktree-back\\clone-linktree-back\\node_modules\\ts-node-dev\\lib\\hook.js:63:13)\n    at Module.load (internal/modules/cjs/loader.js:950:32)\n    at Function.Module._load (internal/modules/cjs/loader.js:790:12)","trace":[{"column":7,"file":"C:\\Users\\dmotta\\Documents\\01 DESARROLLO\\12 clone-linktree-back\\clone-linktree-back\\src\\api\\libs\\auth.ts","function":null,"line":1,"method":null,"native":false},{"column":14,"file":"internal/modules/cjs/loader.js","function":"Module._compile","line":1085,"method":"_compile","native":false},{"column":25,"file":"C:\\Users\\dmotta\\Documents\\01 DESARROLLO\\12 clone-linktree-back\\clone-linktree-back\\node_modules\\source-map-support\\source-map-support.js","function":"Module._compile","line":521,"method":"_compile","native":false},{"column":33,"file":"C:\\Users\\dmotta\\AppData\\Local\\Temp\\ts-node-dev-hook-5993502424668433.js","function":"Module.m._compile","line":69,"method":"_compile","native":false},{"column":10,"file":"internal/modules/cjs/loader.js","function":"Module._extensions..js","line":1114,"method":".js","native":false},{"column":20,"file":"C:\\Users\\dmotta\\AppData\\Local\\Temp\\ts-node-dev-hook-5993502424668433.js","function":"require.extensions..jsx.require.extensions..js","line":114,"method":".js","native":false},{"column":20,"file":"C:\\Users\\dmotta\\AppData\\Local\\Temp\\ts-node-dev-hook-5993502424668433.js","function":"require.extensions.<computed>","line":71,"method":"<computed>","native":false},{"column":13,"file":"C:\\Users\\dmotta\\Documents\\01 DESARROLLO\\12 clone-linktree-back\\clone-linktree-back\\node_modules\\ts-node-dev\\lib\\hook.js","function":"Object.nodeDevHook [as .ts]","line":63,"method":"ts]","native":false},{"column":32,"file":"internal/modules/cjs/loader.js","function":"Module.load","line":950,"method":"load","native":false},{"column":12,"file":"internal/modules/cjs/loader.js","function":"Module._load","line":790,"method":"_load","native":false}]}
error: 2023-06-13T19:49:29.940Z uncaughtException: ⨯ Unable to compile TypeScript:
src/api/libs/auth.ts(2,1): error TS6133: 'bcrypt' is declared but its value is never read.
src/api/libs/auth.ts(5,8): error TS1192: Module '"C:/Users/dmotta/Documents/01 DESARROLLO/12 clone-linktree-back/clone-linktree-back/src/api/resources/users/users.controller"' has no default export.
src/api/libs/auth.ts(16,15): error TS7006: Parameter 'usuario' implicitly has an 'any' type.
src/api/libs/auth.ts(28,16): error TS7006: Parameter 'err' implicitly has an 'any' type.

Error: ⨯ Unable to compile TypeScript:
src/api/libs/auth.ts(2,1): error TS6133: 'bcrypt' is declared but its value is never read.
src/api/libs/auth.ts(5,8): error TS1192: Module '"C:/Users/dmotta/Documents/01 DESARROLLO/12 clone-linktree-back/clone-linktree-back/src/api/resources/users/users.controller"' has no default export.
src/api/libs/auth.ts(16,15): error TS7006: Parameter 'usuario' implicitly has an 'any' type.
src/api/libs/auth.ts(28,16): error TS7006: Parameter 'err' implicitly has an 'any' type.

    at Object.<anonymous> (C:\Users\dmotta\Documents\01 DESARROLLO\12 clone-linktree-back\clone-linktree-back\src\api\libs\auth.ts:1:7)
    at Module._compile (internal/modules/cjs/loader.js:1085:14)
    at Module._compile (C:\Users\dmotta\Documents\01 DESARROLLO\12 clone-linktree-back\clone-linktree-back\node_modules\source-map-support\source-map-support.js:521:25)
    at Module.m._compile (C:\Users\dmotta\AppData\Local\Temp\ts-node-dev-hook-79712241243169.js:69:33)
    at Module._extensions..js (internal/modules/cjs/loader.js:1114:10)
    at require.extensions..jsx.require.extensions..js (C:\Users\dmotta\AppData\Local\Temp\ts-node-dev-hook-79712241243169.js:114:20)
    at require.extensions.<computed> (C:\Users\dmotta\AppData\Local\Temp\ts-node-dev-hook-79712241243169.js:71:20)
    at Object.nodeDevHook [as .ts] (C:\Users\dmotta\Documents\01 DESARROLLO\12 clone-linktree-back\clone-linktree-back\node_modules\ts-node-dev\lib\hook.js:63:13)
    at Module.load (internal/modules/cjs/loader.js:950:32)
    at Function.Module._load (internal/modules/cjs/loader.js:790:12) {"date":"Tue Jun 13 2023 16:49:29 GMT-0300 (hora estándar de Argentina)","error":{},"exception":true,"os":{"loadavg":[0,0,0],"uptime":451819},"process":{"argv":["C:\\Program Files\\nodejs\\node.exe","src/index.ts"],"cwd":"C:\\Users\\dmotta\\Documents\\01 DESARROLLO\\12 clone-linktree-back\\clone-linktree-back","execPath":"C:\\Program Files\\nodejs\\node.exe","gid":null,"memoryUsage":{"arrayBuffers":95197,"external":1582957,"heapTotal":18956288,"heapUsed":10336880,"rss":42917888},"pid":18824,"uid":null,"version":"v14.18.0"},"stack":"Error: ⨯ Unable to compile TypeScript:\nsrc/api/libs/auth.ts(2,1): error TS6133: 'bcrypt' is declared but its value is never read.\r\nsrc/api/libs/auth.ts(5,8): error TS1192: Module '\"C:/Users/dmotta/Documents/01 DESARROLLO/12 clone-linktree-back/clone-linktree-back/src/api/resources/users/users.controller\"' has no default export.\r\nsrc/api/libs/auth.ts(16,15): error TS7006: Parameter 'usuario' implicitly has an 'any' type.\r\nsrc/api/libs/auth.ts(28,16): error TS7006: Parameter 'err' implicitly has an 'any' type.\r\n\n    at Object.<anonymous> (C:\\Users\\dmotta\\Documents\\01 DESARROLLO\\12 clone-linktree-back\\clone-linktree-back\\src\\api\\libs\\auth.ts:1:7)\n    at Module._compile (internal/modules/cjs/loader.js:1085:14)\n    at Module._compile (C:\\Users\\dmotta\\Documents\\01 DESARROLLO\\12 clone-linktree-back\\clone-linktree-back\\node_modules\\source-map-support\\source-map-support.js:521:25)\n    at Module.m._compile (C:\\Users\\dmotta\\AppData\\Local\\Temp\\ts-node-dev-hook-79712241243169.js:69:33)\n    at Module._extensions..js (internal/modules/cjs/loader.js:1114:10)\n    at require.extensions..jsx.require.extensions..js (C:\\Users\\dmotta\\AppData\\Local\\Temp\\ts-node-dev-hook-79712241243169.js:114:20)\n    at require.extensions.<computed> (C:\\Users\\dmotta\\AppData\\Local\\Temp\\ts-node-dev-hook-79712241243169.js:71:20)\n    at Object.nodeDevHook [as .ts] (C:\\Users\\dmotta\\Documents\\01 DESARROLLO\\12 clone-linktree-back\\clone-linktree-back\\node_modules\\ts-node-dev\\lib\\hook.js:63:13)\n    at Module.load (internal/modules/cjs/loader.js:950:32)\n    at Function.Module._load (internal/modules/cjs/loader.js:790:12)","trace":[{"column":7,"file":"C:\\Users\\dmotta\\Documents\\01 DESARROLLO\\12 clone-linktree-back\\clone-linktree-back\\src\\api\\libs\\auth.ts","function":null,"line":1,"method":null,"native":false},{"column":14,"file":"internal/modules/cjs/loader.js","function":"Module._compile","line":1085,"method":"_compile","native":false},{"column":25,"file":"C:\\Users\\dmotta\\Documents\\01 DESARROLLO\\12 clone-linktree-back\\clone-linktree-back\\node_modules\\source-map-support\\source-map-support.js","function":"Module._compile","line":521,"method":"_compile","native":false},{"column":33,"file":"C:\\Users\\dmotta\\AppData\\Local\\Temp\\ts-node-dev-hook-79712241243169.js","function":"Module.m._compile","line":69,"method":"_compile","native":false},{"column":10,"file":"internal/modules/cjs/loader.js","function":"Module._extensions..js","line":1114,"method":".js","native":false},{"column":20,"file":"C:\\Users\\dmotta\\AppData\\Local\\Temp\\ts-node-dev-hook-79712241243169.js","function":"require.extensions..jsx.require.extensions..js","line":114,"method":".js","native":false},{"column":20,"file":"C:\\Users\\dmotta\\AppData\\Local\\Temp\\ts-node-dev-hook-79712241243169.js","function":"require.extensions.<computed>","line":71,"method":"<computed>","native":false},{"column":13,"file":"C:\\Users\\dmotta\\Documents\\01 DESARROLLO\\12 clone-linktree-back\\clone-linktree-back\\node_modules\\ts-node-dev\\lib\\hook.js","function":"Object.nodeDevHook [as .ts]","line":63,"method":"ts]","native":false},{"column":32,"file":"internal/modules/cjs/loader.js","function":"Module.load","line":950,"method":"load","native":false},{"column":12,"file":"internal/modules/cjs/loader.js","function":"Module._load","line":790,"method":"_load","native":false}]}
error: 2023-06-13T20:05:50.859Z uncaughtException: ⨯ Unable to compile TypeScript:
src/api/libs/auth.ts(2,1): error TS6133: 'bcrypt' is declared but its value is never read.
src/api/libs/auth.ts(5,8): error TS1192: Module '"C:/Users/dmotta/Documents/01 DESARROLLO/12 clone-linktree-back/clone-linktree-back/src/api/resources/users/users.controller"' has no default export.
src/api/libs/auth.ts(16,15): error TS7006: Parameter 'usuario' implicitly has an 'any' type.
src/api/libs/auth.ts(28,16): error TS7006: Parameter 'err' implicitly has an 'any' type.

Error: ⨯ Unable to compile TypeScript:
src/api/libs/auth.ts(2,1): error TS6133: 'bcrypt' is declared but its value is never read.
src/api/libs/auth.ts(5,8): error TS1192: Module '"C:/Users/dmotta/Documents/01 DESARROLLO/12 clone-linktree-back/clone-linktree-back/src/api/resources/users/users.controller"' has no default export.
src/api/libs/auth.ts(16,15): error TS7006: Parameter 'usuario' implicitly has an 'any' type.
src/api/libs/auth.ts(28,16): error TS7006: Parameter 'err' implicitly has an 'any' type.

    at Object.<anonymous> (C:\Users\dmotta\Documents\01 DESARROLLO\12 clone-linktree-back\clone-linktree-back\src\api\libs\auth.ts:1:7)
    at Module._compile (internal/modules/cjs/loader.js:1085:14)
    at Module._compile (C:\Users\dmotta\Documents\01 DESARROLLO\12 clone-linktree-back\clone-linktree-back\node_modules\source-map-support\source-map-support.js:521:25)
    at Module.m._compile (C:\Users\dmotta\AppData\Local\Temp\ts-node-dev-hook-7225613676952982.js:69:33)
    at Module._extensions..js (internal/modules/cjs/loader.js:1114:10)
    at require.extensions..jsx.require.extensions..js (C:\Users\dmotta\AppData\Local\Temp\ts-node-dev-hook-7225613676952982.js:114:20)
    at require.extensions.<computed> (C:\Users\dmotta\AppData\Local\Temp\ts-node-dev-hook-7225613676952982.js:71:20)
    at Object.nodeDevHook [as .ts] (C:\Users\dmotta\Documents\01 DESARROLLO\12 clone-linktree-back\clone-linktree-back\node_modules\ts-node-dev\lib\hook.js:63:13)
    at Module.load (internal/modules/cjs/loader.js:950:32)
    at Function.Module._load (internal/modules/cjs/loader.js:790:12) {"date":"Tue Jun 13 2023 17:05:50 GMT-0300 (hora estándar de Argentina)","error":{},"exception":true,"os":{"loadavg":[0,0,0],"uptime":452800},"process":{"argv":["C:\\Program Files\\nodejs\\node.exe","src/index.ts"],"cwd":"C:\\Users\\dmotta\\Documents\\01 DESARROLLO\\12 clone-linktree-back\\clone-linktree-back","execPath":"C:\\Program Files\\nodejs\\node.exe","gid":null,"memoryUsage":{"arrayBuffers":95201,"external":1582961,"heapTotal":18169856,"heapUsed":10422392,"rss":42606592},"pid":7620,"uid":null,"version":"v14.18.0"},"stack":"Error: ⨯ Unable to compile TypeScript:\nsrc/api/libs/auth.ts(2,1): error TS6133: 'bcrypt' is declared but its value is never read.\r\nsrc/api/libs/auth.ts(5,8): error TS1192: Module '\"C:/Users/dmotta/Documents/01 DESARROLLO/12 clone-linktree-back/clone-linktree-back/src/api/resources/users/users.controller\"' has no default export.\r\nsrc/api/libs/auth.ts(16,15): error TS7006: Parameter 'usuario' implicitly has an 'any' type.\r\nsrc/api/libs/auth.ts(28,16): error TS7006: Parameter 'err' implicitly has an 'any' type.\r\n\n    at Object.<anonymous> (C:\\Users\\dmotta\\Documents\\01 DESARROLLO\\12 clone-linktree-back\\clone-linktree-back\\src\\api\\libs\\auth.ts:1:7)\n    at Module._compile (internal/modules/cjs/loader.js:1085:14)\n    at Module._compile (C:\\Users\\dmotta\\Documents\\01 DESARROLLO\\12 clone-linktree-back\\clone-linktree-back\\node_modules\\source-map-support\\source-map-support.js:521:25)\n    at Module.m._compile (C:\\Users\\dmotta\\AppData\\Local\\Temp\\ts-node-dev-hook-7225613676952982.js:69:33)\n    at Module._extensions..js (internal/modules/cjs/loader.js:1114:10)\n    at require.extensions..jsx.require.extensions..js (C:\\Users\\dmotta\\AppData\\Local\\Temp\\ts-node-dev-hook-7225613676952982.js:114:20)\n    at require.extensions.<computed> (C:\\Users\\dmotta\\AppData\\Local\\Temp\\ts-node-dev-hook-7225613676952982.js:71:20)\n    at Object.nodeDevHook [as .ts] (C:\\Users\\dmotta\\Documents\\01 DESARROLLO\\12 clone-linktree-back\\clone-linktree-back\\node_modules\\ts-node-dev\\lib\\hook.js:63:13)\n    at Module.load (internal/modules/cjs/loader.js:950:32)\n    at Function.Module._load (internal/modules/cjs/loader.js:790:12)","trace":[{"column":7,"file":"C:\\Users\\dmotta\\Documents\\01 DESARROLLO\\12 clone-linktree-back\\clone-linktree-back\\src\\api\\libs\\auth.ts","function":null,"line":1,"method":null,"native":false},{"column":14,"file":"internal/modules/cjs/loader.js","function":"Module._compile","line":1085,"method":"_compile","native":false},{"column":25,"file":"C:\\Users\\dmotta\\Documents\\01 DESARROLLO\\12 clone-linktree-back\\clone-linktree-back\\node_modules\\source-map-support\\source-map-support.js","function":"Module._compile","line":521,"method":"_compile","native":false},{"column":33,"file":"C:\\Users\\dmotta\\AppData\\Local\\Temp\\ts-node-dev-hook-7225613676952982.js","function":"Module.m._compile","line":69,"method":"_compile","native":false},{"column":10,"file":"internal/modules/cjs/loader.js","function":"Module._extensions..js","line":1114,"method":".js","native":false},{"column":20,"file":"C:\\Users\\dmotta\\AppData\\Local\\Temp\\ts-node-dev-hook-7225613676952982.js","function":"require.extensions..jsx.require.extensions..js","line":114,"method":".js","native":false},{"column":20,"file":"C:\\Users\\dmotta\\AppData\\Local\\Temp\\ts-node-dev-hook-7225613676952982.js","function":"require.extensions.<computed>","line":71,"method":"<computed>","native":false},{"column":13,"file":"C:\\Users\\dmotta\\Documents\\01 DESARROLLO\\12 clone-linktree-back\\clone-linktree-back\\node_modules\\ts-node-dev\\lib\\hook.js","function":"Object.nodeDevHook [as .ts]","line":63,"method":"ts]","native":false},{"column":32,"file":"internal/modules/cjs/loader.js","function":"Module.load","line":950,"method":"load","native":false},{"column":12,"file":"internal/modules/cjs/loader.js","function":"Module._load","line":790,"method":"_load","native":false}]}
error: 2023-06-13T20:29:07.678Z uncaughtException: ⨯ Unable to compile TypeScript:
src/api/libs/auth.ts(2,1): error TS6133: 'bcrypt' is declared but its value is never read.
src/api/libs/auth.ts(5,8): error TS1192: Module '"C:/Users/dmotta/Documents/01 DESARROLLO/12 clone-linktree-back/clone-linktree-back/src/api/resources/users/users.controller"' has no default export.
src/api/libs/auth.ts(16,15): error TS7006: Parameter 'usuario' implicitly has an 'any' type.
src/api/libs/auth.ts(28,16): error TS7006: Parameter 'err' implicitly has an 'any' type.

Error: ⨯ Unable to compile TypeScript:
src/api/libs/auth.ts(2,1): error TS6133: 'bcrypt' is declared but its value is never read.
src/api/libs/auth.ts(5,8): error TS1192: Module '"C:/Users/dmotta/Documents/01 DESARROLLO/12 clone-linktree-back/clone-linktree-back/src/api/resources/users/users.controller"' has no default export.
src/api/libs/auth.ts(16,15): error TS7006: Parameter 'usuario' implicitly has an 'any' type.
src/api/libs/auth.ts(28,16): error TS7006: Parameter 'err' implicitly has an 'any' type.

    at Object.<anonymous> (C:\Users\dmotta\Documents\01 DESARROLLO\12 clone-linktree-back\clone-linktree-back\src\api\libs\auth.ts:1:7)
    at Module._compile (internal/modules/cjs/loader.js:1085:14)
    at Module._compile (C:\Users\dmotta\Documents\01 DESARROLLO\12 clone-linktree-back\clone-linktree-back\node_modules\source-map-support\source-map-support.js:521:25)
    at Module.m._compile (C:\Users\dmotta\AppData\Local\Temp\ts-node-dev-hook-7225613676952982.js:69:33)
    at Module._extensions..js (internal/modules/cjs/loader.js:1114:10)
    at require.extensions..jsx.require.extensions..js (C:\Users\dmotta\AppData\Local\Temp\ts-node-dev-hook-7225613676952982.js:114:20)
    at require.extensions.<computed> (C:\Users\dmotta\AppData\Local\Temp\ts-node-dev-hook-7225613676952982.js:71:20)
    at Object.nodeDevHook [as .ts] (C:\Users\dmotta\Documents\01 DESARROLLO\12 clone-linktree-back\clone-linktree-back\node_modules\ts-node-dev\lib\hook.js:63:13)
    at Module.load (internal/modules/cjs/loader.js:950:32)
    at Function.Module._load (internal/modules/cjs/loader.js:790:12) {"date":"Tue Jun 13 2023 17:29:07 GMT-0300 (hora estándar de Argentina)","error":{},"exception":true,"os":{"loadavg":[0,0,0],"uptime":454197},"process":{"argv":["C:\\Program Files\\nodejs\\node.exe","src/index.ts"],"cwd":"C:\\Users\\dmotta\\Documents\\01 DESARROLLO\\12 clone-linktree-back\\clone-linktree-back","execPath":"C:\\Program Files\\nodejs\\node.exe","gid":null,"memoryUsage":{"arrayBuffers":95201,"external":1582961,"heapTotal":18169856,"heapUsed":10050008,"rss":42475520},"pid":10760,"uid":null,"version":"v14.18.0"},"stack":"Error: ⨯ Unable to compile TypeScript:\nsrc/api/libs/auth.ts(2,1): error TS6133: 'bcrypt' is declared but its value is never read.\r\nsrc/api/libs/auth.ts(5,8): error TS1192: Module '\"C:/Users/dmotta/Documents/01 DESARROLLO/12 clone-linktree-back/clone-linktree-back/src/api/resources/users/users.controller\"' has no default export.\r\nsrc/api/libs/auth.ts(16,15): error TS7006: Parameter 'usuario' implicitly has an 'any' type.\r\nsrc/api/libs/auth.ts(28,16): error TS7006: Parameter 'err' implicitly has an 'any' type.\r\n\n    at Object.<anonymous> (C:\\Users\\dmotta\\Documents\\01 DESARROLLO\\12 clone-linktree-back\\clone-linktree-back\\src\\api\\libs\\auth.ts:1:7)\n    at Module._compile (internal/modules/cjs/loader.js:1085:14)\n    at Module._compile (C:\\Users\\dmotta\\Documents\\01 DESARROLLO\\12 clone-linktree-back\\clone-linktree-back\\node_modules\\source-map-support\\source-map-support.js:521:25)\n    at Module.m._compile (C:\\Users\\dmotta\\AppData\\Local\\Temp\\ts-node-dev-hook-7225613676952982.js:69:33)\n    at Module._extensions..js (internal/modules/cjs/loader.js:1114:10)\n    at require.extensions..jsx.require.extensions..js (C:\\Users\\dmotta\\AppData\\Local\\Temp\\ts-node-dev-hook-7225613676952982.js:114:20)\n    at require.extensions.<computed> (C:\\Users\\dmotta\\AppData\\Local\\Temp\\ts-node-dev-hook-7225613676952982.js:71:20)\n    at Object.nodeDevHook [as .ts] (C:\\Users\\dmotta\\Documents\\01 DESARROLLO\\12 clone-linktree-back\\clone-linktree-back\\node_modules\\ts-node-dev\\lib\\hook.js:63:13)\n    at Module.load (internal/modules/cjs/loader.js:950:32)\n    at Function.Module._load (internal/modules/cjs/loader.js:790:12)","trace":[{"column":7,"file":"C:\\Users\\dmotta\\Documents\\01 DESARROLLO\\12 clone-linktree-back\\clone-linktree-back\\src\\api\\libs\\auth.ts","function":null,"line":1,"method":null,"native":false},{"column":14,"file":"internal/modules/cjs/loader.js","function":"Module._compile","line":1085,"method":"_compile","native":false},{"column":25,"file":"C:\\Users\\dmotta\\Documents\\01 DESARROLLO\\12 clone-linktree-back\\clone-linktree-back\\node_modules\\source-map-support\\source-map-support.js","function":"Module._compile","line":521,"method":"_compile","native":false},{"column":33,"file":"C:\\Users\\dmotta\\AppData\\Local\\Temp\\ts-node-dev-hook-7225613676952982.js","function":"Module.m._compile","line":69,"method":"_compile","native":false},{"column":10,"file":"internal/modules/cjs/loader.js","function":"Module._extensions..js","line":1114,"method":".js","native":false},{"column":20,"file":"C:\\Users\\dmotta\\AppData\\Local\\Temp\\ts-node-dev-hook-7225613676952982.js","function":"require.extensions..jsx.require.extensions..js","line":114,"method":".js","native":false},{"column":20,"file":"C:\\Users\\dmotta\\AppData\\Local\\Temp\\ts-node-dev-hook-7225613676952982.js","function":"require.extensions.<computed>","line":71,"method":"<computed>","native":false},{"column":13,"file":"C:\\Users\\dmotta\\Documents\\01 DESARROLLO\\12 clone-linktree-back\\clone-linktree-back\\node_modules\\ts-node-dev\\lib\\hook.js","function":"Object.nodeDevHook [as .ts]","line":63,"method":"ts]","native":false},{"column":32,"file":"internal/modules/cjs/loader.js","function":"Module.load","line":950,"method":"load","native":false},{"column":12,"file":"internal/modules/cjs/loader.js","function":"Module._load","line":790,"method":"_load","native":false}]}
error: 2023-06-15T16:15:04.834Z uncaughtException: ⨯ Unable to compile TypeScript:
src/api/libs/auth.ts(2,1): error TS6133: 'bcrypt' is declared but its value is never read.
src/api/libs/auth.ts(5,8): error TS1192: Module '"C:/Users/dmotta/Documents/01 DESARROLLO/12 clone-linktree-back/clone-linktree-back/src/api/resources/users/users.controller"' has no default export.
src/api/libs/auth.ts(16,15): error TS7006: Parameter 'usuario' implicitly has an 'any' type.
src/api/libs/auth.ts(28,16): error TS7006: Parameter 'err' implicitly has an 'any' type.

Error: ⨯ Unable to compile TypeScript:
src/api/libs/auth.ts(2,1): error TS6133: 'bcrypt' is declared but its value is never read.
src/api/libs/auth.ts(5,8): error TS1192: Module '"C:/Users/dmotta/Documents/01 DESARROLLO/12 clone-linktree-back/clone-linktree-back/src/api/resources/users/users.controller"' has no default export.
src/api/libs/auth.ts(16,15): error TS7006: Parameter 'usuario' implicitly has an 'any' type.
src/api/libs/auth.ts(28,16): error TS7006: Parameter 'err' implicitly has an 'any' type.

    at Object.<anonymous> (C:\Users\dmotta\Documents\01 DESARROLLO\12 clone-linktree-back\clone-linktree-back\src\api\libs\auth.ts:1:7)
    at Module._compile (internal/modules/cjs/loader.js:1085:14)
    at Module._compile (C:\Users\dmotta\Documents\01 DESARROLLO\12 clone-linktree-back\clone-linktree-back\node_modules\source-map-support\source-map-support.js:521:25)
    at Module.m._compile (C:\Users\dmotta\AppData\Local\Temp\ts-node-dev-hook-9629627515946237.js:69:33)
    at Module._extensions..js (internal/modules/cjs/loader.js:1114:10)
    at require.extensions..jsx.require.extensions..js (C:\Users\dmotta\AppData\Local\Temp\ts-node-dev-hook-9629627515946237.js:114:20)
    at require.extensions.<computed> (C:\Users\dmotta\AppData\Local\Temp\ts-node-dev-hook-9629627515946237.js:71:20)
    at Object.nodeDevHook [as .ts] (C:\Users\dmotta\Documents\01 DESARROLLO\12 clone-linktree-back\clone-linktree-back\node_modules\ts-node-dev\lib\hook.js:63:13)
    at Module.load (internal/modules/cjs/loader.js:950:32)
    at Function.Module._load (internal/modules/cjs/loader.js:790:12) {"date":"Thu Jun 15 2023 13:15:04 GMT-0300 (hora estándar de Argentina)","error":{},"exception":true,"os":{"loadavg":[0,0,0],"uptime":10596},"process":{"argv":["C:\\Program Files\\nodejs\\node.exe","src/index.ts"],"cwd":"C:\\Users\\dmotta\\Documents\\01 DESARROLLO\\12 clone-linktree-back\\clone-linktree-back","execPath":"C:\\Program Files\\nodejs\\node.exe","gid":null,"memoryUsage":{"arrayBuffers":95201,"external":1582961,"heapTotal":18694144,"heapUsed":10302760,"rss":42610688},"pid":3316,"uid":null,"version":"v14.18.0"},"stack":"Error: ⨯ Unable to compile TypeScript:\nsrc/api/libs/auth.ts(2,1): error TS6133: 'bcrypt' is declared but its value is never read.\r\nsrc/api/libs/auth.ts(5,8): error TS1192: Module '\"C:/Users/dmotta/Documents/01 DESARROLLO/12 clone-linktree-back/clone-linktree-back/src/api/resources/users/users.controller\"' has no default export.\r\nsrc/api/libs/auth.ts(16,15): error TS7006: Parameter 'usuario' implicitly has an 'any' type.\r\nsrc/api/libs/auth.ts(28,16): error TS7006: Parameter 'err' implicitly has an 'any' type.\r\n\n    at Object.<anonymous> (C:\\Users\\dmotta\\Documents\\01 DESARROLLO\\12 clone-linktree-back\\clone-linktree-back\\src\\api\\libs\\auth.ts:1:7)\n    at Module._compile (internal/modules/cjs/loader.js:1085:14)\n    at Module._compile (C:\\Users\\dmotta\\Documents\\01 DESARROLLO\\12 clone-linktree-back\\clone-linktree-back\\node_modules\\source-map-support\\source-map-support.js:521:25)\n    at Module.m._compile (C:\\Users\\dmotta\\AppData\\Local\\Temp\\ts-node-dev-hook-9629627515946237.js:69:33)\n    at Module._extensions..js (internal/modules/cjs/loader.js:1114:10)\n    at require.extensions..jsx.require.extensions..js (C:\\Users\\dmotta\\AppData\\Local\\Temp\\ts-node-dev-hook-9629627515946237.js:114:20)\n    at require.extensions.<computed> (C:\\Users\\dmotta\\AppData\\Local\\Temp\\ts-node-dev-hook-9629627515946237.js:71:20)\n    at Object.nodeDevHook [as .ts] (C:\\Users\\dmotta\\Documents\\01 DESARROLLO\\12 clone-linktree-back\\clone-linktree-back\\node_modules\\ts-node-dev\\lib\\hook.js:63:13)\n    at Module.load (internal/modules/cjs/loader.js:950:32)\n    at Function.Module._load (internal/modules/cjs/loader.js:790:12)","trace":[{"column":7,"file":"C:\\Users\\dmotta\\Documents\\01 DESARROLLO\\12 clone-linktree-back\\clone-linktree-back\\src\\api\\libs\\auth.ts","function":null,"line":1,"method":null,"native":false},{"column":14,"file":"internal/modules/cjs/loader.js","function":"Module._compile","line":1085,"method":"_compile","native":false},{"column":25,"file":"C:\\Users\\dmotta\\Documents\\01 DESARROLLO\\12 clone-linktree-back\\clone-linktree-back\\node_modules\\source-map-support\\source-map-support.js","function":"Module._compile","line":521,"method":"_compile","native":false},{"column":33,"file":"C:\\Users\\dmotta\\AppData\\Local\\Temp\\ts-node-dev-hook-9629627515946237.js","function":"Module.m._compile","line":69,"method":"_compile","native":false},{"column":10,"file":"internal/modules/cjs/loader.js","function":"Module._extensions..js","line":1114,"method":".js","native":false},{"column":20,"file":"C:\\Users\\dmotta\\AppData\\Local\\Temp\\ts-node-dev-hook-9629627515946237.js","function":"require.extensions..jsx.require.extensions..js","line":114,"method":".js","native":false},{"column":20,"file":"C:\\Users\\dmotta\\AppData\\Local\\Temp\\ts-node-dev-hook-9629627515946237.js","function":"require.extensions.<computed>","line":71,"method":"<computed>","native":false},{"column":13,"file":"C:\\Users\\dmotta\\Documents\\01 DESARROLLO\\12 clone-linktree-back\\clone-linktree-back\\node_modules\\ts-node-dev\\lib\\hook.js","function":"Object.nodeDevHook [as .ts]","line":63,"method":"ts]","native":false},{"column":32,"file":"internal/modules/cjs/loader.js","function":"Module.load","line":950,"method":"load","native":false},{"column":12,"file":"internal/modules/cjs/loader.js","function":"Module._load","line":790,"method":"_load","native":false}]}
error: 2023-06-15T19:56:21.008Z uncaughtException: ⨯ Unable to compile TypeScript:
src/api/libs/auth.ts(2,1): error TS6133: 'bcrypt' is declared but its value is never read.

Error: ⨯ Unable to compile TypeScript:
src/api/libs/auth.ts(2,1): error TS6133: 'bcrypt' is declared but its value is never read.

    at Object.<anonymous> (C:\Users\dmotta\Documents\01 DESARROLLO\12 clone-linktree-back\clone-linktree-back\src\api\libs\auth.ts:1:7)
    at Module._compile (internal/modules/cjs/loader.js:1085:14)
    at Module._compile (C:\Users\dmotta\Documents\01 DESARROLLO\12 clone-linktree-back\clone-linktree-back\node_modules\source-map-support\source-map-support.js:521:25)
    at Module.m._compile (C:\Users\dmotta\AppData\Local\Temp\ts-node-dev-hook-9629627515946237.js:69:33)
    at Module._extensions..js (internal/modules/cjs/loader.js:1114:10)
    at require.extensions..jsx.require.extensions..js (C:\Users\dmotta\AppData\Local\Temp\ts-node-dev-hook-9629627515946237.js:114:20)
    at require.extensions.<computed> (C:\Users\dmotta\AppData\Local\Temp\ts-node-dev-hook-9629627515946237.js:71:20)
    at Object.nodeDevHook [as .ts] (C:\Users\dmotta\Documents\01 DESARROLLO\12 clone-linktree-back\clone-linktree-back\node_modules\ts-node-dev\lib\hook.js:63:13)
    at Module.load (internal/modules/cjs/loader.js:950:32)
    at Function.Module._load (internal/modules/cjs/loader.js:790:12) {"date":"Thu Jun 15 2023 16:56:20 GMT-0300 (hora estándar de Argentina)","error":{},"exception":true,"os":{"loadavg":[0,0,0],"uptime":23872},"process":{"argv":["C:\\Program Files\\nodejs\\node.exe","src/index.ts"],"cwd":"C:\\Users\\dmotta\\Documents\\01 DESARROLLO\\12 clone-linktree-back\\clone-linktree-back","execPath":"C:\\Program Files\\nodejs\\node.exe","gid":null,"memoryUsage":{"arrayBuffers":238445,"external":1726597,"heapTotal":17907712,"heapUsed":11672088,"rss":42328064},"pid":2232,"uid":null,"version":"v14.18.0"},"stack":"Error: ⨯ Unable to compile TypeScript:\nsrc/api/libs/auth.ts(2,1): error TS6133: 'bcrypt' is declared but its value is never read.\r\n\n    at Object.<anonymous> (C:\\Users\\dmotta\\Documents\\01 DESARROLLO\\12 clone-linktree-back\\clone-linktree-back\\src\\api\\libs\\auth.ts:1:7)\n    at Module._compile (internal/modules/cjs/loader.js:1085:14)\n    at Module._compile (C:\\Users\\dmotta\\Documents\\01 DESARROLLO\\12 clone-linktree-back\\clone-linktree-back\\node_modules\\source-map-support\\source-map-support.js:521:25)\n    at Module.m._compile (C:\\Users\\dmotta\\AppData\\Local\\Temp\\ts-node-dev-hook-9629627515946237.js:69:33)\n    at Module._extensions..js (internal/modules/cjs/loader.js:1114:10)\n    at require.extensions..jsx.require.extensions..js (C:\\Users\\dmotta\\AppData\\Local\\Temp\\ts-node-dev-hook-9629627515946237.js:114:20)\n    at require.extensions.<computed> (C:\\Users\\dmotta\\AppData\\Local\\Temp\\ts-node-dev-hook-9629627515946237.js:71:20)\n    at Object.nodeDevHook [as .ts] (C:\\Users\\dmotta\\Documents\\01 DESARROLLO\\12 clone-linktree-back\\clone-linktree-back\\node_modules\\ts-node-dev\\lib\\hook.js:63:13)\n    at Module.load (internal/modules/cjs/loader.js:950:32)\n    at Function.Module._load (internal/modules/cjs/loader.js:790:12)","trace":[{"column":7,"file":"C:\\Users\\dmotta\\Documents\\01 DESARROLLO\\12 clone-linktree-back\\clone-linktree-back\\src\\api\\libs\\auth.ts","function":null,"line":1,"method":null,"native":false},{"column":14,"file":"internal/modules/cjs/loader.js","function":"Module._compile","line":1085,"method":"_compile","native":false},{"column":25,"file":"C:\\Users\\dmotta\\Documents\\01 DESARROLLO\\12 clone-linktree-back\\clone-linktree-back\\node_modules\\source-map-support\\source-map-support.js","function":"Module._compile","line":521,"method":"_compile","native":false},{"column":33,"file":"C:\\Users\\dmotta\\AppData\\Local\\Temp\\ts-node-dev-hook-9629627515946237.js","function":"Module.m._compile","line":69,"method":"_compile","native":false},{"column":10,"file":"internal/modules/cjs/loader.js","function":"Module._extensions..js","line":1114,"method":".js","native":false},{"column":20,"file":"C:\\Users\\dmotta\\AppData\\Local\\Temp\\ts-node-dev-hook-9629627515946237.js","function":"require.extensions..jsx.require.extensions..js","line":114,"method":".js","native":false},{"column":20,"file":"C:\\Users\\dmotta\\AppData\\Local\\Temp\\ts-node-dev-hook-9629627515946237.js","function":"require.extensions.<computed>","line":71,"method":"<computed>","native":false},{"column":13,"file":"C:\\Users\\dmotta\\Documents\\01 DESARROLLO\\12 clone-linktree-back\\clone-linktree-back\\node_modules\\ts-node-dev\\lib\\hook.js","function":"Object.nodeDevHook [as .ts]","line":63,"method":"ts]","native":false},{"column":32,"file":"internal/modules/cjs/loader.js","function":"Module.load","line":950,"method":"load","native":false},{"column":12,"file":"internal/modules/cjs/loader.js","function":"Module._load","line":790,"method":"_load","native":false}]}
error: 2023-06-15T19:57:48.296Z uncaughtException: ⨯ Unable to compile TypeScript:
src/api/libs/auth.ts(2,1): error TS6133: 'bcrypt' is declared but its value is never read.

Error: ⨯ Unable to compile TypeScript:
src/api/libs/auth.ts(2,1): error TS6133: 'bcrypt' is declared but its value is never read.

    at Object.<anonymous> (C:\Users\dmotta\Documents\01 DESARROLLO\12 clone-linktree-back\clone-linktree-back\src\api\libs\auth.ts:1:7)
    at Module._compile (internal/modules/cjs/loader.js:1085:14)
    at Module._compile (C:\Users\dmotta\Documents\01 DESARROLLO\12 clone-linktree-back\clone-linktree-back\node_modules\source-map-support\source-map-support.js:521:25)
    at Module.m._compile (C:\Users\dmotta\AppData\Local\Temp\ts-node-dev-hook-9629627515946237.js:69:33)
    at Module._extensions..js (internal/modules/cjs/loader.js:1114:10)
    at require.extensions..jsx.require.extensions..js (C:\Users\dmotta\AppData\Local\Temp\ts-node-dev-hook-9629627515946237.js:114:20)
    at require.extensions.<computed> (C:\Users\dmotta\AppData\Local\Temp\ts-node-dev-hook-9629627515946237.js:71:20)
    at Object.nodeDevHook [as .ts] (C:\Users\dmotta\Documents\01 DESARROLLO\12 clone-linktree-back\clone-linktree-back\node_modules\ts-node-dev\lib\hook.js:63:13)
    at Module.load (internal/modules/cjs/loader.js:950:32)
    at Function.Module._load (internal/modules/cjs/loader.js:790:12) {"date":"Thu Jun 15 2023 16:57:48 GMT-0300 (hora estándar de Argentina)","error":{},"exception":true,"os":{"loadavg":[0,0,0],"uptime":23959},"process":{"argv":["C:\\Program Files\\nodejs\\node.exe","src/index.ts"],"cwd":"C:\\Users\\dmotta\\Documents\\01 DESARROLLO\\12 clone-linktree-back\\clone-linktree-back","execPath":"C:\\Program Files\\nodejs\\node.exe","gid":null,"memoryUsage":{"arrayBuffers":238445,"external":1726597,"heapTotal":17907712,"heapUsed":11586240,"rss":42102784},"pid":3332,"uid":null,"version":"v14.18.0"},"stack":"Error: ⨯ Unable to compile TypeScript:\nsrc/api/libs/auth.ts(2,1): error TS6133: 'bcrypt' is declared but its value is never read.\r\n\n    at Object.<anonymous> (C:\\Users\\dmotta\\Documents\\01 DESARROLLO\\12 clone-linktree-back\\clone-linktree-back\\src\\api\\libs\\auth.ts:1:7)\n    at Module._compile (internal/modules/cjs/loader.js:1085:14)\n    at Module._compile (C:\\Users\\dmotta\\Documents\\01 DESARROLLO\\12 clone-linktree-back\\clone-linktree-back\\node_modules\\source-map-support\\source-map-support.js:521:25)\n    at Module.m._compile (C:\\Users\\dmotta\\AppData\\Local\\Temp\\ts-node-dev-hook-9629627515946237.js:69:33)\n    at Module._extensions..js (internal/modules/cjs/loader.js:1114:10)\n    at require.extensions..jsx.require.extensions..js (C:\\Users\\dmotta\\AppData\\Local\\Temp\\ts-node-dev-hook-9629627515946237.js:114:20)\n    at require.extensions.<computed> (C:\\Users\\dmotta\\AppData\\Local\\Temp\\ts-node-dev-hook-9629627515946237.js:71:20)\n    at Object.nodeDevHook [as .ts] (C:\\Users\\dmotta\\Documents\\01 DESARROLLO\\12 clone-linktree-back\\clone-linktree-back\\node_modules\\ts-node-dev\\lib\\hook.js:63:13)\n    at Module.load (internal/modules/cjs/loader.js:950:32)\n    at Function.Module._load (internal/modules/cjs/loader.js:790:12)","trace":[{"column":7,"file":"C:\\Users\\dmotta\\Documents\\01 DESARROLLO\\12 clone-linktree-back\\clone-linktree-back\\src\\api\\libs\\auth.ts","function":null,"line":1,"method":null,"native":false},{"column":14,"file":"internal/modules/cjs/loader.js","function":"Module._compile","line":1085,"method":"_compile","native":false},{"column":25,"file":"C:\\Users\\dmotta\\Documents\\01 DESARROLLO\\12 clone-linktree-back\\clone-linktree-back\\node_modules\\source-map-support\\source-map-support.js","function":"Module._compile","line":521,"method":"_compile","native":false},{"column":33,"file":"C:\\Users\\dmotta\\AppData\\Local\\Temp\\ts-node-dev-hook-9629627515946237.js","function":"Module.m._compile","line":69,"method":"_compile","native":false},{"column":10,"file":"internal/modules/cjs/loader.js","function":"Module._extensions..js","line":1114,"method":".js","native":false},{"column":20,"file":"C:\\Users\\dmotta\\AppData\\Local\\Temp\\ts-node-dev-hook-9629627515946237.js","function":"require.extensions..jsx.require.extensions..js","line":114,"method":".js","native":false},{"column":20,"file":"C:\\Users\\dmotta\\AppData\\Local\\Temp\\ts-node-dev-hook-9629627515946237.js","function":"require.extensions.<computed>","line":71,"method":"<computed>","native":false},{"column":13,"file":"C:\\Users\\dmotta\\Documents\\01 DESARROLLO\\12 clone-linktree-back\\clone-linktree-back\\node_modules\\ts-node-dev\\lib\\hook.js","function":"Object.nodeDevHook [as .ts]","line":63,"method":"ts]","native":false},{"column":32,"file":"internal/modules/cjs/loader.js","function":"Module.load","line":950,"method":"load","native":false},{"column":12,"file":"internal/modules/cjs/loader.js","function":"Module._load","line":790,"method":"_load","native":false}]}
error: 2023-06-15T19:58:05.469Z uncaughtException: ⨯ Unable to compile TypeScript:
src/api/libs/auth.ts(2,1): error TS6133: 'bcrypt' is declared but its value is never read.

Error: ⨯ Unable to compile TypeScript:
src/api/libs/auth.ts(2,1): error TS6133: 'bcrypt' is declared but its value is never read.

    at Object.<anonymous> (C:\Users\dmotta\Documents\01 DESARROLLO\12 clone-linktree-back\clone-linktree-back\src\api\libs\auth.ts:1:7)
    at Module._compile (internal/modules/cjs/loader.js:1085:14)
    at Module._compile (C:\Users\dmotta\Documents\01 DESARROLLO\12 clone-linktree-back\clone-linktree-back\node_modules\source-map-support\source-map-support.js:521:25)
    at Module.m._compile (C:\Users\dmotta\AppData\Local\Temp\ts-node-dev-hook-2302998637641731.js:69:33)
    at Module._extensions..js (internal/modules/cjs/loader.js:1114:10)
    at require.extensions..jsx.require.extensions..js (C:\Users\dmotta\AppData\Local\Temp\ts-node-dev-hook-2302998637641731.js:114:20)
    at require.extensions.<computed> (C:\Users\dmotta\AppData\Local\Temp\ts-node-dev-hook-2302998637641731.js:71:20)
    at Object.nodeDevHook [as .ts] (C:\Users\dmotta\Documents\01 DESARROLLO\12 clone-linktree-back\clone-linktree-back\node_modules\ts-node-dev\lib\hook.js:63:13)
    at Module.load (internal/modules/cjs/loader.js:950:32)
    at Function.Module._load (internal/modules/cjs/loader.js:790:12) {"date":"Thu Jun 15 2023 16:58:05 GMT-0300 (hora estándar de Argentina)","error":{},"exception":true,"os":{"loadavg":[0,0,0],"uptime":23976},"process":{"argv":["C:\\Program Files\\nodejs\\node.exe","src/index.ts"],"cwd":"C:\\Users\\dmotta\\Documents\\01 DESARROLLO\\12 clone-linktree-back\\clone-linktree-back","execPath":"C:\\Program Files\\nodejs\\node.exe","gid":null,"memoryUsage":{"arrayBuffers":94809,"external":1582961,"heapTotal":18882560,"heapUsed":10599760,"rss":43048960},"pid":22164,"uid":null,"version":"v14.18.0"},"stack":"Error: ⨯ Unable to compile TypeScript:\nsrc/api/libs/auth.ts(2,1): error TS6133: 'bcrypt' is declared but its value is never read.\r\n\n    at Object.<anonymous> (C:\\Users\\dmotta\\Documents\\01 DESARROLLO\\12 clone-linktree-back\\clone-linktree-back\\src\\api\\libs\\auth.ts:1:7)\n    at Module._compile (internal/modules/cjs/loader.js:1085:14)\n    at Module._compile (C:\\Users\\dmotta\\Documents\\01 DESARROLLO\\12 clone-linktree-back\\clone-linktree-back\\node_modules\\source-map-support\\source-map-support.js:521:25)\n    at Module.m._compile (C:\\Users\\dmotta\\AppData\\Local\\Temp\\ts-node-dev-hook-2302998637641731.js:69:33)\n    at Module._extensions..js (internal/modules/cjs/loader.js:1114:10)\n    at require.extensions..jsx.require.extensions..js (C:\\Users\\dmotta\\AppData\\Local\\Temp\\ts-node-dev-hook-2302998637641731.js:114:20)\n    at require.extensions.<computed> (C:\\Users\\dmotta\\AppData\\Local\\Temp\\ts-node-dev-hook-2302998637641731.js:71:20)\n    at Object.nodeDevHook [as .ts] (C:\\Users\\dmotta\\Documents\\01 DESARROLLO\\12 clone-linktree-back\\clone-linktree-back\\node_modules\\ts-node-dev\\lib\\hook.js:63:13)\n    at Module.load (internal/modules/cjs/loader.js:950:32)\n    at Function.Module._load (internal/modules/cjs/loader.js:790:12)","trace":[{"column":7,"file":"C:\\Users\\dmotta\\Documents\\01 DESARROLLO\\12 clone-linktree-back\\clone-linktree-back\\src\\api\\libs\\auth.ts","function":null,"line":1,"method":null,"native":false},{"column":14,"file":"internal/modules/cjs/loader.js","function":"Module._compile","line":1085,"method":"_compile","native":false},{"column":25,"file":"C:\\Users\\dmotta\\Documents\\01 DESARROLLO\\12 clone-linktree-back\\clone-linktree-back\\node_modules\\source-map-support\\source-map-support.js","function":"Module._compile","line":521,"method":"_compile","native":false},{"column":33,"file":"C:\\Users\\dmotta\\AppData\\Local\\Temp\\ts-node-dev-hook-2302998637641731.js","function":"Module.m._compile","line":69,"method":"_compile","native":false},{"column":10,"file":"internal/modules/cjs/loader.js","function":"Module._extensions..js","line":1114,"method":".js","native":false},{"column":20,"file":"C:\\Users\\dmotta\\AppData\\Local\\Temp\\ts-node-dev-hook-2302998637641731.js","function":"require.extensions..jsx.require.extensions..js","line":114,"method":".js","native":false},{"column":20,"file":"C:\\Users\\dmotta\\AppData\\Local\\Temp\\ts-node-dev-hook-2302998637641731.js","function":"require.extensions.<computed>","line":71,"method":"<computed>","native":false},{"column":13,"file":"C:\\Users\\dmotta\\Documents\\01 DESARROLLO\\12 clone-linktree-back\\clone-linktree-back\\node_modules\\ts-node-dev\\lib\\hook.js","function":"Object.nodeDevHook [as .ts]","line":63,"method":"ts]","native":false},{"column":32,"file":"internal/modules/cjs/loader.js","function":"Module.load","line":950,"method":"load","native":false},{"column":12,"file":"internal/modules/cjs/loader.js","function":"Module._load","line":790,"method":"_load","native":false}]}
error: 2023-06-15T20:13:59.701Z uncaughtException: ⨯ Unable to compile TypeScript:
src/api/resources/users/users.controller.ts(81,14): error TS6133: 'result' is declared but its value is never read.

Error: ⨯ Unable to compile TypeScript:
src/api/resources/users/users.controller.ts(81,14): error TS6133: 'result' is declared but its value is never read.

    at Object.<anonymous> (C:\Users\dmotta\Documents\01 DESARROLLO\12 clone-linktree-back\clone-linktree-back\src\api\resources\users\users.controller.ts:1:7)
    at Module._compile (internal/modules/cjs/loader.js:1085:14)
    at Module._compile (C:\Users\dmotta\Documents\01 DESARROLLO\12 clone-linktree-back\clone-linktree-back\node_modules\source-map-support\source-map-support.js:521:25)
    at Module.m._compile (C:\Users\dmotta\AppData\Local\Temp\ts-node-dev-hook-9629627515946237.js:69:33)
    at Module._extensions..js (internal/modules/cjs/loader.js:1114:10)
    at require.extensions..jsx.require.extensions..js (C:\Users\dmotta\AppData\Local\Temp\ts-node-dev-hook-9629627515946237.js:114:20)
    at require.extensions.<computed> (C:\Users\dmotta\AppData\Local\Temp\ts-node-dev-hook-9629627515946237.js:71:20)
    at Object.nodeDevHook [as .ts] (C:\Users\dmotta\Documents\01 DESARROLLO\12 clone-linktree-back\clone-linktree-back\node_modules\ts-node-dev\lib\hook.js:63:13)
    at Module.load (internal/modules/cjs/loader.js:950:32)
    at Function.Module._load (internal/modules/cjs/loader.js:790:12) {"date":"Thu Jun 15 2023 17:13:59 GMT-0300 (hora estándar de Argentina)","error":{},"exception":true,"os":{"loadavg":[0,0,0],"uptime":24931},"process":{"argv":["C:\\Program Files\\nodejs\\node.exe","src/index.ts"],"cwd":"C:\\Users\\dmotta\\Documents\\01 DESARROLLO\\12 clone-linktree-back\\clone-linktree-back","execPath":"C:\\Program Files\\nodejs\\node.exe","gid":null,"memoryUsage":{"arrayBuffers":100962,"external":1574769,"heapTotal":30248960,"heapUsed":13462800,"rss":55312384},"pid":15924,"uid":null,"version":"v14.18.0"},"stack":"Error: ⨯ Unable to compile TypeScript:\nsrc/api/resources/users/users.controller.ts(81,14): error TS6133: 'result' is declared but its value is never read.\r\n\n    at Object.<anonymous> (C:\\Users\\dmotta\\Documents\\01 DESARROLLO\\12 clone-linktree-back\\clone-linktree-back\\src\\api\\resources\\users\\users.controller.ts:1:7)\n    at Module._compile (internal/modules/cjs/loader.js:1085:14)\n    at Module._compile (C:\\Users\\dmotta\\Documents\\01 DESARROLLO\\12 clone-linktree-back\\clone-linktree-back\\node_modules\\source-map-support\\source-map-support.js:521:25)\n    at Module.m._compile (C:\\Users\\dmotta\\AppData\\Local\\Temp\\ts-node-dev-hook-9629627515946237.js:69:33)\n    at Module._extensions..js (internal/modules/cjs/loader.js:1114:10)\n    at require.extensions..jsx.require.extensions..js (C:\\Users\\dmotta\\AppData\\Local\\Temp\\ts-node-dev-hook-9629627515946237.js:114:20)\n    at require.extensions.<computed> (C:\\Users\\dmotta\\AppData\\Local\\Temp\\ts-node-dev-hook-9629627515946237.js:71:20)\n    at Object.nodeDevHook [as .ts] (C:\\Users\\dmotta\\Documents\\01 DESARROLLO\\12 clone-linktree-back\\clone-linktree-back\\node_modules\\ts-node-dev\\lib\\hook.js:63:13)\n    at Module.load (internal/modules/cjs/loader.js:950:32)\n    at Function.Module._load (internal/modules/cjs/loader.js:790:12)","trace":[{"column":7,"file":"C:\\Users\\dmotta\\Documents\\01 DESARROLLO\\12 clone-linktree-back\\clone-linktree-back\\src\\api\\resources\\users\\users.controller.ts","function":null,"line":1,"method":null,"native":false},{"column":14,"file":"internal/modules/cjs/loader.js","function":"Module._compile","line":1085,"method":"_compile","native":false},{"column":25,"file":"C:\\Users\\dmotta\\Documents\\01 DESARROLLO\\12 clone-linktree-back\\clone-linktree-back\\node_modules\\source-map-support\\source-map-support.js","function":"Module._compile","line":521,"method":"_compile","native":false},{"column":33,"file":"C:\\Users\\dmotta\\AppData\\Local\\Temp\\ts-node-dev-hook-9629627515946237.js","function":"Module.m._compile","line":69,"method":"_compile","native":false},{"column":10,"file":"internal/modules/cjs/loader.js","function":"Module._extensions..js","line":1114,"method":".js","native":false},{"column":20,"file":"C:\\Users\\dmotta\\AppData\\Local\\Temp\\ts-node-dev-hook-9629627515946237.js","function":"require.extensions..jsx.require.extensions..js","line":114,"method":".js","native":false},{"column":20,"file":"C:\\Users\\dmotta\\AppData\\Local\\Temp\\ts-node-dev-hook-9629627515946237.js","function":"require.extensions.<computed>","line":71,"method":"<computed>","native":false},{"column":13,"file":"C:\\Users\\dmotta\\Documents\\01 DESARROLLO\\12 clone-linktree-back\\clone-linktree-back\\node_modules\\ts-node-dev\\lib\\hook.js","function":"Object.nodeDevHook [as .ts]","line":63,"method":"ts]","native":false},{"column":32,"file":"internal/modules/cjs/loader.js","function":"Module.load","line":950,"method":"load","native":false},{"column":12,"file":"internal/modules/cjs/loader.js","function":"Module._load","line":790,"method":"_load","native":false}]}
error: 2023-06-15T20:14:02.165Z uncaughtException: ⨯ Unable to compile TypeScript:
src/api/resources/users/users.controller.ts(81,14): error TS6133: 'result' is declared but its value is never read.

Error: ⨯ Unable to compile TypeScript:
src/api/resources/users/users.controller.ts(81,14): error TS6133: 'result' is declared but its value is never read.

    at Object.<anonymous> (C:\Users\dmotta\Documents\01 DESARROLLO\12 clone-linktree-back\clone-linktree-back\src\api\resources\users\users.controller.ts:1:7)
    at Module._compile (internal/modules/cjs/loader.js:1085:14)
    at Module._compile (C:\Users\dmotta\Documents\01 DESARROLLO\12 clone-linktree-back\clone-linktree-back\node_modules\source-map-support\source-map-support.js:521:25)
    at Module.m._compile (C:\Users\dmotta\AppData\Local\Temp\ts-node-dev-hook-2302998637641731.js:69:33)
    at Module._extensions..js (internal/modules/cjs/loader.js:1114:10)
    at require.extensions..jsx.require.extensions..js (C:\Users\dmotta\AppData\Local\Temp\ts-node-dev-hook-2302998637641731.js:114:20)
    at require.extensions.<computed> (C:\Users\dmotta\AppData\Local\Temp\ts-node-dev-hook-2302998637641731.js:71:20)
    at Object.nodeDevHook [as .ts] (C:\Users\dmotta\Documents\01 DESARROLLO\12 clone-linktree-back\clone-linktree-back\node_modules\ts-node-dev\lib\hook.js:63:13)
    at Module.load (internal/modules/cjs/loader.js:950:32)
    at Function.Module._load (internal/modules/cjs/loader.js:790:12) {"date":"Thu Jun 15 2023 17:14:02 GMT-0300 (hora estándar de Argentina)","error":{},"exception":true,"os":{"loadavg":[0,0,0],"uptime":24933},"process":{"argv":["C:\\Program Files\\nodejs\\node.exe","src/index.ts"],"cwd":"C:\\Users\\dmotta\\Documents\\01 DESARROLLO\\12 clone-linktree-back\\clone-linktree-back","execPath":"C:\\Program Files\\nodejs\\node.exe","gid":null,"memoryUsage":{"arrayBuffers":100962,"external":1574769,"heapTotal":29986816,"heapUsed":14982696,"rss":55291904},"pid":20124,"uid":null,"version":"v14.18.0"},"stack":"Error: ⨯ Unable to compile TypeScript:\nsrc/api/resources/users/users.controller.ts(81,14): error TS6133: 'result' is declared but its value is never read.\r\n\n    at Object.<anonymous> (C:\\Users\\dmotta\\Documents\\01 DESARROLLO\\12 clone-linktree-back\\clone-linktree-back\\src\\api\\resources\\users\\users.controller.ts:1:7)\n    at Module._compile (internal/modules/cjs/loader.js:1085:14)\n    at Module._compile (C:\\Users\\dmotta\\Documents\\01 DESARROLLO\\12 clone-linktree-back\\clone-linktree-back\\node_modules\\source-map-support\\source-map-support.js:521:25)\n    at Module.m._compile (C:\\Users\\dmotta\\AppData\\Local\\Temp\\ts-node-dev-hook-2302998637641731.js:69:33)\n    at Module._extensions..js (internal/modules/cjs/loader.js:1114:10)\n    at require.extensions..jsx.require.extensions..js (C:\\Users\\dmotta\\AppData\\Local\\Temp\\ts-node-dev-hook-2302998637641731.js:114:20)\n    at require.extensions.<computed> (C:\\Users\\dmotta\\AppData\\Local\\Temp\\ts-node-dev-hook-2302998637641731.js:71:20)\n    at Object.nodeDevHook [as .ts] (C:\\Users\\dmotta\\Documents\\01 DESARROLLO\\12 clone-linktree-back\\clone-linktree-back\\node_modules\\ts-node-dev\\lib\\hook.js:63:13)\n    at Module.load (internal/modules/cjs/loader.js:950:32)\n    at Function.Module._load (internal/modules/cjs/loader.js:790:12)","trace":[{"column":7,"file":"C:\\Users\\dmotta\\Documents\\01 DESARROLLO\\12 clone-linktree-back\\clone-linktree-back\\src\\api\\resources\\users\\users.controller.ts","function":null,"line":1,"method":null,"native":false},{"column":14,"file":"internal/modules/cjs/loader.js","function":"Module._compile","line":1085,"method":"_compile","native":false},{"column":25,"file":"C:\\Users\\dmotta\\Documents\\01 DESARROLLO\\12 clone-linktree-back\\clone-linktree-back\\node_modules\\source-map-support\\source-map-support.js","function":"Module._compile","line":521,"method":"_compile","native":false},{"column":33,"file":"C:\\Users\\dmotta\\AppData\\Local\\Temp\\ts-node-dev-hook-2302998637641731.js","function":"Module.m._compile","line":69,"method":"_compile","native":false},{"column":10,"file":"internal/modules/cjs/loader.js","function":"Module._extensions..js","line":1114,"method":".js","native":false},{"column":20,"file":"C:\\Users\\dmotta\\AppData\\Local\\Temp\\ts-node-dev-hook-2302998637641731.js","function":"require.extensions..jsx.require.extensions..js","line":114,"method":".js","native":false},{"column":20,"file":"C:\\Users\\dmotta\\AppData\\Local\\Temp\\ts-node-dev-hook-2302998637641731.js","function":"require.extensions.<computed>","line":71,"method":"<computed>","native":false},{"column":13,"file":"C:\\Users\\dmotta\\Documents\\01 DESARROLLO\\12 clone-linktree-back\\clone-linktree-back\\node_modules\\ts-node-dev\\lib\\hook.js","function":"Object.nodeDevHook [as .ts]","line":63,"method":"ts]","native":false},{"column":32,"file":"internal/modules/cjs/loader.js","function":"Module.load","line":950,"method":"load","native":false},{"column":12,"file":"internal/modules/cjs/loader.js","function":"Module._load","line":790,"method":"_load","native":false}]}
error: 2023-06-15T20:15:17.412Z uncaughtException: ⨯ Unable to compile TypeScript:
src/models/user.model.ts(70,20): error TS6133: 'models' is declared but its value is never read.

Error: ⨯ Unable to compile TypeScript:
src/models/user.model.ts(70,20): error TS6133: 'models' is declared but its value is never read.

    at Object.<anonymous> (C:\Users\dmotta\Documents\01 DESARROLLO\12 clone-linktree-back\clone-linktree-back\src\models\user.model.ts:1:7)
    at Module._compile (internal/modules/cjs/loader.js:1085:14)
    at Module._compile (C:\Users\dmotta\Documents\01 DESARROLLO\12 clone-linktree-back\clone-linktree-back\node_modules\source-map-support\source-map-support.js:521:25)
    at Module.m._compile (C:\Users\dmotta\AppData\Local\Temp\ts-node-dev-hook-9629627515946237.js:69:33)
    at Module._extensions..js (internal/modules/cjs/loader.js:1114:10)
    at require.extensions..jsx.require.extensions..js (C:\Users\dmotta\AppData\Local\Temp\ts-node-dev-hook-9629627515946237.js:114:20)
    at require.extensions.<computed> (C:\Users\dmotta\AppData\Local\Temp\ts-node-dev-hook-9629627515946237.js:71:20)
    at Object.nodeDevHook [as .ts] (C:\Users\dmotta\Documents\01 DESARROLLO\12 clone-linktree-back\clone-linktree-back\node_modules\ts-node-dev\lib\hook.js:63:13)
    at Module.load (internal/modules/cjs/loader.js:950:32)
    at Function.Module._load (internal/modules/cjs/loader.js:790:12) {"date":"Thu Jun 15 2023 17:15:17 GMT-0300 (hora estándar de Argentina)","error":{},"exception":true,"os":{"loadavg":[0,0,0],"uptime":25008},"process":{"argv":["C:\\Program Files\\nodejs\\node.exe","src/index.ts"],"cwd":"C:\\Users\\dmotta\\Documents\\01 DESARROLLO\\12 clone-linktree-back\\clone-linktree-back","execPath":"C:\\Program Files\\nodejs\\node.exe","gid":null,"memoryUsage":{"arrayBuffers":120143,"external":1593512,"heapTotal":28938240,"heapUsed":17425496,"rss":47656960},"pid":7044,"uid":null,"version":"v14.18.0"},"stack":"Error: ⨯ Unable to compile TypeScript:\nsrc/models/user.model.ts(70,20): error TS6133: 'models' is declared but its value is never read.\r\n\n    at Object.<anonymous> (C:\\Users\\dmotta\\Documents\\01 DESARROLLO\\12 clone-linktree-back\\clone-linktree-back\\src\\models\\user.model.ts:1:7)\n    at Module._compile (internal/modules/cjs/loader.js:1085:14)\n    at Module._compile (C:\\Users\\dmotta\\Documents\\01 DESARROLLO\\12 clone-linktree-back\\clone-linktree-back\\node_modules\\source-map-support\\source-map-support.js:521:25)\n    at Module.m._compile (C:\\Users\\dmotta\\AppData\\Local\\Temp\\ts-node-dev-hook-9629627515946237.js:69:33)\n    at Module._extensions..js (internal/modules/cjs/loader.js:1114:10)\n    at require.extensions..jsx.require.extensions..js (C:\\Users\\dmotta\\AppData\\Local\\Temp\\ts-node-dev-hook-9629627515946237.js:114:20)\n    at require.extensions.<computed> (C:\\Users\\dmotta\\AppData\\Local\\Temp\\ts-node-dev-hook-9629627515946237.js:71:20)\n    at Object.nodeDevHook [as .ts] (C:\\Users\\dmotta\\Documents\\01 DESARROLLO\\12 clone-linktree-back\\clone-linktree-back\\node_modules\\ts-node-dev\\lib\\hook.js:63:13)\n    at Module.load (internal/modules/cjs/loader.js:950:32)\n    at Function.Module._load (internal/modules/cjs/loader.js:790:12)","trace":[{"column":7,"file":"C:\\Users\\dmotta\\Documents\\01 DESARROLLO\\12 clone-linktree-back\\clone-linktree-back\\src\\models\\user.model.ts","function":null,"line":1,"method":null,"native":false},{"column":14,"file":"internal/modules/cjs/loader.js","function":"Module._compile","line":1085,"method":"_compile","native":false},{"column":25,"file":"C:\\Users\\dmotta\\Documents\\01 DESARROLLO\\12 clone-linktree-back\\clone-linktree-back\\node_modules\\source-map-support\\source-map-support.js","function":"Module._compile","line":521,"method":"_compile","native":false},{"column":33,"file":"C:\\Users\\dmotta\\AppData\\Local\\Temp\\ts-node-dev-hook-9629627515946237.js","function":"Module.m._compile","line":69,"method":"_compile","native":false},{"column":10,"file":"internal/modules/cjs/loader.js","function":"Module._extensions..js","line":1114,"method":".js","native":false},{"column":20,"file":"C:\\Users\\dmotta\\AppData\\Local\\Temp\\ts-node-dev-hook-9629627515946237.js","function":"require.extensions..jsx.require.extensions..js","line":114,"method":".js","native":false},{"column":20,"file":"C:\\Users\\dmotta\\AppData\\Local\\Temp\\ts-node-dev-hook-9629627515946237.js","function":"require.extensions.<computed>","line":71,"method":"<computed>","native":false},{"column":13,"file":"C:\\Users\\dmotta\\Documents\\01 DESARROLLO\\12 clone-linktree-back\\clone-linktree-back\\node_modules\\ts-node-dev\\lib\\hook.js","function":"Object.nodeDevHook [as .ts]","line":63,"method":"ts]","native":false},{"column":32,"file":"internal/modules/cjs/loader.js","function":"Module.load","line":950,"method":"load","native":false},{"column":12,"file":"internal/modules/cjs/loader.js","function":"Module._load","line":790,"method":"_load","native":false}]}
error: 2023-06-15T20:15:18.013Z uncaughtException: ⨯ Unable to compile TypeScript:
src/models/user.model.ts(70,20): error TS6133: 'models' is declared but its value is never read.

Error: ⨯ Unable to compile TypeScript:
src/models/user.model.ts(70,20): error TS6133: 'models' is declared but its value is never read.

    at Object.<anonymous> (C:\Users\dmotta\Documents\01 DESARROLLO\12 clone-linktree-back\clone-linktree-back\src\models\user.model.ts:1:7)
    at Module._compile (internal/modules/cjs/loader.js:1085:14)
    at Module._compile (C:\Users\dmotta\Documents\01 DESARROLLO\12 clone-linktree-back\clone-linktree-back\node_modules\source-map-support\source-map-support.js:521:25)
    at Module.m._compile (C:\Users\dmotta\AppData\Local\Temp\ts-node-dev-hook-2302998637641731.js:69:33)
    at Module._extensions..js (internal/modules/cjs/loader.js:1114:10)
    at require.extensions..jsx.require.extensions..js (C:\Users\dmotta\AppData\Local\Temp\ts-node-dev-hook-2302998637641731.js:114:20)
    at require.extensions.<computed> (C:\Users\dmotta\AppData\Local\Temp\ts-node-dev-hook-2302998637641731.js:71:20)
    at Object.nodeDevHook [as .ts] (C:\Users\dmotta\Documents\01 DESARROLLO\12 clone-linktree-back\clone-linktree-back\node_modules\ts-node-dev\lib\hook.js:63:13)
    at Module.load (internal/modules/cjs/loader.js:950:32)
    at Function.Module._load (internal/modules/cjs/loader.js:790:12) {"date":"Thu Jun 15 2023 17:15:17 GMT-0300 (hora estándar de Argentina)","error":{},"exception":true,"os":{"loadavg":[0,0,0],"uptime":25009},"process":{"argv":["C:\\Program Files\\nodejs\\node.exe","src/index.ts"],"cwd":"C:\\Users\\dmotta\\Documents\\01 DESARROLLO\\12 clone-linktree-back\\clone-linktree-back","execPath":"C:\\Program Files\\nodejs\\node.exe","gid":null,"memoryUsage":{"arrayBuffers":120143,"external":1593512,"heapTotal":28676096,"heapUsed":17318744,"rss":47415296},"pid":21936,"uid":null,"version":"v14.18.0"},"stack":"Error: ⨯ Unable to compile TypeScript:\nsrc/models/user.model.ts(70,20): error TS6133: 'models' is declared but its value is never read.\r\n\n    at Object.<anonymous> (C:\\Users\\dmotta\\Documents\\01 DESARROLLO\\12 clone-linktree-back\\clone-linktree-back\\src\\models\\user.model.ts:1:7)\n    at Module._compile (internal/modules/cjs/loader.js:1085:14)\n    at Module._compile (C:\\Users\\dmotta\\Documents\\01 DESARROLLO\\12 clone-linktree-back\\clone-linktree-back\\node_modules\\source-map-support\\source-map-support.js:521:25)\n    at Module.m._compile (C:\\Users\\dmotta\\AppData\\Local\\Temp\\ts-node-dev-hook-2302998637641731.js:69:33)\n    at Module._extensions..js (internal/modules/cjs/loader.js:1114:10)\n    at require.extensions..jsx.require.extensions..js (C:\\Users\\dmotta\\AppData\\Local\\Temp\\ts-node-dev-hook-2302998637641731.js:114:20)\n    at require.extensions.<computed> (C:\\Users\\dmotta\\AppData\\Local\\Temp\\ts-node-dev-hook-2302998637641731.js:71:20)\n    at Object.nodeDevHook [as .ts] (C:\\Users\\dmotta\\Documents\\01 DESARROLLO\\12 clone-linktree-back\\clone-linktree-back\\node_modules\\ts-node-dev\\lib\\hook.js:63:13)\n    at Module.load (internal/modules/cjs/loader.js:950:32)\n    at Function.Module._load (internal/modules/cjs/loader.js:790:12)","trace":[{"column":7,"file":"C:\\Users\\dmotta\\Documents\\01 DESARROLLO\\12 clone-linktree-back\\clone-linktree-back\\src\\models\\user.model.ts","function":null,"line":1,"method":null,"native":false},{"column":14,"file":"internal/modules/cjs/loader.js","function":"Module._compile","line":1085,"method":"_compile","native":false},{"column":25,"file":"C:\\Users\\dmotta\\Documents\\01 DESARROLLO\\12 clone-linktree-back\\clone-linktree-back\\node_modules\\source-map-support\\source-map-support.js","function":"Module._compile","line":521,"method":"_compile","native":false},{"column":33,"file":"C:\\Users\\dmotta\\AppData\\Local\\Temp\\ts-node-dev-hook-2302998637641731.js","function":"Module.m._compile","line":69,"method":"_compile","native":false},{"column":10,"file":"internal/modules/cjs/loader.js","function":"Module._extensions..js","line":1114,"method":".js","native":false},{"column":20,"file":"C:\\Users\\dmotta\\AppData\\Local\\Temp\\ts-node-dev-hook-2302998637641731.js","function":"require.extensions..jsx.require.extensions..js","line":114,"method":".js","native":false},{"column":20,"file":"C:\\Users\\dmotta\\AppData\\Local\\Temp\\ts-node-dev-hook-2302998637641731.js","function":"require.extensions.<computed>","line":71,"method":"<computed>","native":false},{"column":13,"file":"C:\\Users\\dmotta\\Documents\\01 DESARROLLO\\12 clone-linktree-back\\clone-linktree-back\\node_modules\\ts-node-dev\\lib\\hook.js","function":"Object.nodeDevHook [as .ts]","line":63,"method":"ts]","native":false},{"column":32,"file":"internal/modules/cjs/loader.js","function":"Module.load","line":950,"method":"load","native":false},{"column":12,"file":"internal/modules/cjs/loader.js","function":"Module._load","line":790,"method":"_load","native":false}]}
error: 2023-06-15T20:16:14.473Z uncaughtException: Cannot find module 'reflect-metadata'
Require stack:
- C:\Users\dmotta\Documents\01 DESARROLLO\12 clone-linktree-back\clone-linktree-back\node_modules\sequelize-typescript\dist\associations\shared\association-service.js
- C:\Users\dmotta\Documents\01 DESARROLLO\12 clone-linktree-back\clone-linktree-back\node_modules\sequelize-typescript\dist\associations\belongs-to\belongs-to.js
- C:\Users\dmotta\Documents\01 DESARROLLO\12 clone-linktree-back\clone-linktree-back\node_modules\sequelize-typescript\dist\index.js
- C:\Users\dmotta\Documents\01 DESARROLLO\12 clone-linktree-back\clone-linktree-back\src\models\user.model.ts
- C:\Users\dmotta\Documents\01 DESARROLLO\12 clone-linktree-back\clone-linktree-back\src\api\resources\users\users.controller.ts
- C:\Users\dmotta\Documents\01 DESARROLLO\12 clone-linktree-back\clone-linktree-back\src\api\libs\auth.ts
- C:\Users\dmotta\Documents\01 DESARROLLO\12 clone-linktree-back\clone-linktree-back\src\index.ts
Error: Cannot find module 'reflect-metadata'
Require stack:
- C:\Users\dmotta\Documents\01 DESARROLLO\12 clone-linktree-back\clone-linktree-back\node_modules\sequelize-typescript\dist\associations\shared\association-service.js
- C:\Users\dmotta\Documents\01 DESARROLLO\12 clone-linktree-back\clone-linktree-back\node_modules\sequelize-typescript\dist\associations\belongs-to\belongs-to.js
- C:\Users\dmotta\Documents\01 DESARROLLO\12 clone-linktree-back\clone-linktree-back\node_modules\sequelize-typescript\dist\index.js
- C:\Users\dmotta\Documents\01 DESARROLLO\12 clone-linktree-back\clone-linktree-back\src\models\user.model.ts
- C:\Users\dmotta\Documents\01 DESARROLLO\12 clone-linktree-back\clone-linktree-back\src\api\resources\users\users.controller.ts
- C:\Users\dmotta\Documents\01 DESARROLLO\12 clone-linktree-back\clone-linktree-back\src\api\libs\auth.ts
- C:\Users\dmotta\Documents\01 DESARROLLO\12 clone-linktree-back\clone-linktree-back\src\index.ts
    at Function.Module._resolveFilename (internal/modules/cjs/loader.js:902:15)
    at Function.Module._load (internal/modules/cjs/loader.js:746:27)
    at Module.require (internal/modules/cjs/loader.js:974:19)
    at require (internal/modules/cjs/helpers.js:93:18)
    at Object.<anonymous> (C:\Users\dmotta\Documents\01 DESARROLLO\12 clone-linktree-back\clone-linktree-back\node_modules\sequelize-typescript\dist\associations\shared\association-service.js:4:1)
    at Module._compile (internal/modules/cjs/loader.js:1085:14)
    at Module._compile (C:\Users\dmotta\Documents\01 DESARROLLO\12 clone-linktree-back\clone-linktree-back\node_modules\source-map-support\source-map-support.js:521:25)
    at Module._extensions..js (internal/modules/cjs/loader.js:1114:10)
    at require.extensions..jsx.require.extensions..js (C:\Users\dmotta\AppData\Local\Temp\ts-node-dev-hook-2302998637641731.js:114:20)
    at Object.nodeDevHook [as .js] (C:\Users\dmotta\Documents\01 DESARROLLO\12 clone-linktree-back\clone-linktree-back\node_modules\ts-node-dev\lib\hook.js:63:13) {"date":"Thu Jun 15 2023 17:16:14 GMT-0300 (hora estándar de Argentina)","error":{"code":"MODULE_NOT_FOUND","requireStack":["C:\\Users\\dmotta\\Documents\\01 DESARROLLO\\12 clone-linktree-back\\clone-linktree-back\\node_modules\\sequelize-typescript\\dist\\associations\\shared\\association-service.js","C:\\Users\\dmotta\\Documents\\01 DESARROLLO\\12 clone-linktree-back\\clone-linktree-back\\node_modules\\sequelize-typescript\\dist\\associations\\belongs-to\\belongs-to.js","C:\\Users\\dmotta\\Documents\\01 DESARROLLO\\12 clone-linktree-back\\clone-linktree-back\\node_modules\\sequelize-typescript\\dist\\index.js","C:\\Users\\dmotta\\Documents\\01 DESARROLLO\\12 clone-linktree-back\\clone-linktree-back\\src\\models\\user.model.ts","C:\\Users\\dmotta\\Documents\\01 DESARROLLO\\12 clone-linktree-back\\clone-linktree-back\\src\\api\\resources\\users\\users.controller.ts","C:\\Users\\dmotta\\Documents\\01 DESARROLLO\\12 clone-linktree-back\\clone-linktree-back\\src\\api\\libs\\auth.ts","C:\\Users\\dmotta\\Documents\\01 DESARROLLO\\12 clone-linktree-back\\clone-linktree-back\\src\\index.ts"]},"exception":true,"os":{"loadavg":[0,0,0],"uptime":25065},"process":{"argv":["C:\\Program Files\\nodejs\\node.exe","src/index.ts"],"cwd":"C:\\Users\\dmotta\\Documents\\01 DESARROLLO\\12 clone-linktree-back\\clone-linktree-back","execPath":"C:\\Program Files\\nodejs\\node.exe","gid":null,"memoryUsage":{"arrayBuffers":147689,"external":1618702,"heapTotal":28938240,"heapUsed":13934976,"rss":45674496},"pid":17508,"uid":null,"version":"v14.18.0"},"stack":"Error: Cannot find module 'reflect-metadata'\nRequire stack:\n- C:\\Users\\dmotta\\Documents\\01 DESARROLLO\\12 clone-linktree-back\\clone-linktree-back\\node_modules\\sequelize-typescript\\dist\\associations\\shared\\association-service.js\n- C:\\Users\\dmotta\\Documents\\01 DESARROLLO\\12 clone-linktree-back\\clone-linktree-back\\node_modules\\sequelize-typescript\\dist\\associations\\belongs-to\\belongs-to.js\n- C:\\Users\\dmotta\\Documents\\01 DESARROLLO\\12 clone-linktree-back\\clone-linktree-back\\node_modules\\sequelize-typescript\\dist\\index.js\n- C:\\Users\\dmotta\\Documents\\01 DESARROLLO\\12 clone-linktree-back\\clone-linktree-back\\src\\models\\user.model.ts\n- C:\\Users\\dmotta\\Documents\\01 DESARROLLO\\12 clone-linktree-back\\clone-linktree-back\\src\\api\\resources\\users\\users.controller.ts\n- C:\\Users\\dmotta\\Documents\\01 DESARROLLO\\12 clone-linktree-back\\clone-linktree-back\\src\\api\\libs\\auth.ts\n- C:\\Users\\dmotta\\Documents\\01 DESARROLLO\\12 clone-linktree-back\\clone-linktree-back\\src\\index.ts\n    at Function.Module._resolveFilename (internal/modules/cjs/loader.js:902:15)\n    at Function.Module._load (internal/modules/cjs/loader.js:746:27)\n    at Module.require (internal/modules/cjs/loader.js:974:19)\n    at require (internal/modules/cjs/helpers.js:93:18)\n    at Object.<anonymous> (C:\\Users\\dmotta\\Documents\\01 DESARROLLO\\12 clone-linktree-back\\clone-linktree-back\\node_modules\\sequelize-typescript\\dist\\associations\\shared\\association-service.js:4:1)\n    at Module._compile (internal/modules/cjs/loader.js:1085:14)\n    at Module._compile (C:\\Users\\dmotta\\Documents\\01 DESARROLLO\\12 clone-linktree-back\\clone-linktree-back\\node_modules\\source-map-support\\source-map-support.js:521:25)\n    at Module._extensions..js (internal/modules/cjs/loader.js:1114:10)\n    at require.extensions..jsx.require.extensions..js (C:\\Users\\dmotta\\AppData\\Local\\Temp\\ts-node-dev-hook-2302998637641731.js:114:20)\n    at Object.nodeDevHook [as .js] (C:\\Users\\dmotta\\Documents\\01 DESARROLLO\\12 clone-linktree-back\\clone-linktree-back\\node_modules\\ts-node-dev\\lib\\hook.js:63:13)","trace":[{"column":15,"file":"internal/modules/cjs/loader.js","function":"Module._resolveFilename","line":902,"method":"_resolveFilename","native":false},{"column":27,"file":"internal/modules/cjs/loader.js","function":"Module._load","line":746,"method":"_load","native":false},{"column":19,"file":"internal/modules/cjs/loader.js","function":"Module.require","line":974,"method":"require","native":false},{"column":18,"file":"internal/modules/cjs/helpers.js","function":"require","line":93,"method":null,"native":false},{"column":1,"file":"C:\\Users\\dmotta\\Documents\\01 DESARROLLO\\12 clone-linktree-back\\clone-linktree-back\\node_modules\\sequelize-typescript\\dist\\associations\\shared\\association-service.js","function":null,"line":4,"method":null,"native":false},{"column":14,"file":"internal/modules/cjs/loader.js","function":"Module._compile","line":1085,"method":"_compile","native":false},{"column":25,"file":"C:\\Users\\dmotta\\Documents\\01 DESARROLLO\\12 clone-linktree-back\\clone-linktree-back\\node_modules\\source-map-support\\source-map-support.js","function":"Module._compile","line":521,"method":"_compile","native":false},{"column":10,"file":"internal/modules/cjs/loader.js","function":"Module._extensions..js","line":1114,"method":".js","native":false},{"column":20,"file":"C:\\Users\\dmotta\\AppData\\Local\\Temp\\ts-node-dev-hook-2302998637641731.js","function":"require.extensions..jsx.require.extensions..js","line":114,"method":".js","native":false},{"column":13,"file":"C:\\Users\\dmotta\\Documents\\01 DESARROLLO\\12 clone-linktree-back\\clone-linktree-back\\node_modules\\ts-node-dev\\lib\\hook.js","function":"Object.nodeDevHook [as .js]","line":63,"method":"js]","native":false}]}
error: 2023-06-15T20:16:14.473Z uncaughtException: Cannot find module 'reflect-metadata'
Require stack:
- C:\Users\dmotta\Documents\01 DESARROLLO\12 clone-linktree-back\clone-linktree-back\node_modules\sequelize-typescript\dist\associations\shared\association-service.js
- C:\Users\dmotta\Documents\01 DESARROLLO\12 clone-linktree-back\clone-linktree-back\node_modules\sequelize-typescript\dist\associations\belongs-to\belongs-to.js
- C:\Users\dmotta\Documents\01 DESARROLLO\12 clone-linktree-back\clone-linktree-back\node_modules\sequelize-typescript\dist\index.js
- C:\Users\dmotta\Documents\01 DESARROLLO\12 clone-linktree-back\clone-linktree-back\src\models\user.model.ts
- C:\Users\dmotta\Documents\01 DESARROLLO\12 clone-linktree-back\clone-linktree-back\src\api\resources\users\users.controller.ts
- C:\Users\dmotta\Documents\01 DESARROLLO\12 clone-linktree-back\clone-linktree-back\src\api\libs\auth.ts
- C:\Users\dmotta\Documents\01 DESARROLLO\12 clone-linktree-back\clone-linktree-back\src\index.ts
Error: Cannot find module 'reflect-metadata'
Require stack:
- C:\Users\dmotta\Documents\01 DESARROLLO\12 clone-linktree-back\clone-linktree-back\node_modules\sequelize-typescript\dist\associations\shared\association-service.js
- C:\Users\dmotta\Documents\01 DESARROLLO\12 clone-linktree-back\clone-linktree-back\node_modules\sequelize-typescript\dist\associations\belongs-to\belongs-to.js
- C:\Users\dmotta\Documents\01 DESARROLLO\12 clone-linktree-back\clone-linktree-back\node_modules\sequelize-typescript\dist\index.js
- C:\Users\dmotta\Documents\01 DESARROLLO\12 clone-linktree-back\clone-linktree-back\src\models\user.model.ts
- C:\Users\dmotta\Documents\01 DESARROLLO\12 clone-linktree-back\clone-linktree-back\src\api\resources\users\users.controller.ts
- C:\Users\dmotta\Documents\01 DESARROLLO\12 clone-linktree-back\clone-linktree-back\src\api\libs\auth.ts
- C:\Users\dmotta\Documents\01 DESARROLLO\12 clone-linktree-back\clone-linktree-back\src\index.ts
    at Function.Module._resolveFilename (internal/modules/cjs/loader.js:902:15)
    at Function.Module._load (internal/modules/cjs/loader.js:746:27)
    at Module.require (internal/modules/cjs/loader.js:974:19)
    at require (internal/modules/cjs/helpers.js:93:18)
    at Object.<anonymous> (C:\Users\dmotta\Documents\01 DESARROLLO\12 clone-linktree-back\clone-linktree-back\node_modules\sequelize-typescript\dist\associations\shared\association-service.js:4:1)
    at Module._compile (internal/modules/cjs/loader.js:1085:14)
    at Module._compile (C:\Users\dmotta\Documents\01 DESARROLLO\12 clone-linktree-back\clone-linktree-back\node_modules\source-map-support\source-map-support.js:521:25)
    at Module._extensions..js (internal/modules/cjs/loader.js:1114:10)
    at require.extensions..jsx.require.extensions..js (C:\Users\dmotta\AppData\Local\Temp\ts-node-dev-hook-9629627515946237.js:114:20)
    at Object.nodeDevHook [as .js] (C:\Users\dmotta\Documents\01 DESARROLLO\12 clone-linktree-back\clone-linktree-back\node_modules\ts-node-dev\lib\hook.js:63:13) {"date":"Thu Jun 15 2023 17:16:14 GMT-0300 (hora estándar de Argentina)","error":{"code":"MODULE_NOT_FOUND","requireStack":["C:\\Users\\dmotta\\Documents\\01 DESARROLLO\\12 clone-linktree-back\\clone-linktree-back\\node_modules\\sequelize-typescript\\dist\\associations\\shared\\association-service.js","C:\\Users\\dmotta\\Documents\\01 DESARROLLO\\12 clone-linktree-back\\clone-linktree-back\\node_modules\\sequelize-typescript\\dist\\associations\\belongs-to\\belongs-to.js","C:\\Users\\dmotta\\Documents\\01 DESARROLLO\\12 clone-linktree-back\\clone-linktree-back\\node_modules\\sequelize-typescript\\dist\\index.js","C:\\Users\\dmotta\\Documents\\01 DESARROLLO\\12 clone-linktree-back\\clone-linktree-back\\src\\models\\user.model.ts","C:\\Users\\dmotta\\Documents\\01 DESARROLLO\\12 clone-linktree-back\\clone-linktree-back\\src\\api\\resources\\users\\users.controller.ts","C:\\Users\\dmotta\\Documents\\01 DESARROLLO\\12 clone-linktree-back\\clone-linktree-back\\src\\api\\libs\\auth.ts","C:\\Users\\dmotta\\Documents\\01 DESARROLLO\\12 clone-linktree-back\\clone-linktree-back\\src\\index.ts"]},"exception":true,"os":{"loadavg":[0,0,0],"uptime":25065},"process":{"argv":["C:\\Program Files\\nodejs\\node.exe","src/index.ts"],"cwd":"C:\\Users\\dmotta\\Documents\\01 DESARROLLO\\12 clone-linktree-back\\clone-linktree-back","execPath":"C:\\Program Files\\nodejs\\node.exe","gid":null,"memoryUsage":{"arrayBuffers":147689,"external":1618702,"heapTotal":29200384,"heapUsed":13970320,"rss":45912064},"pid":8264,"uid":null,"version":"v14.18.0"},"stack":"Error: Cannot find module 'reflect-metadata'\nRequire stack:\n- C:\\Users\\dmotta\\Documents\\01 DESARROLLO\\12 clone-linktree-back\\clone-linktree-back\\node_modules\\sequelize-typescript\\dist\\associations\\shared\\association-service.js\n- C:\\Users\\dmotta\\Documents\\01 DESARROLLO\\12 clone-linktree-back\\clone-linktree-back\\node_modules\\sequelize-typescript\\dist\\associations\\belongs-to\\belongs-to.js\n- C:\\Users\\dmotta\\Documents\\01 DESARROLLO\\12 clone-linktree-back\\clone-linktree-back\\node_modules\\sequelize-typescript\\dist\\index.js\n- C:\\Users\\dmotta\\Documents\\01 DESARROLLO\\12 clone-linktree-back\\clone-linktree-back\\src\\models\\user.model.ts\n- C:\\Users\\dmotta\\Documents\\01 DESARROLLO\\12 clone-linktree-back\\clone-linktree-back\\src\\api\\resources\\users\\users.controller.ts\n- C:\\Users\\dmotta\\Documents\\01 DESARROLLO\\12 clone-linktree-back\\clone-linktree-back\\src\\api\\libs\\auth.ts\n- C:\\Users\\dmotta\\Documents\\01 DESARROLLO\\12 clone-linktree-back\\clone-linktree-back\\src\\index.ts\n    at Function.Module._resolveFilename (internal/modules/cjs/loader.js:902:15)\n    at Function.Module._load (internal/modules/cjs/loader.js:746:27)\n    at Module.require (internal/modules/cjs/loader.js:974:19)\n    at require (internal/modules/cjs/helpers.js:93:18)\n    at Object.<anonymous> (C:\\Users\\dmotta\\Documents\\01 DESARROLLO\\12 clone-linktree-back\\clone-linktree-back\\node_modules\\sequelize-typescript\\dist\\associations\\shared\\association-service.js:4:1)\n    at Module._compile (internal/modules/cjs/loader.js:1085:14)\n    at Module._compile (C:\\Users\\dmotta\\Documents\\01 DESARROLLO\\12 clone-linktree-back\\clone-linktree-back\\node_modules\\source-map-support\\source-map-support.js:521:25)\n    at Module._extensions..js (internal/modules/cjs/loader.js:1114:10)\n    at require.extensions..jsx.require.extensions..js (C:\\Users\\dmotta\\AppData\\Local\\Temp\\ts-node-dev-hook-9629627515946237.js:114:20)\n    at Object.nodeDevHook [as .js] (C:\\Users\\dmotta\\Documents\\01 DESARROLLO\\12 clone-linktree-back\\clone-linktree-back\\node_modules\\ts-node-dev\\lib\\hook.js:63:13)","trace":[{"column":15,"file":"internal/modules/cjs/loader.js","function":"Module._resolveFilename","line":902,"method":"_resolveFilename","native":false},{"column":27,"file":"internal/modules/cjs/loader.js","function":"Module._load","line":746,"method":"_load","native":false},{"column":19,"file":"internal/modules/cjs/loader.js","function":"Module.require","line":974,"method":"require","native":false},{"column":18,"file":"internal/modules/cjs/helpers.js","function":"require","line":93,"method":null,"native":false},{"column":1,"file":"C:\\Users\\dmotta\\Documents\\01 DESARROLLO\\12 clone-linktree-back\\clone-linktree-back\\node_modules\\sequelize-typescript\\dist\\associations\\shared\\association-service.js","function":null,"line":4,"method":null,"native":false},{"column":14,"file":"internal/modules/cjs/loader.js","function":"Module._compile","line":1085,"method":"_compile","native":false},{"column":25,"file":"C:\\Users\\dmotta\\Documents\\01 DESARROLLO\\12 clone-linktree-back\\clone-linktree-back\\node_modules\\source-map-support\\source-map-support.js","function":"Module._compile","line":521,"method":"_compile","native":false},{"column":10,"file":"internal/modules/cjs/loader.js","function":"Module._extensions..js","line":1114,"method":".js","native":false},{"column":20,"file":"C:\\Users\\dmotta\\AppData\\Local\\Temp\\ts-node-dev-hook-9629627515946237.js","function":"require.extensions..jsx.require.extensions..js","line":114,"method":".js","native":false},{"column":13,"file":"C:\\Users\\dmotta\\Documents\\01 DESARROLLO\\12 clone-linktree-back\\clone-linktree-back\\node_modules\\ts-node-dev\\lib\\hook.js","function":"Object.nodeDevHook [as .js]","line":63,"method":"js]","native":false}]}
error: 2023-06-15T20:16:59.500Z uncaughtException: Cannot find module 'reflect-metadata'
Require stack:
- C:\Users\dmotta\Documents\01 DESARROLLO\12 clone-linktree-back\clone-linktree-back\node_modules\sequelize-typescript\dist\associations\shared\association-service.js
- C:\Users\dmotta\Documents\01 DESARROLLO\12 clone-linktree-back\clone-linktree-back\node_modules\sequelize-typescript\dist\associations\belongs-to\belongs-to.js
- C:\Users\dmotta\Documents\01 DESARROLLO\12 clone-linktree-back\clone-linktree-back\node_modules\sequelize-typescript\dist\index.js
- C:\Users\dmotta\Documents\01 DESARROLLO\12 clone-linktree-back\clone-linktree-back\src\models\user.model.ts
- C:\Users\dmotta\Documents\01 DESARROLLO\12 clone-linktree-back\clone-linktree-back\src\api\resources\users\users.controller.ts
- C:\Users\dmotta\Documents\01 DESARROLLO\12 clone-linktree-back\clone-linktree-back\src\api\libs\auth.ts
- C:\Users\dmotta\Documents\01 DESARROLLO\12 clone-linktree-back\clone-linktree-back\src\index.ts
Error: Cannot find module 'reflect-metadata'
Require stack:
- C:\Users\dmotta\Documents\01 DESARROLLO\12 clone-linktree-back\clone-linktree-back\node_modules\sequelize-typescript\dist\associations\shared\association-service.js
- C:\Users\dmotta\Documents\01 DESARROLLO\12 clone-linktree-back\clone-linktree-back\node_modules\sequelize-typescript\dist\associations\belongs-to\belongs-to.js
- C:\Users\dmotta\Documents\01 DESARROLLO\12 clone-linktree-back\clone-linktree-back\node_modules\sequelize-typescript\dist\index.js
- C:\Users\dmotta\Documents\01 DESARROLLO\12 clone-linktree-back\clone-linktree-back\src\models\user.model.ts
- C:\Users\dmotta\Documents\01 DESARROLLO\12 clone-linktree-back\clone-linktree-back\src\api\resources\users\users.controller.ts
- C:\Users\dmotta\Documents\01 DESARROLLO\12 clone-linktree-back\clone-linktree-back\src\api\libs\auth.ts
- C:\Users\dmotta\Documents\01 DESARROLLO\12 clone-linktree-back\clone-linktree-back\src\index.ts
    at Function.Module._resolveFilename (internal/modules/cjs/loader.js:902:15)
    at Function.Module._load (internal/modules/cjs/loader.js:746:27)
    at Module.require (internal/modules/cjs/loader.js:974:19)
    at require (internal/modules/cjs/helpers.js:93:18)
    at Object.<anonymous> (C:\Users\dmotta\Documents\01 DESARROLLO\12 clone-linktree-back\clone-linktree-back\node_modules\sequelize-typescript\dist\associations\shared\association-service.js:4:1)
    at Module._compile (internal/modules/cjs/loader.js:1085:14)
    at Module._compile (C:\Users\dmotta\Documents\01 DESARROLLO\12 clone-linktree-back\clone-linktree-back\node_modules\source-map-support\source-map-support.js:521:25)
    at Module._extensions..js (internal/modules/cjs/loader.js:1114:10)
    at require.extensions..jsx.require.extensions..js (C:\Users\dmotta\AppData\Local\Temp\ts-node-dev-hook-9629627515946237.js:114:20)
    at Object.nodeDevHook [as .js] (C:\Users\dmotta\Documents\01 DESARROLLO\12 clone-linktree-back\clone-linktree-back\node_modules\ts-node-dev\lib\hook.js:63:13) {"date":"Thu Jun 15 2023 17:16:59 GMT-0300 (hora estándar de Argentina)","error":{"code":"MODULE_NOT_FOUND","requireStack":["C:\\Users\\dmotta\\Documents\\01 DESARROLLO\\12 clone-linktree-back\\clone-linktree-back\\node_modules\\sequelize-typescript\\dist\\associations\\shared\\association-service.js","C:\\Users\\dmotta\\Documents\\01 DESARROLLO\\12 clone-linktree-back\\clone-linktree-back\\node_modules\\sequelize-typescript\\dist\\associations\\belongs-to\\belongs-to.js","C:\\Users\\dmotta\\Documents\\01 DESARROLLO\\12 clone-linktree-back\\clone-linktree-back\\node_modules\\sequelize-typescript\\dist\\index.js","C:\\Users\\dmotta\\Documents\\01 DESARROLLO\\12 clone-linktree-back\\clone-linktree-back\\src\\models\\user.model.ts","C:\\Users\\dmotta\\Documents\\01 DESARROLLO\\12 clone-linktree-back\\clone-linktree-back\\src\\api\\resources\\users\\users.controller.ts","C:\\Users\\dmotta\\Documents\\01 DESARROLLO\\12 clone-linktree-back\\clone-linktree-back\\src\\api\\libs\\auth.ts","C:\\Users\\dmotta\\Documents\\01 DESARROLLO\\12 clone-linktree-back\\clone-linktree-back\\src\\index.ts"]},"exception":true,"os":{"loadavg":[0,0,0],"uptime":25110},"process":{"argv":["C:\\Program Files\\nodejs\\node.exe","src/index.ts"],"cwd":"C:\\Users\\dmotta\\Documents\\01 DESARROLLO\\12 clone-linktree-back\\clone-linktree-back","execPath":"C:\\Program Files\\nodejs\\node.exe","gid":null,"memoryUsage":{"arrayBuffers":147590,"external":1618603,"heapTotal":28938240,"heapUsed":13940368,"rss":45690880},"pid":22572,"uid":null,"version":"v14.18.0"},"stack":"Error: Cannot find module 'reflect-metadata'\nRequire stack:\n- C:\\Users\\dmotta\\Documents\\01 DESARROLLO\\12 clone-linktree-back\\clone-linktree-back\\node_modules\\sequelize-typescript\\dist\\associations\\shared\\association-service.js\n- C:\\Users\\dmotta\\Documents\\01 DESARROLLO\\12 clone-linktree-back\\clone-linktree-back\\node_modules\\sequelize-typescript\\dist\\associations\\belongs-to\\belongs-to.js\n- C:\\Users\\dmotta\\Documents\\01 DESARROLLO\\12 clone-linktree-back\\clone-linktree-back\\node_modules\\sequelize-typescript\\dist\\index.js\n- C:\\Users\\dmotta\\Documents\\01 DESARROLLO\\12 clone-linktree-back\\clone-linktree-back\\src\\models\\user.model.ts\n- C:\\Users\\dmotta\\Documents\\01 DESARROLLO\\12 clone-linktree-back\\clone-linktree-back\\src\\api\\resources\\users\\users.controller.ts\n- C:\\Users\\dmotta\\Documents\\01 DESARROLLO\\12 clone-linktree-back\\clone-linktree-back\\src\\api\\libs\\auth.ts\n- C:\\Users\\dmotta\\Documents\\01 DESARROLLO\\12 clone-linktree-back\\clone-linktree-back\\src\\index.ts\n    at Function.Module._resolveFilename (internal/modules/cjs/loader.js:902:15)\n    at Function.Module._load (internal/modules/cjs/loader.js:746:27)\n    at Module.require (internal/modules/cjs/loader.js:974:19)\n    at require (internal/modules/cjs/helpers.js:93:18)\n    at Object.<anonymous> (C:\\Users\\dmotta\\Documents\\01 DESARROLLO\\12 clone-linktree-back\\clone-linktree-back\\node_modules\\sequelize-typescript\\dist\\associations\\shared\\association-service.js:4:1)\n    at Module._compile (internal/modules/cjs/loader.js:1085:14)\n    at Module._compile (C:\\Users\\dmotta\\Documents\\01 DESARROLLO\\12 clone-linktree-back\\clone-linktree-back\\node_modules\\source-map-support\\source-map-support.js:521:25)\n    at Module._extensions..js (internal/modules/cjs/loader.js:1114:10)\n    at require.extensions..jsx.require.extensions..js (C:\\Users\\dmotta\\AppData\\Local\\Temp\\ts-node-dev-hook-9629627515946237.js:114:20)\n    at Object.nodeDevHook [as .js] (C:\\Users\\dmotta\\Documents\\01 DESARROLLO\\12 clone-linktree-back\\clone-linktree-back\\node_modules\\ts-node-dev\\lib\\hook.js:63:13)","trace":[{"column":15,"file":"internal/modules/cjs/loader.js","function":"Module._resolveFilename","line":902,"method":"_resolveFilename","native":false},{"column":27,"file":"internal/modules/cjs/loader.js","function":"Module._load","line":746,"method":"_load","native":false},{"column":19,"file":"internal/modules/cjs/loader.js","function":"Module.require","line":974,"method":"require","native":false},{"column":18,"file":"internal/modules/cjs/helpers.js","function":"require","line":93,"method":null,"native":false},{"column":1,"file":"C:\\Users\\dmotta\\Documents\\01 DESARROLLO\\12 clone-linktree-back\\clone-linktree-back\\node_modules\\sequelize-typescript\\dist\\associations\\shared\\association-service.js","function":null,"line":4,"method":null,"native":false},{"column":14,"file":"internal/modules/cjs/loader.js","function":"Module._compile","line":1085,"method":"_compile","native":false},{"column":25,"file":"C:\\Users\\dmotta\\Documents\\01 DESARROLLO\\12 clone-linktree-back\\clone-linktree-back\\node_modules\\source-map-support\\source-map-support.js","function":"Module._compile","line":521,"method":"_compile","native":false},{"column":10,"file":"internal/modules/cjs/loader.js","function":"Module._extensions..js","line":1114,"method":".js","native":false},{"column":20,"file":"C:\\Users\\dmotta\\AppData\\Local\\Temp\\ts-node-dev-hook-9629627515946237.js","function":"require.extensions..jsx.require.extensions..js","line":114,"method":".js","native":false},{"column":13,"file":"C:\\Users\\dmotta\\Documents\\01 DESARROLLO\\12 clone-linktree-back\\clone-linktree-back\\node_modules\\ts-node-dev\\lib\\hook.js","function":"Object.nodeDevHook [as .js]","line":63,"method":"js]","native":false}]}
error: 2023-06-15T20:16:59.668Z uncaughtException: Cannot find module 'reflect-metadata'
Require stack:
- C:\Users\dmotta\Documents\01 DESARROLLO\12 clone-linktree-back\clone-linktree-back\node_modules\sequelize-typescript\dist\associations\shared\association-service.js
- C:\Users\dmotta\Documents\01 DESARROLLO\12 clone-linktree-back\clone-linktree-back\node_modules\sequelize-typescript\dist\associations\belongs-to\belongs-to.js
- C:\Users\dmotta\Documents\01 DESARROLLO\12 clone-linktree-back\clone-linktree-back\node_modules\sequelize-typescript\dist\index.js
- C:\Users\dmotta\Documents\01 DESARROLLO\12 clone-linktree-back\clone-linktree-back\src\models\user.model.ts
- C:\Users\dmotta\Documents\01 DESARROLLO\12 clone-linktree-back\clone-linktree-back\src\api\resources\users\users.controller.ts
- C:\Users\dmotta\Documents\01 DESARROLLO\12 clone-linktree-back\clone-linktree-back\src\api\libs\auth.ts
- C:\Users\dmotta\Documents\01 DESARROLLO\12 clone-linktree-back\clone-linktree-back\src\index.ts
Error: Cannot find module 'reflect-metadata'
Require stack:
- C:\Users\dmotta\Documents\01 DESARROLLO\12 clone-linktree-back\clone-linktree-back\node_modules\sequelize-typescript\dist\associations\shared\association-service.js
- C:\Users\dmotta\Documents\01 DESARROLLO\12 clone-linktree-back\clone-linktree-back\node_modules\sequelize-typescript\dist\associations\belongs-to\belongs-to.js
- C:\Users\dmotta\Documents\01 DESARROLLO\12 clone-linktree-back\clone-linktree-back\node_modules\sequelize-typescript\dist\index.js
- C:\Users\dmotta\Documents\01 DESARROLLO\12 clone-linktree-back\clone-linktree-back\src\models\user.model.ts
- C:\Users\dmotta\Documents\01 DESARROLLO\12 clone-linktree-back\clone-linktree-back\src\api\resources\users\users.controller.ts
- C:\Users\dmotta\Documents\01 DESARROLLO\12 clone-linktree-back\clone-linktree-back\src\api\libs\auth.ts
- C:\Users\dmotta\Documents\01 DESARROLLO\12 clone-linktree-back\clone-linktree-back\src\index.ts
    at Function.Module._resolveFilename (internal/modules/cjs/loader.js:902:15)
    at Function.Module._load (internal/modules/cjs/loader.js:746:27)
    at Module.require (internal/modules/cjs/loader.js:974:19)
    at require (internal/modules/cjs/helpers.js:93:18)
    at Object.<anonymous> (C:\Users\dmotta\Documents\01 DESARROLLO\12 clone-linktree-back\clone-linktree-back\node_modules\sequelize-typescript\dist\associations\shared\association-service.js:4:1)
    at Module._compile (internal/modules/cjs/loader.js:1085:14)
    at Module._compile (C:\Users\dmotta\Documents\01 DESARROLLO\12 clone-linktree-back\clone-linktree-back\node_modules\source-map-support\source-map-support.js:521:25)
    at Module._extensions..js (internal/modules/cjs/loader.js:1114:10)
    at require.extensions..jsx.require.extensions..js (C:\Users\dmotta\AppData\Local\Temp\ts-node-dev-hook-2302998637641731.js:114:20)
    at Object.nodeDevHook [as .js] (C:\Users\dmotta\Documents\01 DESARROLLO\12 clone-linktree-back\clone-linktree-back\node_modules\ts-node-dev\lib\hook.js:63:13) {"date":"Thu Jun 15 2023 17:16:59 GMT-0300 (hora estándar de Argentina)","error":{"code":"MODULE_NOT_FOUND","requireStack":["C:\\Users\\dmotta\\Documents\\01 DESARROLLO\\12 clone-linktree-back\\clone-linktree-back\\node_modules\\sequelize-typescript\\dist\\associations\\shared\\association-service.js","C:\\Users\\dmotta\\Documents\\01 DESARROLLO\\12 clone-linktree-back\\clone-linktree-back\\node_modules\\sequelize-typescript\\dist\\associations\\belongs-to\\belongs-to.js","C:\\Users\\dmotta\\Documents\\01 DESARROLLO\\12 clone-linktree-back\\clone-linktree-back\\node_modules\\sequelize-typescript\\dist\\index.js","C:\\Users\\dmotta\\Documents\\01 DESARROLLO\\12 clone-linktree-back\\clone-linktree-back\\src\\models\\user.model.ts","C:\\Users\\dmotta\\Documents\\01 DESARROLLO\\12 clone-linktree-back\\clone-linktree-back\\src\\api\\resources\\users\\users.controller.ts","C:\\Users\\dmotta\\Documents\\01 DESARROLLO\\12 clone-linktree-back\\clone-linktree-back\\src\\api\\libs\\auth.ts","C:\\Users\\dmotta\\Documents\\01 DESARROLLO\\12 clone-linktree-back\\clone-linktree-back\\src\\index.ts"]},"exception":true,"os":{"loadavg":[0,0,0],"uptime":25111},"process":{"argv":["C:\\Program Files\\nodejs\\node.exe","src/index.ts"],"cwd":"C:\\Users\\dmotta\\Documents\\01 DESARROLLO\\12 clone-linktree-back\\clone-linktree-back","execPath":"C:\\Program Files\\nodejs\\node.exe","gid":null,"memoryUsage":{"arrayBuffers":147590,"external":1618603,"heapTotal":28413952,"heapUsed":13948768,"rss":45649920},"pid":21028,"uid":null,"version":"v14.18.0"},"stack":"Error: Cannot find module 'reflect-metadata'\nRequire stack:\n- C:\\Users\\dmotta\\Documents\\01 DESARROLLO\\12 clone-linktree-back\\clone-linktree-back\\node_modules\\sequelize-typescript\\dist\\associations\\shared\\association-service.js\n- C:\\Users\\dmotta\\Documents\\01 DESARROLLO\\12 clone-linktree-back\\clone-linktree-back\\node_modules\\sequelize-typescript\\dist\\associations\\belongs-to\\belongs-to.js\n- C:\\Users\\dmotta\\Documents\\01 DESARROLLO\\12 clone-linktree-back\\clone-linktree-back\\node_modules\\sequelize-typescript\\dist\\index.js\n- C:\\Users\\dmotta\\Documents\\01 DESARROLLO\\12 clone-linktree-back\\clone-linktree-back\\src\\models\\user.model.ts\n- C:\\Users\\dmotta\\Documents\\01 DESARROLLO\\12 clone-linktree-back\\clone-linktree-back\\src\\api\\resources\\users\\users.controller.ts\n- C:\\Users\\dmotta\\Documents\\01 DESARROLLO\\12 clone-linktree-back\\clone-linktree-back\\src\\api\\libs\\auth.ts\n- C:\\Users\\dmotta\\Documents\\01 DESARROLLO\\12 clone-linktree-back\\clone-linktree-back\\src\\index.ts\n    at Function.Module._resolveFilename (internal/modules/cjs/loader.js:902:15)\n    at Function.Module._load (internal/modules/cjs/loader.js:746:27)\n    at Module.require (internal/modules/cjs/loader.js:974:19)\n    at require (internal/modules/cjs/helpers.js:93:18)\n    at Object.<anonymous> (C:\\Users\\dmotta\\Documents\\01 DESARROLLO\\12 clone-linktree-back\\clone-linktree-back\\node_modules\\sequelize-typescript\\dist\\associations\\shared\\association-service.js:4:1)\n    at Module._compile (internal/modules/cjs/loader.js:1085:14)\n    at Module._compile (C:\\Users\\dmotta\\Documents\\01 DESARROLLO\\12 clone-linktree-back\\clone-linktree-back\\node_modules\\source-map-support\\source-map-support.js:521:25)\n    at Module._extensions..js (internal/modules/cjs/loader.js:1114:10)\n    at require.extensions..jsx.require.extensions..js (C:\\Users\\dmotta\\AppData\\Local\\Temp\\ts-node-dev-hook-2302998637641731.js:114:20)\n    at Object.nodeDevHook [as .js] (C:\\Users\\dmotta\\Documents\\01 DESARROLLO\\12 clone-linktree-back\\clone-linktree-back\\node_modules\\ts-node-dev\\lib\\hook.js:63:13)","trace":[{"column":15,"file":"internal/modules/cjs/loader.js","function":"Module._resolveFilename","line":902,"method":"_resolveFilename","native":false},{"column":27,"file":"internal/modules/cjs/loader.js","function":"Module._load","line":746,"method":"_load","native":false},{"column":19,"file":"internal/modules/cjs/loader.js","function":"Module.require","line":974,"method":"require","native":false},{"column":18,"file":"internal/modules/cjs/helpers.js","function":"require","line":93,"method":null,"native":false},{"column":1,"file":"C:\\Users\\dmotta\\Documents\\01 DESARROLLO\\12 clone-linktree-back\\clone-linktree-back\\node_modules\\sequelize-typescript\\dist\\associations\\shared\\association-service.js","function":null,"line":4,"method":null,"native":false},{"column":14,"file":"internal/modules/cjs/loader.js","function":"Module._compile","line":1085,"method":"_compile","native":false},{"column":25,"file":"C:\\Users\\dmotta\\Documents\\01 DESARROLLO\\12 clone-linktree-back\\clone-linktree-back\\node_modules\\source-map-support\\source-map-support.js","function":"Module._compile","line":521,"method":"_compile","native":false},{"column":10,"file":"internal/modules/cjs/loader.js","function":"Module._extensions..js","line":1114,"method":".js","native":false},{"column":20,"file":"C:\\Users\\dmotta\\AppData\\Local\\Temp\\ts-node-dev-hook-2302998637641731.js","function":"require.extensions..jsx.require.extensions..js","line":114,"method":".js","native":false},{"column":13,"file":"C:\\Users\\dmotta\\Documents\\01 DESARROLLO\\12 clone-linktree-back\\clone-linktree-back\\node_modules\\ts-node-dev\\lib\\hook.js","function":"Object.nodeDevHook [as .js]","line":63,"method":"js]","native":false}]}
error: 2023-06-15T20:22:15.247Z uncaughtException: JwtStrategy requires a secret or key
TypeError: JwtStrategy requires a secret or key
    at new JwtStrategy (C:\Users\dmotta\Documents\01 DESARROLLO\12 clone-linktree-back\clone-linktree-back\node_modules\passport-jwt\lib\strategy.js:45:15)
    at Object.<anonymous> (C:\Users\dmotta\Documents\01 DESARROLLO\12 clone-linktree-back\clone-linktree-back\src\api\libs\auth.ts:13:21)
    at Module._compile (internal/modules/cjs/loader.js:1085:14)
    at Module._compile (C:\Users\dmotta\Documents\01 DESARROLLO\12 clone-linktree-back\clone-linktree-back\node_modules\source-map-support\source-map-support.js:521:25)
    at Module.m._compile (C:\Users\dmotta\AppData\Local\Temp\ts-node-dev-hook-40227850745459715.js:69:33)
    at Module._extensions..js (internal/modules/cjs/loader.js:1114:10)
    at require.extensions..jsx.require.extensions..js (C:\Users\dmotta\AppData\Local\Temp\ts-node-dev-hook-40227850745459715.js:114:20)
    at require.extensions.<computed> (C:\Users\dmotta\AppData\Local\Temp\ts-node-dev-hook-40227850745459715.js:71:20)
    at Object.nodeDevHook [as .ts] (C:\Users\dmotta\Documents\01 DESARROLLO\12 clone-linktree-back\clone-linktree-back\node_modules\ts-node-dev\lib\hook.js:63:13)
    at Module.load (internal/modules/cjs/loader.js:950:32) {"date":"Thu Jun 15 2023 17:22:15 GMT-0300 (hora estándar de Argentina)","error":{},"exception":true,"os":{"loadavg":[0,0,0],"uptime":25426},"process":{"argv":["C:\\Program Files\\nodejs\\node.exe","src/index.ts"],"cwd":"C:\\Users\\dmotta\\Documents\\01 DESARROLLO\\12 clone-linktree-back\\clone-linktree-back","execPath":"C:\\Program Files\\nodejs\\node.exe","gid":null,"memoryUsage":{"arrayBuffers":184710,"external":1619622,"heapTotal":51789824,"heapUsed":18578960,"rss":61407232},"pid":18880,"uid":null,"version":"v14.18.0"},"stack":"TypeError: JwtStrategy requires a secret or key\n    at new JwtStrategy (C:\\Users\\dmotta\\Documents\\01 DESARROLLO\\12 clone-linktree-back\\clone-linktree-back\\node_modules\\passport-jwt\\lib\\strategy.js:45:15)\n    at Object.<anonymous> (C:\\Users\\dmotta\\Documents\\01 DESARROLLO\\12 clone-linktree-back\\clone-linktree-back\\src\\api\\libs\\auth.ts:13:21)\n    at Module._compile (internal/modules/cjs/loader.js:1085:14)\n    at Module._compile (C:\\Users\\dmotta\\Documents\\01 DESARROLLO\\12 clone-linktree-back\\clone-linktree-back\\node_modules\\source-map-support\\source-map-support.js:521:25)\n    at Module.m._compile (C:\\Users\\dmotta\\AppData\\Local\\Temp\\ts-node-dev-hook-40227850745459715.js:69:33)\n    at Module._extensions..js (internal/modules/cjs/loader.js:1114:10)\n    at require.extensions..jsx.require.extensions..js (C:\\Users\\dmotta\\AppData\\Local\\Temp\\ts-node-dev-hook-40227850745459715.js:114:20)\n    at require.extensions.<computed> (C:\\Users\\dmotta\\AppData\\Local\\Temp\\ts-node-dev-hook-40227850745459715.js:71:20)\n    at Object.nodeDevHook [as .ts] (C:\\Users\\dmotta\\Documents\\01 DESARROLLO\\12 clone-linktree-back\\clone-linktree-back\\node_modules\\ts-node-dev\\lib\\hook.js:63:13)\n    at Module.load (internal/modules/cjs/loader.js:950:32)","trace":[{"column":15,"file":"C:\\Users\\dmotta\\Documents\\01 DESARROLLO\\12 clone-linktree-back\\clone-linktree-back\\node_modules\\passport-jwt\\lib\\strategy.js","function":"new JwtStrategy","line":45,"method":null,"native":false},{"column":21,"file":"C:\\Users\\dmotta\\Documents\\01 DESARROLLO\\12 clone-linktree-back\\clone-linktree-back\\src\\api\\libs\\auth.ts","function":null,"line":13,"method":null,"native":false},{"column":14,"file":"internal/modules/cjs/loader.js","function":"Module._compile","line":1085,"method":"_compile","native":false},{"column":25,"file":"C:\\Users\\dmotta\\Documents\\01 DESARROLLO\\12 clone-linktree-back\\clone-linktree-back\\node_modules\\source-map-support\\source-map-support.js","function":"Module._compile","line":521,"method":"_compile","native":false},{"column":33,"file":"C:\\Users\\dmotta\\AppData\\Local\\Temp\\ts-node-dev-hook-40227850745459715.js","function":"Module.m._compile","line":69,"method":"_compile","native":false},{"column":10,"file":"internal/modules/cjs/loader.js","function":"Module._extensions..js","line":1114,"method":".js","native":false},{"column":20,"file":"C:\\Users\\dmotta\\AppData\\Local\\Temp\\ts-node-dev-hook-40227850745459715.js","function":"require.extensions..jsx.require.extensions..js","line":114,"method":".js","native":false},{"column":20,"file":"C:\\Users\\dmotta\\AppData\\Local\\Temp\\ts-node-dev-hook-40227850745459715.js","function":"require.extensions.<computed>","line":71,"method":"<computed>","native":false},{"column":13,"file":"C:\\Users\\dmotta\\Documents\\01 DESARROLLO\\12 clone-linktree-back\\clone-linktree-back\\node_modules\\ts-node-dev\\lib\\hook.js","function":"Object.nodeDevHook [as .ts]","line":63,"method":"ts]","native":false},{"column":32,"file":"internal/modules/cjs/loader.js","function":"Module.load","line":950,"method":"load","native":false}]}
error: 2023-06-15T20:25:27.485Z uncaughtException: ⨯ Unable to compile TypeScript:
src/models/user.model.ts(70,20): error TS6133: 'models' is declared but its value is never read.

Error: ⨯ Unable to compile TypeScript:
src/models/user.model.ts(70,20): error TS6133: 'models' is declared but its value is never read.

    at Object.<anonymous> (C:\Users\dmotta\Documents\01 DESARROLLO\12 clone-linktree-back\clone-linktree-back\src\models\user.model.ts:1:7)
    at Module._compile (internal/modules/cjs/loader.js:1085:14)
    at Module._compile (C:\Users\dmotta\Documents\01 DESARROLLO\12 clone-linktree-back\clone-linktree-back\node_modules\source-map-support\source-map-support.js:521:25)
    at Module.m._compile (C:\Users\dmotta\AppData\Local\Temp\ts-node-dev-hook-9021556638071175.js:69:33)
    at Module._extensions..js (internal/modules/cjs/loader.js:1114:10)
    at require.extensions..jsx.require.extensions..js (C:\Users\dmotta\AppData\Local\Temp\ts-node-dev-hook-9021556638071175.js:114:20)
    at require.extensions.<computed> (C:\Users\dmotta\AppData\Local\Temp\ts-node-dev-hook-9021556638071175.js:71:20)
    at Object.nodeDevHook [as .ts] (C:\Users\dmotta\Documents\01 DESARROLLO\12 clone-linktree-back\clone-linktree-back\node_modules\ts-node-dev\lib\hook.js:63:13)
    at Module.load (internal/modules/cjs/loader.js:950:32)
    at Function.Module._load (internal/modules/cjs/loader.js:790:12) {"date":"Thu Jun 15 2023 17:25:27 GMT-0300 (hora estándar de Argentina)","error":{},"exception":true,"os":{"loadavg":[0,0,0],"uptime":25618},"process":{"argv":["C:\\Program Files\\nodejs\\node.exe","src/index.ts"],"cwd":"C:\\Users\\dmotta\\Documents\\01 DESARROLLO\\12 clone-linktree-back\\clone-linktree-back","execPath":"C:\\Program Files\\nodejs\\node.exe","gid":null,"memoryUsage":{"arrayBuffers":101400,"external":1550729,"heapTotal":29327360,"heapUsed":11264264,"rss":54505472},"pid":15452,"uid":null,"version":"v14.18.0"},"stack":"Error: ⨯ Unable to compile TypeScript:\nsrc/models/user.model.ts(70,20): error TS6133: 'models' is declared but its value is never read.\r\n\n    at Object.<anonymous> (C:\\Users\\dmotta\\Documents\\01 DESARROLLO\\12 clone-linktree-back\\clone-linktree-back\\src\\models\\user.model.ts:1:7)\n    at Module._compile (internal/modules/cjs/loader.js:1085:14)\n    at Module._compile (C:\\Users\\dmotta\\Documents\\01 DESARROLLO\\12 clone-linktree-back\\clone-linktree-back\\node_modules\\source-map-support\\source-map-support.js:521:25)\n    at Module.m._compile (C:\\Users\\dmotta\\AppData\\Local\\Temp\\ts-node-dev-hook-9021556638071175.js:69:33)\n    at Module._extensions..js (internal/modules/cjs/loader.js:1114:10)\n    at require.extensions..jsx.require.extensions..js (C:\\Users\\dmotta\\AppData\\Local\\Temp\\ts-node-dev-hook-9021556638071175.js:114:20)\n    at require.extensions.<computed> (C:\\Users\\dmotta\\AppData\\Local\\Temp\\ts-node-dev-hook-9021556638071175.js:71:20)\n    at Object.nodeDevHook [as .ts] (C:\\Users\\dmotta\\Documents\\01 DESARROLLO\\12 clone-linktree-back\\clone-linktree-back\\node_modules\\ts-node-dev\\lib\\hook.js:63:13)\n    at Module.load (internal/modules/cjs/loader.js:950:32)\n    at Function.Module._load (internal/modules/cjs/loader.js:790:12)","trace":[{"column":7,"file":"C:\\Users\\dmotta\\Documents\\01 DESARROLLO\\12 clone-linktree-back\\clone-linktree-back\\src\\models\\user.model.ts","function":null,"line":1,"method":null,"native":false},{"column":14,"file":"internal/modules/cjs/loader.js","function":"Module._compile","line":1085,"method":"_compile","native":false},{"column":25,"file":"C:\\Users\\dmotta\\Documents\\01 DESARROLLO\\12 clone-linktree-back\\clone-linktree-back\\node_modules\\source-map-support\\source-map-support.js","function":"Module._compile","line":521,"method":"_compile","native":false},{"column":33,"file":"C:\\Users\\dmotta\\AppData\\Local\\Temp\\ts-node-dev-hook-9021556638071175.js","function":"Module.m._compile","line":69,"method":"_compile","native":false},{"column":10,"file":"internal/modules/cjs/loader.js","function":"Module._extensions..js","line":1114,"method":".js","native":false},{"column":20,"file":"C:\\Users\\dmotta\\AppData\\Local\\Temp\\ts-node-dev-hook-9021556638071175.js","function":"require.extensions..jsx.require.extensions..js","line":114,"method":".js","native":false},{"column":20,"file":"C:\\Users\\dmotta\\AppData\\Local\\Temp\\ts-node-dev-hook-9021556638071175.js","function":"require.extensions.<computed>","line":71,"method":"<computed>","native":false},{"column":13,"file":"C:\\Users\\dmotta\\Documents\\01 DESARROLLO\\12 clone-linktree-back\\clone-linktree-back\\node_modules\\ts-node-dev\\lib\\hook.js","function":"Object.nodeDevHook [as .ts]","line":63,"method":"ts]","native":false},{"column":32,"file":"internal/modules/cjs/loader.js","function":"Module.load","line":950,"method":"load","native":false},{"column":12,"file":"internal/modules/cjs/loader.js","function":"Module._load","line":790,"method":"_load","native":false}]}
error: 2023-06-15T20:26:06.055Z uncaughtException: JwtStrategy requires a secret or key
TypeError: JwtStrategy requires a secret or key
    at new JwtStrategy (C:\Users\dmotta\Documents\01 DESARROLLO\12 clone-linktree-back\clone-linktree-back\node_modules\passport-jwt\lib\strategy.js:45:15)
    at Object.<anonymous> (C:\Users\dmotta\Documents\01 DESARROLLO\12 clone-linktree-back\clone-linktree-back\src\api\libs\auth.ts:14:21)
    at Module._compile (internal/modules/cjs/loader.js:1085:14)
    at Module._compile (C:\Users\dmotta\Documents\01 DESARROLLO\12 clone-linktree-back\clone-linktree-back\node_modules\source-map-support\source-map-support.js:521:25)
    at Module.m._compile (C:\Users\dmotta\AppData\Local\Temp\ts-node-dev-hook-9021556638071175.js:69:33)
    at Module._extensions..js (internal/modules/cjs/loader.js:1114:10)
    at require.extensions..jsx.require.extensions..js (C:\Users\dmotta\AppData\Local\Temp\ts-node-dev-hook-9021556638071175.js:114:20)
    at require.extensions.<computed> (C:\Users\dmotta\AppData\Local\Temp\ts-node-dev-hook-9021556638071175.js:71:20)
    at Object.nodeDevHook [as .ts] (C:\Users\dmotta\Documents\01 DESARROLLO\12 clone-linktree-back\clone-linktree-back\node_modules\ts-node-dev\lib\hook.js:63:13)
    at Module.load (internal/modules/cjs/loader.js:950:32) {"date":"Thu Jun 15 2023 17:26:05 GMT-0300 (hora estándar de Argentina)","error":{},"exception":true,"os":{"loadavg":[0,0,0],"uptime":25657},"process":{"argv":["C:\\Program Files\\nodejs\\node.exe","src/index.ts"],"cwd":"C:\\Users\\dmotta\\Documents\\01 DESARROLLO\\12 clone-linktree-back\\clone-linktree-back","execPath":"C:\\Program Files\\nodejs\\node.exe","gid":null,"memoryUsage":{"arrayBuffers":380972,"external":1815884,"heapTotal":32391168,"heapUsed":21880392,"rss":59117568},"pid":17776,"uid":null,"version":"v14.18.0"},"stack":"TypeError: JwtStrategy requires a secret or key\n    at new JwtStrategy (C:\\Users\\dmotta\\Documents\\01 DESARROLLO\\12 clone-linktree-back\\clone-linktree-back\\node_modules\\passport-jwt\\lib\\strategy.js:45:15)\n    at Object.<anonymous> (C:\\Users\\dmotta\\Documents\\01 DESARROLLO\\12 clone-linktree-back\\clone-linktree-back\\src\\api\\libs\\auth.ts:14:21)\n    at Module._compile (internal/modules/cjs/loader.js:1085:14)\n    at Module._compile (C:\\Users\\dmotta\\Documents\\01 DESARROLLO\\12 clone-linktree-back\\clone-linktree-back\\node_modules\\source-map-support\\source-map-support.js:521:25)\n    at Module.m._compile (C:\\Users\\dmotta\\AppData\\Local\\Temp\\ts-node-dev-hook-9021556638071175.js:69:33)\n    at Module._extensions..js (internal/modules/cjs/loader.js:1114:10)\n    at require.extensions..jsx.require.extensions..js (C:\\Users\\dmotta\\AppData\\Local\\Temp\\ts-node-dev-hook-9021556638071175.js:114:20)\n    at require.extensions.<computed> (C:\\Users\\dmotta\\AppData\\Local\\Temp\\ts-node-dev-hook-9021556638071175.js:71:20)\n    at Object.nodeDevHook [as .ts] (C:\\Users\\dmotta\\Documents\\01 DESARROLLO\\12 clone-linktree-back\\clone-linktree-back\\node_modules\\ts-node-dev\\lib\\hook.js:63:13)\n    at Module.load (internal/modules/cjs/loader.js:950:32)","trace":[{"column":15,"file":"C:\\Users\\dmotta\\Documents\\01 DESARROLLO\\12 clone-linktree-back\\clone-linktree-back\\node_modules\\passport-jwt\\lib\\strategy.js","function":"new JwtStrategy","line":45,"method":null,"native":false},{"column":21,"file":"C:\\Users\\dmotta\\Documents\\01 DESARROLLO\\12 clone-linktree-back\\clone-linktree-back\\src\\api\\libs\\auth.ts","function":null,"line":14,"method":null,"native":false},{"column":14,"file":"internal/modules/cjs/loader.js","function":"Module._compile","line":1085,"method":"_compile","native":false},{"column":25,"file":"C:\\Users\\dmotta\\Documents\\01 DESARROLLO\\12 clone-linktree-back\\clone-linktree-back\\node_modules\\source-map-support\\source-map-support.js","function":"Module._compile","line":521,"method":"_compile","native":false},{"column":33,"file":"C:\\Users\\dmotta\\AppData\\Local\\Temp\\ts-node-dev-hook-9021556638071175.js","function":"Module.m._compile","line":69,"method":"_compile","native":false},{"column":10,"file":"internal/modules/cjs/loader.js","function":"Module._extensions..js","line":1114,"method":".js","native":false},{"column":20,"file":"C:\\Users\\dmotta\\AppData\\Local\\Temp\\ts-node-dev-hook-9021556638071175.js","function":"require.extensions..jsx.require.extensions..js","line":114,"method":".js","native":false},{"column":20,"file":"C:\\Users\\dmotta\\AppData\\Local\\Temp\\ts-node-dev-hook-9021556638071175.js","function":"require.extensions.<computed>","line":71,"method":"<computed>","native":false},{"column":13,"file":"C:\\Users\\dmotta\\Documents\\01 DESARROLLO\\12 clone-linktree-back\\clone-linktree-back\\node_modules\\ts-node-dev\\lib\\hook.js","function":"Object.nodeDevHook [as .ts]","line":63,"method":"ts]","native":false},{"column":32,"file":"internal/modules/cjs/loader.js","function":"Module.load","line":950,"method":"load","native":false}]}
error: 2023-06-15T20:30:09.750Z uncaughtException: ⨯ Unable to compile TypeScript:
src/api/libs/errorHandler.ts(2,1): error TS6133: 'log' is declared but its value is never read.
src/api/libs/errorHandler.ts(12,3): error TS6133: 'req' is declared but its value is never read.
src/api/libs/errorHandler.ts(14,3): error TS6133: 'next' is declared but its value is never read.
src/api/libs/errorHandler.ts(22,3): error TS6133: 'req' is declared but its value is never read.
src/api/libs/errorHandler.ts(24,3): error TS6133: 'next' is declared but its value is never read.

Error: ⨯ Unable to compile TypeScript:
src/api/libs/errorHandler.ts(2,1): error TS6133: 'log' is declared but its value is never read.
src/api/libs/errorHandler.ts(12,3): error TS6133: 'req' is declared but its value is never read.
src/api/libs/errorHandler.ts(14,3): error TS6133: 'next' is declared but its value is never read.
src/api/libs/errorHandler.ts(22,3): error TS6133: 'req' is declared but its value is never read.
src/api/libs/errorHandler.ts(24,3): error TS6133: 'next' is declared but its value is never read.

    at Object.<anonymous> (C:\Users\dmotta\Documents\01 DESARROLLO\12 clone-linktree-back\clone-linktree-back\src\api\libs\errorHandler.ts:1:7)
    at Module._compile (internal/modules/cjs/loader.js:1085:14)
    at Module._compile (C:\Users\dmotta\Documents\01 DESARROLLO\12 clone-linktree-back\clone-linktree-back\node_modules\source-map-support\source-map-support.js:521:25)
    at Module.m._compile (C:\Users\dmotta\AppData\Local\Temp\ts-node-dev-hook-5170873867409986.js:69:33)
    at Module._extensions..js (internal/modules/cjs/loader.js:1114:10)
    at require.extensions..jsx.require.extensions..js (C:\Users\dmotta\AppData\Local\Temp\ts-node-dev-hook-5170873867409986.js:114:20)
    at require.extensions.<computed> (C:\Users\dmotta\AppData\Local\Temp\ts-node-dev-hook-5170873867409986.js:71:20)
    at Object.nodeDevHook [as .ts] (C:\Users\dmotta\Documents\01 DESARROLLO\12 clone-linktree-back\clone-linktree-back\node_modules\ts-node-dev\lib\hook.js:63:13)
    at Module.load (internal/modules/cjs/loader.js:950:32)
    at Function.Module._load (internal/modules/cjs/loader.js:790:12) {"date":"Thu Jun 15 2023 17:30:09 GMT-0300 (hora estándar de Argentina)","error":{},"exception":true,"os":{"loadavg":[0,0,0],"uptime":25901},"process":{"argv":["C:\\Program Files\\nodejs\\node.exe","src/index.ts"],"cwd":"C:\\Users\\dmotta\\Documents\\01 DESARROLLO\\12 clone-linktree-back\\clone-linktree-back","execPath":"C:\\Program Files\\nodejs\\node.exe","gid":null,"memoryUsage":{"arrayBuffers":344804,"external":1777052,"heapTotal":33964032,"heapUsed":22951136,"rss":60387328},"pid":5304,"uid":null,"version":"v14.18.0"},"stack":"Error: ⨯ Unable to compile TypeScript:\nsrc/api/libs/errorHandler.ts(2,1): error TS6133: 'log' is declared but its value is never read.\r\nsrc/api/libs/errorHandler.ts(12,3): error TS6133: 'req' is declared but its value is never read.\r\nsrc/api/libs/errorHandler.ts(14,3): error TS6133: 'next' is declared but its value is never read.\r\nsrc/api/libs/errorHandler.ts(22,3): error TS6133: 'req' is declared but its value is never read.\r\nsrc/api/libs/errorHandler.ts(24,3): error TS6133: 'next' is declared but its value is never read.\r\n\n    at Object.<anonymous> (C:\\Users\\dmotta\\Documents\\01 DESARROLLO\\12 clone-linktree-back\\clone-linktree-back\\src\\api\\libs\\errorHandler.ts:1:7)\n    at Module._compile (internal/modules/cjs/loader.js:1085:14)\n    at Module._compile (C:\\Users\\dmotta\\Documents\\01 DESARROLLO\\12 clone-linktree-back\\clone-linktree-back\\node_modules\\source-map-support\\source-map-support.js:521:25)\n    at Module.m._compile (C:\\Users\\dmotta\\AppData\\Local\\Temp\\ts-node-dev-hook-5170873867409986.js:69:33)\n    at Module._extensions..js (internal/modules/cjs/loader.js:1114:10)\n    at require.extensions..jsx.require.extensions..js (C:\\Users\\dmotta\\AppData\\Local\\Temp\\ts-node-dev-hook-5170873867409986.js:114:20)\n    at require.extensions.<computed> (C:\\Users\\dmotta\\AppData\\Local\\Temp\\ts-node-dev-hook-5170873867409986.js:71:20)\n    at Object.nodeDevHook [as .ts] (C:\\Users\\dmotta\\Documents\\01 DESARROLLO\\12 clone-linktree-back\\clone-linktree-back\\node_modules\\ts-node-dev\\lib\\hook.js:63:13)\n    at Module.load (internal/modules/cjs/loader.js:950:32)\n    at Function.Module._load (internal/modules/cjs/loader.js:790:12)","trace":[{"column":7,"file":"C:\\Users\\dmotta\\Documents\\01 DESARROLLO\\12 clone-linktree-back\\clone-linktree-back\\src\\api\\libs\\errorHandler.ts","function":null,"line":1,"method":null,"native":false},{"column":14,"file":"internal/modules/cjs/loader.js","function":"Module._compile","line":1085,"method":"_compile","native":false},{"column":25,"file":"C:\\Users\\dmotta\\Documents\\01 DESARROLLO\\12 clone-linktree-back\\clone-linktree-back\\node_modules\\source-map-support\\source-map-support.js","function":"Module._compile","line":521,"method":"_compile","native":false},{"column":33,"file":"C:\\Users\\dmotta\\AppData\\Local\\Temp\\ts-node-dev-hook-5170873867409986.js","function":"Module.m._compile","line":69,"method":"_compile","native":false},{"column":10,"file":"internal/modules/cjs/loader.js","function":"Module._extensions..js","line":1114,"method":".js","native":false},{"column":20,"file":"C:\\Users\\dmotta\\AppData\\Local\\Temp\\ts-node-dev-hook-5170873867409986.js","function":"require.extensions..jsx.require.extensions..js","line":114,"method":".js","native":false},{"column":20,"file":"C:\\Users\\dmotta\\AppData\\Local\\Temp\\ts-node-dev-hook-5170873867409986.js","function":"require.extensions.<computed>","line":71,"method":"<computed>","native":false},{"column":13,"file":"C:\\Users\\dmotta\\Documents\\01 DESARROLLO\\12 clone-linktree-back\\clone-linktree-back\\node_modules\\ts-node-dev\\lib\\hook.js","function":"Object.nodeDevHook [as .ts]","line":63,"method":"ts]","native":false},{"column":32,"file":"internal/modules/cjs/loader.js","function":"Module.load","line":950,"method":"load","native":false},{"column":12,"file":"internal/modules/cjs/loader.js","function":"Module._load","line":790,"method":"_load","native":false}]}
error: 2023-06-15T20:30:55.703Z uncaughtException: ⨯ Unable to compile TypeScript:
src/api/libs/errorHandler.ts(11,3): error TS6133: 'req' is declared but its value is never read.
src/api/libs/errorHandler.ts(13,3): error TS6133: 'next' is declared but its value is never read.
src/api/libs/errorHandler.ts(21,3): error TS6133: 'req' is declared but its value is never read.
src/api/libs/errorHandler.ts(23,3): error TS6133: 'next' is declared but its value is never read.

Error: ⨯ Unable to compile TypeScript:
src/api/libs/errorHandler.ts(11,3): error TS6133: 'req' is declared but its value is never read.
src/api/libs/errorHandler.ts(13,3): error TS6133: 'next' is declared but its value is never read.
src/api/libs/errorHandler.ts(21,3): error TS6133: 'req' is declared but its value is never read.
src/api/libs/errorHandler.ts(23,3): error TS6133: 'next' is declared but its value is never read.

    at Object.<anonymous> (C:\Users\dmotta\Documents\01 DESARROLLO\12 clone-linktree-back\clone-linktree-back\src\api\libs\errorHandler.ts:1:7)
    at Module._compile (internal/modules/cjs/loader.js:1085:14)
    at Module._compile (C:\Users\dmotta\Documents\01 DESARROLLO\12 clone-linktree-back\clone-linktree-back\node_modules\source-map-support\source-map-support.js:521:25)
    at Module.m._compile (C:\Users\dmotta\AppData\Local\Temp\ts-node-dev-hook-5170873867409986.js:69:33)
    at Module._extensions..js (internal/modules/cjs/loader.js:1114:10)
    at require.extensions..jsx.require.extensions..js (C:\Users\dmotta\AppData\Local\Temp\ts-node-dev-hook-5170873867409986.js:114:20)
    at require.extensions.<computed> (C:\Users\dmotta\AppData\Local\Temp\ts-node-dev-hook-5170873867409986.js:71:20)
    at Object.nodeDevHook [as .ts] (C:\Users\dmotta\Documents\01 DESARROLLO\12 clone-linktree-back\clone-linktree-back\node_modules\ts-node-dev\lib\hook.js:63:13)
    at Module.load (internal/modules/cjs/loader.js:950:32)
    at Function.Module._load (internal/modules/cjs/loader.js:790:12) {"date":"Thu Jun 15 2023 17:30:55 GMT-0300 (hora estándar de Argentina)","error":{},"exception":true,"os":{"loadavg":[0,0,0],"uptime":25947},"process":{"argv":["C:\\Program Files\\nodejs\\node.exe","src/index.ts"],"cwd":"C:\\Users\\dmotta\\Documents\\01 DESARROLLO\\12 clone-linktree-back\\clone-linktree-back","execPath":"C:\\Program Files\\nodejs\\node.exe","gid":null,"memoryUsage":{"arrayBuffers":361089,"external":1793436,"heapTotal":31862784,"heapUsed":21750680,"rss":58994688},"pid":20404,"uid":null,"version":"v14.18.0"},"stack":"Error: ⨯ Unable to compile TypeScript:\nsrc/api/libs/errorHandler.ts(11,3): error TS6133: 'req' is declared but its value is never read.\r\nsrc/api/libs/errorHandler.ts(13,3): error TS6133: 'next' is declared but its value is never read.\r\nsrc/api/libs/errorHandler.ts(21,3): error TS6133: 'req' is declared but its value is never read.\r\nsrc/api/libs/errorHandler.ts(23,3): error TS6133: 'next' is declared but its value is never read.\r\n\n    at Object.<anonymous> (C:\\Users\\dmotta\\Documents\\01 DESARROLLO\\12 clone-linktree-back\\clone-linktree-back\\src\\api\\libs\\errorHandler.ts:1:7)\n    at Module._compile (internal/modules/cjs/loader.js:1085:14)\n    at Module._compile (C:\\Users\\dmotta\\Documents\\01 DESARROLLO\\12 clone-linktree-back\\clone-linktree-back\\node_modules\\source-map-support\\source-map-support.js:521:25)\n    at Module.m._compile (C:\\Users\\dmotta\\AppData\\Local\\Temp\\ts-node-dev-hook-5170873867409986.js:69:33)\n    at Module._extensions..js (internal/modules/cjs/loader.js:1114:10)\n    at require.extensions..jsx.require.extensions..js (C:\\Users\\dmotta\\AppData\\Local\\Temp\\ts-node-dev-hook-5170873867409986.js:114:20)\n    at require.extensions.<computed> (C:\\Users\\dmotta\\AppData\\Local\\Temp\\ts-node-dev-hook-5170873867409986.js:71:20)\n    at Object.nodeDevHook [as .ts] (C:\\Users\\dmotta\\Documents\\01 DESARROLLO\\12 clone-linktree-back\\clone-linktree-back\\node_modules\\ts-node-dev\\lib\\hook.js:63:13)\n    at Module.load (internal/modules/cjs/loader.js:950:32)\n    at Function.Module._load (internal/modules/cjs/loader.js:790:12)","trace":[{"column":7,"file":"C:\\Users\\dmotta\\Documents\\01 DESARROLLO\\12 clone-linktree-back\\clone-linktree-back\\src\\api\\libs\\errorHandler.ts","function":null,"line":1,"method":null,"native":false},{"column":14,"file":"internal/modules/cjs/loader.js","function":"Module._compile","line":1085,"method":"_compile","native":false},{"column":25,"file":"C:\\Users\\dmotta\\Documents\\01 DESARROLLO\\12 clone-linktree-back\\clone-linktree-back\\node_modules\\source-map-support\\source-map-support.js","function":"Module._compile","line":521,"method":"_compile","native":false},{"column":33,"file":"C:\\Users\\dmotta\\AppData\\Local\\Temp\\ts-node-dev-hook-5170873867409986.js","function":"Module.m._compile","line":69,"method":"_compile","native":false},{"column":10,"file":"internal/modules/cjs/loader.js","function":"Module._extensions..js","line":1114,"method":".js","native":false},{"column":20,"file":"C:\\Users\\dmotta\\AppData\\Local\\Temp\\ts-node-dev-hook-5170873867409986.js","function":"require.extensions..jsx.require.extensions..js","line":114,"method":".js","native":false},{"column":20,"file":"C:\\Users\\dmotta\\AppData\\Local\\Temp\\ts-node-dev-hook-5170873867409986.js","function":"require.extensions.<computed>","line":71,"method":"<computed>","native":false},{"column":13,"file":"C:\\Users\\dmotta\\Documents\\01 DESARROLLO\\12 clone-linktree-back\\clone-linktree-back\\node_modules\\ts-node-dev\\lib\\hook.js","function":"Object.nodeDevHook [as .ts]","line":63,"method":"ts]","native":false},{"column":32,"file":"internal/modules/cjs/loader.js","function":"Module.load","line":950,"method":"load","native":false},{"column":12,"file":"internal/modules/cjs/loader.js","function":"Module._load","line":790,"method":"_load","native":false}]}
error: 2023-06-15T20:39:41.307Z uncaughtException: ⨯ Unable to compile TypeScript:
src/api/resources/users/users.route.ts(25,120): error TS2339: Property 'user' does not exist on type 'User'.
src/api/resources/users/users.route.ts(32,64): error TS6133: 'req' is declared but its value is never read.

Error: ⨯ Unable to compile TypeScript:
src/api/resources/users/users.route.ts(25,120): error TS2339: Property 'user' does not exist on type 'User'.
src/api/resources/users/users.route.ts(32,64): error TS6133: 'req' is declared but its value is never read.

    at Object.<anonymous> (C:\Users\dmotta\Documents\01 DESARROLLO\12 clone-linktree-back\clone-linktree-back\src\api\resources\users\users.route.ts:1:7)
    at Module._compile (internal/modules/cjs/loader.js:1085:14)
    at Module._compile (C:\Users\dmotta\Documents\01 DESARROLLO\12 clone-linktree-back\clone-linktree-back\node_modules\source-map-support\source-map-support.js:521:25)
    at Module.m._compile (C:\Users\dmotta\AppData\Local\Temp\ts-node-dev-hook-7742140769634791.js:69:33)
    at Module._extensions..js (internal/modules/cjs/loader.js:1114:10)
    at require.extensions..jsx.require.extensions..js (C:\Users\dmotta\AppData\Local\Temp\ts-node-dev-hook-7742140769634791.js:114:20)
    at require.extensions.<computed> (C:\Users\dmotta\AppData\Local\Temp\ts-node-dev-hook-7742140769634791.js:71:20)
    at Object.nodeDevHook [as .ts] (C:\Users\dmotta\Documents\01 DESARROLLO\12 clone-linktree-back\clone-linktree-back\node_modules\ts-node-dev\lib\hook.js:63:13)
    at Module.load (internal/modules/cjs/loader.js:950:32)
    at Function.Module._load (internal/modules/cjs/loader.js:790:12) {"date":"Thu Jun 15 2023 17:39:41 GMT-0300 (hora estándar de Argentina)","error":{},"exception":true,"os":{"loadavg":[0,0,0],"uptime":26472},"process":{"argv":["C:\\Program Files\\nodejs\\node.exe","src/index.ts"],"cwd":"C:\\Users\\dmotta\\Documents\\01 DESARROLLO\\12 clone-linktree-back\\clone-linktree-back","execPath":"C:\\Program Files\\nodejs\\node.exe","gid":null,"memoryUsage":{"arrayBuffers":1034703,"external":2524828,"heapTotal":52756480,"heapUsed":33089168,"rss":72052736},"pid":22792,"uid":null,"version":"v14.18.0"},"stack":"Error: ⨯ Unable to compile TypeScript:\nsrc/api/resources/users/users.route.ts(25,120): error TS2339: Property 'user' does not exist on type 'User'.\r\nsrc/api/resources/users/users.route.ts(32,64): error TS6133: 'req' is declared but its value is never read.\r\n\n    at Object.<anonymous> (C:\\Users\\dmotta\\Documents\\01 DESARROLLO\\12 clone-linktree-back\\clone-linktree-back\\src\\api\\resources\\users\\users.route.ts:1:7)\n    at Module._compile (internal/modules/cjs/loader.js:1085:14)\n    at Module._compile (C:\\Users\\dmotta\\Documents\\01 DESARROLLO\\12 clone-linktree-back\\clone-linktree-back\\node_modules\\source-map-support\\source-map-support.js:521:25)\n    at Module.m._compile (C:\\Users\\dmotta\\AppData\\Local\\Temp\\ts-node-dev-hook-7742140769634791.js:69:33)\n    at Module._extensions..js (internal/modules/cjs/loader.js:1114:10)\n    at require.extensions..jsx.require.extensions..js (C:\\Users\\dmotta\\AppData\\Local\\Temp\\ts-node-dev-hook-7742140769634791.js:114:20)\n    at require.extensions.<computed> (C:\\Users\\dmotta\\AppData\\Local\\Temp\\ts-node-dev-hook-7742140769634791.js:71:20)\n    at Object.nodeDevHook [as .ts] (C:\\Users\\dmotta\\Documents\\01 DESARROLLO\\12 clone-linktree-back\\clone-linktree-back\\node_modules\\ts-node-dev\\lib\\hook.js:63:13)\n    at Module.load (internal/modules/cjs/loader.js:950:32)\n    at Function.Module._load (internal/modules/cjs/loader.js:790:12)","trace":[{"column":7,"file":"C:\\Users\\dmotta\\Documents\\01 DESARROLLO\\12 clone-linktree-back\\clone-linktree-back\\src\\api\\resources\\users\\users.route.ts","function":null,"line":1,"method":null,"native":false},{"column":14,"file":"internal/modules/cjs/loader.js","function":"Module._compile","line":1085,"method":"_compile","native":false},{"column":25,"file":"C:\\Users\\dmotta\\Documents\\01 DESARROLLO\\12 clone-linktree-back\\clone-linktree-back\\node_modules\\source-map-support\\source-map-support.js","function":"Module._compile","line":521,"method":"_compile","native":false},{"column":33,"file":"C:\\Users\\dmotta\\AppData\\Local\\Temp\\ts-node-dev-hook-7742140769634791.js","function":"Module.m._compile","line":69,"method":"_compile","native":false},{"column":10,"file":"internal/modules/cjs/loader.js","function":"Module._extensions..js","line":1114,"method":".js","native":false},{"column":20,"file":"C:\\Users\\dmotta\\AppData\\Local\\Temp\\ts-node-dev-hook-7742140769634791.js","function":"require.extensions..jsx.require.extensions..js","line":114,"method":".js","native":false},{"column":20,"file":"C:\\Users\\dmotta\\AppData\\Local\\Temp\\ts-node-dev-hook-7742140769634791.js","function":"require.extensions.<computed>","line":71,"method":"<computed>","native":false},{"column":13,"file":"C:\\Users\\dmotta\\Documents\\01 DESARROLLO\\12 clone-linktree-back\\clone-linktree-back\\node_modules\\ts-node-dev\\lib\\hook.js","function":"Object.nodeDevHook [as .ts]","line":63,"method":"ts]","native":false},{"column":32,"file":"internal/modules/cjs/loader.js","function":"Module.load","line":950,"method":"load","native":false},{"column":12,"file":"internal/modules/cjs/loader.js","function":"Module._load","line":790,"method":"_load","native":false}]}
error: 2023-06-15T20:40:25.614Z uncaughtException: ⨯ Unable to compile TypeScript:
src/api/resources/users/users.route.ts(25,120): error TS2339: Property 'user' does not exist on type 'User'.

Error: ⨯ Unable to compile TypeScript:
src/api/resources/users/users.route.ts(25,120): error TS2339: Property 'user' does not exist on type 'User'.

    at Object.<anonymous> (C:\Users\dmotta\Documents\01 DESARROLLO\12 clone-linktree-back\clone-linktree-back\src\api\resources\users\users.route.ts:1:7)
    at Module._compile (internal/modules/cjs/loader.js:1085:14)
    at Module._compile (C:\Users\dmotta\Documents\01 DESARROLLO\12 clone-linktree-back\clone-linktree-back\node_modules\source-map-support\source-map-support.js:521:25)
    at Module.m._compile (C:\Users\dmotta\AppData\Local\Temp\ts-node-dev-hook-7742140769634791.js:69:33)
    at Module._extensions..js (internal/modules/cjs/loader.js:1114:10)
    at require.extensions..jsx.require.extensions..js (C:\Users\dmotta\AppData\Local\Temp\ts-node-dev-hook-7742140769634791.js:114:20)
    at require.extensions.<computed> (C:\Users\dmotta\AppData\Local\Temp\ts-node-dev-hook-7742140769634791.js:71:20)
    at Object.nodeDevHook [as .ts] (C:\Users\dmotta\Documents\01 DESARROLLO\12 clone-linktree-back\clone-linktree-back\node_modules\ts-node-dev\lib\hook.js:63:13)
    at Module.load (internal/modules/cjs/loader.js:950:32)
    at Function.Module._load (internal/modules/cjs/loader.js:790:12) {"date":"Thu Jun 15 2023 17:40:25 GMT-0300 (hora estándar de Argentina)","error":{},"exception":true,"os":{"loadavg":[0,0,0],"uptime":26517},"process":{"argv":["C:\\Program Files\\nodejs\\node.exe","src/index.ts"],"cwd":"C:\\Users\\dmotta\\Documents\\01 DESARROLLO\\12 clone-linktree-back\\clone-linktree-back","execPath":"C:\\Program Files\\nodejs\\node.exe","gid":null,"memoryUsage":{"arrayBuffers":1034592,"external":2524828,"heapTotal":52756480,"heapUsed":27261368,"rss":66621440},"pid":18404,"uid":null,"version":"v14.18.0"},"stack":"Error: ⨯ Unable to compile TypeScript:\nsrc/api/resources/users/users.route.ts(25,120): error TS2339: Property 'user' does not exist on type 'User'.\r\n\n    at Object.<anonymous> (C:\\Users\\dmotta\\Documents\\01 DESARROLLO\\12 clone-linktree-back\\clone-linktree-back\\src\\api\\resources\\users\\users.route.ts:1:7)\n    at Module._compile (internal/modules/cjs/loader.js:1085:14)\n    at Module._compile (C:\\Users\\dmotta\\Documents\\01 DESARROLLO\\12 clone-linktree-back\\clone-linktree-back\\node_modules\\source-map-support\\source-map-support.js:521:25)\n    at Module.m._compile (C:\\Users\\dmotta\\AppData\\Local\\Temp\\ts-node-dev-hook-7742140769634791.js:69:33)\n    at Module._extensions..js (internal/modules/cjs/loader.js:1114:10)\n    at require.extensions..jsx.require.extensions..js (C:\\Users\\dmotta\\AppData\\Local\\Temp\\ts-node-dev-hook-7742140769634791.js:114:20)\n    at require.extensions.<computed> (C:\\Users\\dmotta\\AppData\\Local\\Temp\\ts-node-dev-hook-7742140769634791.js:71:20)\n    at Object.nodeDevHook [as .ts] (C:\\Users\\dmotta\\Documents\\01 DESARROLLO\\12 clone-linktree-back\\clone-linktree-back\\node_modules\\ts-node-dev\\lib\\hook.js:63:13)\n    at Module.load (internal/modules/cjs/loader.js:950:32)\n    at Function.Module._load (internal/modules/cjs/loader.js:790:12)","trace":[{"column":7,"file":"C:\\Users\\dmotta\\Documents\\01 DESARROLLO\\12 clone-linktree-back\\clone-linktree-back\\src\\api\\resources\\users\\users.route.ts","function":null,"line":1,"method":null,"native":false},{"column":14,"file":"internal/modules/cjs/loader.js","function":"Module._compile","line":1085,"method":"_compile","native":false},{"column":25,"file":"C:\\Users\\dmotta\\Documents\\01 DESARROLLO\\12 clone-linktree-back\\clone-linktree-back\\node_modules\\source-map-support\\source-map-support.js","function":"Module._compile","line":521,"method":"_compile","native":false},{"column":33,"file":"C:\\Users\\dmotta\\AppData\\Local\\Temp\\ts-node-dev-hook-7742140769634791.js","function":"Module.m._compile","line":69,"method":"_compile","native":false},{"column":10,"file":"internal/modules/cjs/loader.js","function":"Module._extensions..js","line":1114,"method":".js","native":false},{"column":20,"file":"C:\\Users\\dmotta\\AppData\\Local\\Temp\\ts-node-dev-hook-7742140769634791.js","function":"require.extensions..jsx.require.extensions..js","line":114,"method":".js","native":false},{"column":20,"file":"C:\\Users\\dmotta\\AppData\\Local\\Temp\\ts-node-dev-hook-7742140769634791.js","function":"require.extensions.<computed>","line":71,"method":"<computed>","native":false},{"column":13,"file":"C:\\Users\\dmotta\\Documents\\01 DESARROLLO\\12 clone-linktree-back\\clone-linktree-back\\node_modules\\ts-node-dev\\lib\\hook.js","function":"Object.nodeDevHook [as .ts]","line":63,"method":"ts]","native":false},{"column":32,"file":"internal/modules/cjs/loader.js","function":"Module.load","line":950,"method":"load","native":false},{"column":12,"file":"internal/modules/cjs/loader.js","function":"Module._load","line":790,"method":"_load","native":false}]}
warn: 2023-06-15T21:11:37.229Z El siguiente usuario no pasó la validación: {"name":"admin","password":"admin","email":"admin@admin.com"} - ["firstName" is required],["lastName" is required],["phoneNumber" is required]
info: 2023-06-15T21:11:37.253Z ::1 - POST /users HTTP/1.1 400 78 - 261.424 ms
info: 2023-06-15T21:12:35.159Z ::1 - POST /users HTTP/1.1 201 76 - 234.019 ms
info: 2023-06-15T21:22:30.597Z ::1 - POST /auth/login HTTP/1.1 - - - - ms
error: 2023-06-15T21:23:27.073Z uncaughtException: ⨯ Unable to compile TypeScript:
src/api/resources/auth/auth.route.ts(5,9): error TS6133: 'create' is declared but its value is never read.
src/api/resources/auth/auth.route.ts(5,17): error TS6133: 'all' is declared but its value is never read.
src/api/resources/auth/auth.route.ts(5,28): error TS6133: 'edit' is declared but its value is never read.
src/api/resources/auth/auth.route.ts(5,34): error TS6133: 'userExist' is declared but its value is never read.
src/api/resources/auth/auth.route.ts(5,45): error TS6133: 'destroy' is declared but its value is never read.
src/api/resources/auth/auth.route.ts(13,46): error TS6133: 'res' is declared but its value is never read.

Error: ⨯ Unable to compile TypeScript:
src/api/resources/auth/auth.route.ts(5,9): error TS6133: 'create' is declared but its value is never read.
src/api/resources/auth/auth.route.ts(5,17): error TS6133: 'all' is declared but its value is never read.
src/api/resources/auth/auth.route.ts(5,28): error TS6133: 'edit' is declared but its value is never read.
src/api/resources/auth/auth.route.ts(5,34): error TS6133: 'userExist' is declared but its value is never read.
src/api/resources/auth/auth.route.ts(5,45): error TS6133: 'destroy' is declared but its value is never read.
src/api/resources/auth/auth.route.ts(13,46): error TS6133: 'res' is declared but its value is never read.

    at Object.<anonymous> (C:\Users\dmotta\Documents\01 DESARROLLO\12 clone-linktree-back\clone-linktree-back\src\api\resources\auth\auth.route.ts:1:7)
    at Module._compile (internal/modules/cjs/loader.js:1085:14)
    at Module._compile (C:\Users\dmotta\Documents\01 DESARROLLO\12 clone-linktree-back\clone-linktree-back\node_modules\source-map-support\source-map-support.js:521:25)
    at Module.m._compile (C:\Users\dmotta\AppData\Local\Temp\ts-node-dev-hook-7742140769634791.js:69:33)
    at Module._extensions..js (internal/modules/cjs/loader.js:1114:10)
    at require.extensions..jsx.require.extensions..js (C:\Users\dmotta\AppData\Local\Temp\ts-node-dev-hook-7742140769634791.js:114:20)
    at require.extensions.<computed> (C:\Users\dmotta\AppData\Local\Temp\ts-node-dev-hook-7742140769634791.js:71:20)
    at Object.nodeDevHook [as .ts] (C:\Users\dmotta\Documents\01 DESARROLLO\12 clone-linktree-back\clone-linktree-back\node_modules\ts-node-dev\lib\hook.js:63:13)
    at Module.load (internal/modules/cjs/loader.js:950:32)
    at Function.Module._load (internal/modules/cjs/loader.js:790:12) {"date":"Thu Jun 15 2023 18:23:26 GMT-0300 (hora estándar de Argentina)","error":{},"exception":true,"os":{"loadavg":[0,0,0],"uptime":29098},"process":{"argv":["C:\\Program Files\\nodejs\\node.exe","src/index.ts"],"cwd":"C:\\Users\\dmotta\\Documents\\01 DESARROLLO\\12 clone-linktree-back\\clone-linktree-back","execPath":"C:\\Program Files\\nodejs\\node.exe","gid":null,"memoryUsage":{"arrayBuffers":367350,"external":1838741,"heapTotal":55902208,"heapUsed":28681432,"rss":77209600},"pid":18836,"uid":null,"version":"v14.18.0"},"stack":"Error: ⨯ Unable to compile TypeScript:\nsrc/api/resources/auth/auth.route.ts(5,9): error TS6133: 'create' is declared but its value is never read.\r\nsrc/api/resources/auth/auth.route.ts(5,17): error TS6133: 'all' is declared but its value is never read.\r\nsrc/api/resources/auth/auth.route.ts(5,28): error TS6133: 'edit' is declared but its value is never read.\r\nsrc/api/resources/auth/auth.route.ts(5,34): error TS6133: 'userExist' is declared but its value is never read.\r\nsrc/api/resources/auth/auth.route.ts(5,45): error TS6133: 'destroy' is declared but its value is never read.\r\nsrc/api/resources/auth/auth.route.ts(13,46): error TS6133: 'res' is declared but its value is never read.\r\n\n    at Object.<anonymous> (C:\\Users\\dmotta\\Documents\\01 DESARROLLO\\12 clone-linktree-back\\clone-linktree-back\\src\\api\\resources\\auth\\auth.route.ts:1:7)\n    at Module._compile (internal/modules/cjs/loader.js:1085:14)\n    at Module._compile (C:\\Users\\dmotta\\Documents\\01 DESARROLLO\\12 clone-linktree-back\\clone-linktree-back\\node_modules\\source-map-support\\source-map-support.js:521:25)\n    at Module.m._compile (C:\\Users\\dmotta\\AppData\\Local\\Temp\\ts-node-dev-hook-7742140769634791.js:69:33)\n    at Module._extensions..js (internal/modules/cjs/loader.js:1114:10)\n    at require.extensions..jsx.require.extensions..js (C:\\Users\\dmotta\\AppData\\Local\\Temp\\ts-node-dev-hook-7742140769634791.js:114:20)\n    at require.extensions.<computed> (C:\\Users\\dmotta\\AppData\\Local\\Temp\\ts-node-dev-hook-7742140769634791.js:71:20)\n    at Object.nodeDevHook [as .ts] (C:\\Users\\dmotta\\Documents\\01 DESARROLLO\\12 clone-linktree-back\\clone-linktree-back\\node_modules\\ts-node-dev\\lib\\hook.js:63:13)\n    at Module.load (internal/modules/cjs/loader.js:950:32)\n    at Function.Module._load (internal/modules/cjs/loader.js:790:12)","trace":[{"column":7,"file":"C:\\Users\\dmotta\\Documents\\01 DESARROLLO\\12 clone-linktree-back\\clone-linktree-back\\src\\api\\resources\\auth\\auth.route.ts","function":null,"line":1,"method":null,"native":false},{"column":14,"file":"internal/modules/cjs/loader.js","function":"Module._compile","line":1085,"method":"_compile","native":false},{"column":25,"file":"C:\\Users\\dmotta\\Documents\\01 DESARROLLO\\12 clone-linktree-back\\clone-linktree-back\\node_modules\\source-map-support\\source-map-support.js","function":"Module._compile","line":521,"method":"_compile","native":false},{"column":33,"file":"C:\\Users\\dmotta\\AppData\\Local\\Temp\\ts-node-dev-hook-7742140769634791.js","function":"Module.m._compile","line":69,"method":"_compile","native":false},{"column":10,"file":"internal/modules/cjs/loader.js","function":"Module._extensions..js","line":1114,"method":".js","native":false},{"column":20,"file":"C:\\Users\\dmotta\\AppData\\Local\\Temp\\ts-node-dev-hook-7742140769634791.js","function":"require.extensions..jsx.require.extensions..js","line":114,"method":".js","native":false},{"column":20,"file":"C:\\Users\\dmotta\\AppData\\Local\\Temp\\ts-node-dev-hook-7742140769634791.js","function":"require.extensions.<computed>","line":71,"method":"<computed>","native":false},{"column":13,"file":"C:\\Users\\dmotta\\Documents\\01 DESARROLLO\\12 clone-linktree-back\\clone-linktree-back\\node_modules\\ts-node-dev\\lib\\hook.js","function":"Object.nodeDevHook [as .ts]","line":63,"method":"ts]","native":false},{"column":32,"file":"internal/modules/cjs/loader.js","function":"Module.load","line":950,"method":"load","native":false},{"column":12,"file":"internal/modules/cjs/loader.js","function":"Module._load","line":790,"method":"_load","native":false}]}
error: 2023-06-15T21:24:56.340Z uncaughtException: ⨯ Unable to compile TypeScript:
src/api/resources/auth/auth.route.ts(13,46): error TS6133: 'res' is declared but its value is never read.
src/api/resources/auth/auth.route.ts(55,24): error TS2304: Cannot find name 'find'.

Error: ⨯ Unable to compile TypeScript:
src/api/resources/auth/auth.route.ts(13,46): error TS6133: 'res' is declared but its value is never read.
src/api/resources/auth/auth.route.ts(55,24): error TS2304: Cannot find name 'find'.

    at Object.<anonymous> (C:\Users\dmotta\Documents\01 DESARROLLO\12 clone-linktree-back\clone-linktree-back\src\api\resources\auth\auth.route.ts:1:7)
    at Module._compile (internal/modules/cjs/loader.js:1085:14)
    at Module._compile (C:\Users\dmotta\Documents\01 DESARROLLO\12 clone-linktree-back\clone-linktree-back\node_modules\source-map-support\source-map-support.js:521:25)
    at Module.m._compile (C:\Users\dmotta\AppData\Local\Temp\ts-node-dev-hook-7742140769634791.js:69:33)
    at Module._extensions..js (internal/modules/cjs/loader.js:1114:10)
    at require.extensions..jsx.require.extensions..js (C:\Users\dmotta\AppData\Local\Temp\ts-node-dev-hook-7742140769634791.js:114:20)
    at require.extensions.<computed> (C:\Users\dmotta\AppData\Local\Temp\ts-node-dev-hook-7742140769634791.js:71:20)
    at Object.nodeDevHook [as .ts] (C:\Users\dmotta\Documents\01 DESARROLLO\12 clone-linktree-back\clone-linktree-back\node_modules\ts-node-dev\lib\hook.js:63:13)
    at Module.load (internal/modules/cjs/loader.js:950:32)
    at Function.Module._load (internal/modules/cjs/loader.js:790:12) {"date":"Thu Jun 15 2023 18:24:56 GMT-0300 (hora estándar de Argentina)","error":{},"exception":true,"os":{"loadavg":[0,0,0],"uptime":29187},"process":{"argv":["C:\\Program Files\\nodejs\\node.exe","src/index.ts"],"cwd":"C:\\Users\\dmotta\\Documents\\01 DESARROLLO\\12 clone-linktree-back\\clone-linktree-back","execPath":"C:\\Program Files\\nodejs\\node.exe","gid":null,"memoryUsage":{"arrayBuffers":366884,"external":1838741,"heapTotal":55115776,"heapUsed":24785528,"rss":75993088},"pid":23548,"uid":null,"version":"v14.18.0"},"stack":"Error: ⨯ Unable to compile TypeScript:\nsrc/api/resources/auth/auth.route.ts(13,46): error TS6133: 'res' is declared but its value is never read.\r\nsrc/api/resources/auth/auth.route.ts(55,24): error TS2304: Cannot find name 'find'.\r\n\n    at Object.<anonymous> (C:\\Users\\dmotta\\Documents\\01 DESARROLLO\\12 clone-linktree-back\\clone-linktree-back\\src\\api\\resources\\auth\\auth.route.ts:1:7)\n    at Module._compile (internal/modules/cjs/loader.js:1085:14)\n    at Module._compile (C:\\Users\\dmotta\\Documents\\01 DESARROLLO\\12 clone-linktree-back\\clone-linktree-back\\node_modules\\source-map-support\\source-map-support.js:521:25)\n    at Module.m._compile (C:\\Users\\dmotta\\AppData\\Local\\Temp\\ts-node-dev-hook-7742140769634791.js:69:33)\n    at Module._extensions..js (internal/modules/cjs/loader.js:1114:10)\n    at require.extensions..jsx.require.extensions..js (C:\\Users\\dmotta\\AppData\\Local\\Temp\\ts-node-dev-hook-7742140769634791.js:114:20)\n    at require.extensions.<computed> (C:\\Users\\dmotta\\AppData\\Local\\Temp\\ts-node-dev-hook-7742140769634791.js:71:20)\n    at Object.nodeDevHook [as .ts] (C:\\Users\\dmotta\\Documents\\01 DESARROLLO\\12 clone-linktree-back\\clone-linktree-back\\node_modules\\ts-node-dev\\lib\\hook.js:63:13)\n    at Module.load (internal/modules/cjs/loader.js:950:32)\n    at Function.Module._load (internal/modules/cjs/loader.js:790:12)","trace":[{"column":7,"file":"C:\\Users\\dmotta\\Documents\\01 DESARROLLO\\12 clone-linktree-back\\clone-linktree-back\\src\\api\\resources\\auth\\auth.route.ts","function":null,"line":1,"method":null,"native":false},{"column":14,"file":"internal/modules/cjs/loader.js","function":"Module._compile","line":1085,"method":"_compile","native":false},{"column":25,"file":"C:\\Users\\dmotta\\Documents\\01 DESARROLLO\\12 clone-linktree-back\\clone-linktree-back\\node_modules\\source-map-support\\source-map-support.js","function":"Module._compile","line":521,"method":"_compile","native":false},{"column":33,"file":"C:\\Users\\dmotta\\AppData\\Local\\Temp\\ts-node-dev-hook-7742140769634791.js","function":"Module.m._compile","line":69,"method":"_compile","native":false},{"column":10,"file":"internal/modules/cjs/loader.js","function":"Module._extensions..js","line":1114,"method":".js","native":false},{"column":20,"file":"C:\\Users\\dmotta\\AppData\\Local\\Temp\\ts-node-dev-hook-7742140769634791.js","function":"require.extensions..jsx.require.extensions..js","line":114,"method":".js","native":false},{"column":20,"file":"C:\\Users\\dmotta\\AppData\\Local\\Temp\\ts-node-dev-hook-7742140769634791.js","function":"require.extensions.<computed>","line":71,"method":"<computed>","native":false},{"column":13,"file":"C:\\Users\\dmotta\\Documents\\01 DESARROLLO\\12 clone-linktree-back\\clone-linktree-back\\node_modules\\ts-node-dev\\lib\\hook.js","function":"Object.nodeDevHook [as .ts]","line":63,"method":"ts]","native":false},{"column":32,"file":"internal/modules/cjs/loader.js","function":"Module.load","line":950,"method":"load","native":false},{"column":12,"file":"internal/modules/cjs/loader.js","function":"Module._load","line":790,"method":"_load","native":false}]}
error: 2023-06-15T21:25:07.168Z uncaughtException: ⨯ Unable to compile TypeScript:
src/api/resources/auth/auth.route.ts(13,46): error TS6133: 'res' is declared but its value is never read.

Error: ⨯ Unable to compile TypeScript:
src/api/resources/auth/auth.route.ts(13,46): error TS6133: 'res' is declared but its value is never read.

    at Object.<anonymous> (C:\Users\dmotta\Documents\01 DESARROLLO\12 clone-linktree-back\clone-linktree-back\src\api\resources\auth\auth.route.ts:1:7)
    at Module._compile (internal/modules/cjs/loader.js:1085:14)
    at Module._compile (C:\Users\dmotta\Documents\01 DESARROLLO\12 clone-linktree-back\clone-linktree-back\node_modules\source-map-support\source-map-support.js:521:25)
    at Module.m._compile (C:\Users\dmotta\AppData\Local\Temp\ts-node-dev-hook-7742140769634791.js:69:33)
    at Module._extensions..js (internal/modules/cjs/loader.js:1114:10)
    at require.extensions..jsx.require.extensions..js (C:\Users\dmotta\AppData\Local\Temp\ts-node-dev-hook-7742140769634791.js:114:20)
    at require.extensions.<computed> (C:\Users\dmotta\AppData\Local\Temp\ts-node-dev-hook-7742140769634791.js:71:20)
    at Object.nodeDevHook [as .ts] (C:\Users\dmotta\Documents\01 DESARROLLO\12 clone-linktree-back\clone-linktree-back\node_modules\ts-node-dev\lib\hook.js:63:13)
    at Module.load (internal/modules/cjs/loader.js:950:32)
    at Function.Module._load (internal/modules/cjs/loader.js:790:12) {"date":"Thu Jun 15 2023 18:25:07 GMT-0300 (hora estándar de Argentina)","error":{},"exception":true,"os":{"loadavg":[0,0,0],"uptime":29198},"process":{"argv":["C:\\Program Files\\nodejs\\node.exe","src/index.ts"],"cwd":"C:\\Users\\dmotta\\Documents\\01 DESARROLLO\\12 clone-linktree-back\\clone-linktree-back","execPath":"C:\\Program Files\\nodejs\\node.exe","gid":null,"memoryUsage":{"arrayBuffers":420552,"external":1892496,"heapTotal":55644160,"heapUsed":25624824,"rss":76476416},"pid":7564,"uid":null,"version":"v14.18.0"},"stack":"Error: ⨯ Unable to compile TypeScript:\nsrc/api/resources/auth/auth.route.ts(13,46): error TS6133: 'res' is declared but its value is never read.\r\n\n    at Object.<anonymous> (C:\\Users\\dmotta\\Documents\\01 DESARROLLO\\12 clone-linktree-back\\clone-linktree-back\\src\\api\\resources\\auth\\auth.route.ts:1:7)\n    at Module._compile (internal/modules/cjs/loader.js:1085:14)\n    at Module._compile (C:\\Users\\dmotta\\Documents\\01 DESARROLLO\\12 clone-linktree-back\\clone-linktree-back\\node_modules\\source-map-support\\source-map-support.js:521:25)\n    at Module.m._compile (C:\\Users\\dmotta\\AppData\\Local\\Temp\\ts-node-dev-hook-7742140769634791.js:69:33)\n    at Module._extensions..js (internal/modules/cjs/loader.js:1114:10)\n    at require.extensions..jsx.require.extensions..js (C:\\Users\\dmotta\\AppData\\Local\\Temp\\ts-node-dev-hook-7742140769634791.js:114:20)\n    at require.extensions.<computed> (C:\\Users\\dmotta\\AppData\\Local\\Temp\\ts-node-dev-hook-7742140769634791.js:71:20)\n    at Object.nodeDevHook [as .ts] (C:\\Users\\dmotta\\Documents\\01 DESARROLLO\\12 clone-linktree-back\\clone-linktree-back\\node_modules\\ts-node-dev\\lib\\hook.js:63:13)\n    at Module.load (internal/modules/cjs/loader.js:950:32)\n    at Function.Module._load (internal/modules/cjs/loader.js:790:12)","trace":[{"column":7,"file":"C:\\Users\\dmotta\\Documents\\01 DESARROLLO\\12 clone-linktree-back\\clone-linktree-back\\src\\api\\resources\\auth\\auth.route.ts","function":null,"line":1,"method":null,"native":false},{"column":14,"file":"internal/modules/cjs/loader.js","function":"Module._compile","line":1085,"method":"_compile","native":false},{"column":25,"file":"C:\\Users\\dmotta\\Documents\\01 DESARROLLO\\12 clone-linktree-back\\clone-linktree-back\\node_modules\\source-map-support\\source-map-support.js","function":"Module._compile","line":521,"method":"_compile","native":false},{"column":33,"file":"C:\\Users\\dmotta\\AppData\\Local\\Temp\\ts-node-dev-hook-7742140769634791.js","function":"Module.m._compile","line":69,"method":"_compile","native":false},{"column":10,"file":"internal/modules/cjs/loader.js","function":"Module._extensions..js","line":1114,"method":".js","native":false},{"column":20,"file":"C:\\Users\\dmotta\\AppData\\Local\\Temp\\ts-node-dev-hook-7742140769634791.js","function":"require.extensions..jsx.require.extensions..js","line":114,"method":".js","native":false},{"column":20,"file":"C:\\Users\\dmotta\\AppData\\Local\\Temp\\ts-node-dev-hook-7742140769634791.js","function":"require.extensions.<computed>","line":71,"method":"<computed>","native":false},{"column":13,"file":"C:\\Users\\dmotta\\Documents\\01 DESARROLLO\\12 clone-linktree-back\\clone-linktree-back\\node_modules\\ts-node-dev\\lib\\hook.js","function":"Object.nodeDevHook [as .ts]","line":63,"method":"ts]","native":false},{"column":32,"file":"internal/modules/cjs/loader.js","function":"Module.load","line":950,"method":"load","native":false},{"column":12,"file":"internal/modules/cjs/loader.js","function":"Module._load","line":790,"method":"_load","native":false}]}
error: 2023-06-15T21:25:34.260Z uncaughtException: ⨯ Unable to compile TypeScript:
src/api/resources/auth/auth.route.ts(20,16): error TS2769: No overload matches this call.
  The last overload gave the following error.
    Type '(req: Request<ParamsDictionary, any, any, ParsedQs, Record<string, any>>, next: NextFunction) => void' is not assignable to type 'ErrorRequestHandler<ParamsDictionary, any, any, ParsedQs, Record<string, any>> | RequestHandler<ParamsDictionary, any, any, ParsedQs, Record<...>>'.
      Type '(req: Request<ParamsDictionary, any, any, ParsedQs, Record<string, any>>, next: NextFunction) => void' is not assignable to type 'ErrorRequestHandler<ParamsDictionary, any, any, ParsedQs, Record<string, any>>'.
        Types of parameters 'next' and 'req' are incompatible.
          Type 'Request<ParamsDictionary, any, any, ParsedQs, Record<string, any>>' is not assignable to type 'NextFunction'.
            Type 'Request<ParamsDictionary, any, any, ParsedQs, Record<string, any>>' provides no match for the signature '(err?: any): void'.

Error: ⨯ Unable to compile TypeScript:
src/api/resources/auth/auth.route.ts(20,16): error TS2769: No overload matches this call.
  The last overload gave the following error.
    Type '(req: Request<ParamsDictionary, any, any, ParsedQs, Record<string, any>>, next: NextFunction) => void' is not assignable to type 'ErrorRequestHandler<ParamsDictionary, any, any, ParsedQs, Record<string, any>> | RequestHandler<ParamsDictionary, any, any, ParsedQs, Record<...>>'.
      Type '(req: Request<ParamsDictionary, any, any, ParsedQs, Record<string, any>>, next: NextFunction) => void' is not assignable to type 'ErrorRequestHandler<ParamsDictionary, any, any, ParsedQs, Record<string, any>>'.
        Types of parameters 'next' and 'req' are incompatible.
          Type 'Request<ParamsDictionary, any, any, ParsedQs, Record<string, any>>' is not assignable to type 'NextFunction'.
            Type 'Request<ParamsDictionary, any, any, ParsedQs, Record<string, any>>' provides no match for the signature '(err?: any): void'.

    at Object.<anonymous> (C:\Users\dmotta\Documents\01 DESARROLLO\12 clone-linktree-back\clone-linktree-back\src\api\resources\auth\auth.route.ts:1:7)
    at Module._compile (internal/modules/cjs/loader.js:1085:14)
    at Module._compile (C:\Users\dmotta\Documents\01 DESARROLLO\12 clone-linktree-back\clone-linktree-back\node_modules\source-map-support\source-map-support.js:521:25)
    at Module.m._compile (C:\Users\dmotta\AppData\Local\Temp\ts-node-dev-hook-7742140769634791.js:69:33)
    at Module._extensions..js (internal/modules/cjs/loader.js:1114:10)
    at require.extensions..jsx.require.extensions..js (C:\Users\dmotta\AppData\Local\Temp\ts-node-dev-hook-7742140769634791.js:114:20)
    at require.extensions.<computed> (C:\Users\dmotta\AppData\Local\Temp\ts-node-dev-hook-7742140769634791.js:71:20)
    at Object.nodeDevHook [as .ts] (C:\Users\dmotta\Documents\01 DESARROLLO\12 clone-linktree-back\clone-linktree-back\node_modules\ts-node-dev\lib\hook.js:63:13)
    at Module.load (internal/modules/cjs/loader.js:950:32)
    at Function.Module._load (internal/modules/cjs/loader.js:790:12) {"date":"Thu Jun 15 2023 18:25:34 GMT-0300 (hora estándar de Argentina)","error":{},"exception":true,"os":{"loadavg":[0,0,0],"uptime":29225},"process":{"argv":["C:\\Program Files\\nodejs\\node.exe","src/index.ts"],"cwd":"C:\\Users\\dmotta\\Documents\\01 DESARROLLO\\12 clone-linktree-back\\clone-linktree-back","execPath":"C:\\Program Files\\nodejs\\node.exe","gid":null,"memoryUsage":{"arrayBuffers":367689,"external":1838741,"heapTotal":55377920,"heapUsed":24882208,"rss":76234752},"pid":20740,"uid":null,"version":"v14.18.0"},"stack":"Error: ⨯ Unable to compile TypeScript:\nsrc/api/resources/auth/auth.route.ts(20,16): error TS2769: No overload matches this call.\r\n  The last overload gave the following error.\r\n    Type '(req: Request<ParamsDictionary, any, any, ParsedQs, Record<string, any>>, next: NextFunction) => void' is not assignable to type 'ErrorRequestHandler<ParamsDictionary, any, any, ParsedQs, Record<string, any>> | RequestHandler<ParamsDictionary, any, any, ParsedQs, Record<...>>'.\r\n      Type '(req: Request<ParamsDictionary, any, any, ParsedQs, Record<string, any>>, next: NextFunction) => void' is not assignable to type 'ErrorRequestHandler<ParamsDictionary, any, any, ParsedQs, Record<string, any>>'.\r\n        Types of parameters 'next' and 'req' are incompatible.\r\n          Type 'Request<ParamsDictionary, any, any, ParsedQs, Record<string, any>>' is not assignable to type 'NextFunction'.\r\n            Type 'Request<ParamsDictionary, any, any, ParsedQs, Record<string, any>>' provides no match for the signature '(err?: any): void'.\r\n\n    at Object.<anonymous> (C:\\Users\\dmotta\\Documents\\01 DESARROLLO\\12 clone-linktree-back\\clone-linktree-back\\src\\api\\resources\\auth\\auth.route.ts:1:7)\n    at Module._compile (internal/modules/cjs/loader.js:1085:14)\n    at Module._compile (C:\\Users\\dmotta\\Documents\\01 DESARROLLO\\12 clone-linktree-back\\clone-linktree-back\\node_modules\\source-map-support\\source-map-support.js:521:25)\n    at Module.m._compile (C:\\Users\\dmotta\\AppData\\Local\\Temp\\ts-node-dev-hook-7742140769634791.js:69:33)\n    at Module._extensions..js (internal/modules/cjs/loader.js:1114:10)\n    at require.extensions..jsx.require.extensions..js (C:\\Users\\dmotta\\AppData\\Local\\Temp\\ts-node-dev-hook-7742140769634791.js:114:20)\n    at require.extensions.<computed> (C:\\Users\\dmotta\\AppData\\Local\\Temp\\ts-node-dev-hook-7742140769634791.js:71:20)\n    at Object.nodeDevHook [as .ts] (C:\\Users\\dmotta\\Documents\\01 DESARROLLO\\12 clone-linktree-back\\clone-linktree-back\\node_modules\\ts-node-dev\\lib\\hook.js:63:13)\n    at Module.load (internal/modules/cjs/loader.js:950:32)\n    at Function.Module._load (internal/modules/cjs/loader.js:790:12)","trace":[{"column":7,"file":"C:\\Users\\dmotta\\Documents\\01 DESARROLLO\\12 clone-linktree-back\\clone-linktree-back\\src\\api\\resources\\auth\\auth.route.ts","function":null,"line":1,"method":null,"native":false},{"column":14,"file":"internal/modules/cjs/loader.js","function":"Module._compile","line":1085,"method":"_compile","native":false},{"column":25,"file":"C:\\Users\\dmotta\\Documents\\01 DESARROLLO\\12 clone-linktree-back\\clone-linktree-back\\node_modules\\source-map-support\\source-map-support.js","function":"Module._compile","line":521,"method":"_compile","native":false},{"column":33,"file":"C:\\Users\\dmotta\\AppData\\Local\\Temp\\ts-node-dev-hook-7742140769634791.js","function":"Module.m._compile","line":69,"method":"_compile","native":false},{"column":10,"file":"internal/modules/cjs/loader.js","function":"Module._extensions..js","line":1114,"method":".js","native":false},{"column":20,"file":"C:\\Users\\dmotta\\AppData\\Local\\Temp\\ts-node-dev-hook-7742140769634791.js","function":"require.extensions..jsx.require.extensions..js","line":114,"method":".js","native":false},{"column":20,"file":"C:\\Users\\dmotta\\AppData\\Local\\Temp\\ts-node-dev-hook-7742140769634791.js","function":"require.extensions.<computed>","line":71,"method":"<computed>","native":false},{"column":13,"file":"C:\\Users\\dmotta\\Documents\\01 DESARROLLO\\12 clone-linktree-back\\clone-linktree-back\\node_modules\\ts-node-dev\\lib\\hook.js","function":"Object.nodeDevHook [as .ts]","line":63,"method":"ts]","native":false},{"column":32,"file":"internal/modules/cjs/loader.js","function":"Module.load","line":950,"method":"load","native":false},{"column":12,"file":"internal/modules/cjs/loader.js","function":"Module._load","line":790,"method":"_load","native":false}]}
error: 2023-06-15T21:26:12.797Z uncaughtException: ⨯ Unable to compile TypeScript:
src/api/resources/auth/auth.route.ts(20,16): error TS2769: No overload matches this call.
  The last overload gave the following error.
    Type '(req: Request, next: NextFunction) => void' is not assignable to type 'ErrorRequestHandler<ParamsDictionary, any, any, ParsedQs, Record<string, any>> | RequestHandler<ParamsDictionary, any, any, ParsedQs, Record<...>>'.
      Type '(req: Request, next: NextFunction) => void' is not assignable to type 'ErrorRequestHandler<ParamsDictionary, any, any, ParsedQs, Record<string, any>>'.
        Types of parameters 'next' and 'req' are incompatible.
          Type 'Request<ParamsDictionary, any, any, ParsedQs, Record<string, any>>' is not assignable to type 'NextFunction'.
            Type 'Request<ParamsDictionary, any, any, ParsedQs, Record<string, any>>' provides no match for the signature '(err?: any): void'.

Error: ⨯ Unable to compile TypeScript:
src/api/resources/auth/auth.route.ts(20,16): error TS2769: No overload matches this call.
  The last overload gave the following error.
    Type '(req: Request, next: NextFunction) => void' is not assignable to type 'ErrorRequestHandler<ParamsDictionary, any, any, ParsedQs, Record<string, any>> | RequestHandler<ParamsDictionary, any, any, ParsedQs, Record<...>>'.
      Type '(req: Request, next: NextFunction) => void' is not assignable to type 'ErrorRequestHandler<ParamsDictionary, any, any, ParsedQs, Record<string, any>>'.
        Types of parameters 'next' and 'req' are incompatible.
          Type 'Request<ParamsDictionary, any, any, ParsedQs, Record<string, any>>' is not assignable to type 'NextFunction'.
            Type 'Request<ParamsDictionary, any, any, ParsedQs, Record<string, any>>' provides no match for the signature '(err?: any): void'.

    at Object.<anonymous> (C:\Users\dmotta\Documents\01 DESARROLLO\12 clone-linktree-back\clone-linktree-back\src\api\resources\auth\auth.route.ts:1:7)
    at Module._compile (internal/modules/cjs/loader.js:1085:14)
    at Module._compile (C:\Users\dmotta\Documents\01 DESARROLLO\12 clone-linktree-back\clone-linktree-back\node_modules\source-map-support\source-map-support.js:521:25)
    at Module.m._compile (C:\Users\dmotta\AppData\Local\Temp\ts-node-dev-hook-7742140769634791.js:69:33)
    at Module._extensions..js (internal/modules/cjs/loader.js:1114:10)
    at require.extensions..jsx.require.extensions..js (C:\Users\dmotta\AppData\Local\Temp\ts-node-dev-hook-7742140769634791.js:114:20)
    at require.extensions.<computed> (C:\Users\dmotta\AppData\Local\Temp\ts-node-dev-hook-7742140769634791.js:71:20)
    at Object.nodeDevHook [as .ts] (C:\Users\dmotta\Documents\01 DESARROLLO\12 clone-linktree-back\clone-linktree-back\node_modules\ts-node-dev\lib\hook.js:63:13)
    at Module.load (internal/modules/cjs/loader.js:950:32)
    at Function.Module._load (internal/modules/cjs/loader.js:790:12) {"date":"Thu Jun 15 2023 18:26:12 GMT-0300 (hora estándar de Argentina)","error":{},"exception":true,"os":{"loadavg":[0,0,0],"uptime":29264},"process":{"argv":["C:\\Program Files\\nodejs\\node.exe","src/index.ts"],"cwd":"C:\\Users\\dmotta\\Documents\\01 DESARROLLO\\12 clone-linktree-back\\clone-linktree-back","execPath":"C:\\Program Files\\nodejs\\node.exe","gid":null,"memoryUsage":{"arrayBuffers":367571,"external":1838741,"heapTotal":55115776,"heapUsed":24978464,"rss":76169216},"pid":16912,"uid":null,"version":"v14.18.0"},"stack":"Error: ⨯ Unable to compile TypeScript:\nsrc/api/resources/auth/auth.route.ts(20,16): error TS2769: No overload matches this call.\r\n  The last overload gave the following error.\r\n    Type '(req: Request, next: NextFunction) => void' is not assignable to type 'ErrorRequestHandler<ParamsDictionary, any, any, ParsedQs, Record<string, any>> | RequestHandler<ParamsDictionary, any, any, ParsedQs, Record<...>>'.\r\n      Type '(req: Request, next: NextFunction) => void' is not assignable to type 'ErrorRequestHandler<ParamsDictionary, any, any, ParsedQs, Record<string, any>>'.\r\n        Types of parameters 'next' and 'req' are incompatible.\r\n          Type 'Request<ParamsDictionary, any, any, ParsedQs, Record<string, any>>' is not assignable to type 'NextFunction'.\r\n            Type 'Request<ParamsDictionary, any, any, ParsedQs, Record<string, any>>' provides no match for the signature '(err?: any): void'.\r\n\n    at Object.<anonymous> (C:\\Users\\dmotta\\Documents\\01 DESARROLLO\\12 clone-linktree-back\\clone-linktree-back\\src\\api\\resources\\auth\\auth.route.ts:1:7)\n    at Module._compile (internal/modules/cjs/loader.js:1085:14)\n    at Module._compile (C:\\Users\\dmotta\\Documents\\01 DESARROLLO\\12 clone-linktree-back\\clone-linktree-back\\node_modules\\source-map-support\\source-map-support.js:521:25)\n    at Module.m._compile (C:\\Users\\dmotta\\AppData\\Local\\Temp\\ts-node-dev-hook-7742140769634791.js:69:33)\n    at Module._extensions..js (internal/modules/cjs/loader.js:1114:10)\n    at require.extensions..jsx.require.extensions..js (C:\\Users\\dmotta\\AppData\\Local\\Temp\\ts-node-dev-hook-7742140769634791.js:114:20)\n    at require.extensions.<computed> (C:\\Users\\dmotta\\AppData\\Local\\Temp\\ts-node-dev-hook-7742140769634791.js:71:20)\n    at Object.nodeDevHook [as .ts] (C:\\Users\\dmotta\\Documents\\01 DESARROLLO\\12 clone-linktree-back\\clone-linktree-back\\node_modules\\ts-node-dev\\lib\\hook.js:63:13)\n    at Module.load (internal/modules/cjs/loader.js:950:32)\n    at Function.Module._load (internal/modules/cjs/loader.js:790:12)","trace":[{"column":7,"file":"C:\\Users\\dmotta\\Documents\\01 DESARROLLO\\12 clone-linktree-back\\clone-linktree-back\\src\\api\\resources\\auth\\auth.route.ts","function":null,"line":1,"method":null,"native":false},{"column":14,"file":"internal/modules/cjs/loader.js","function":"Module._compile","line":1085,"method":"_compile","native":false},{"column":25,"file":"C:\\Users\\dmotta\\Documents\\01 DESARROLLO\\12 clone-linktree-back\\clone-linktree-back\\node_modules\\source-map-support\\source-map-support.js","function":"Module._compile","line":521,"method":"_compile","native":false},{"column":33,"file":"C:\\Users\\dmotta\\AppData\\Local\\Temp\\ts-node-dev-hook-7742140769634791.js","function":"Module.m._compile","line":69,"method":"_compile","native":false},{"column":10,"file":"internal/modules/cjs/loader.js","function":"Module._extensions..js","line":1114,"method":".js","native":false},{"column":20,"file":"C:\\Users\\dmotta\\AppData\\Local\\Temp\\ts-node-dev-hook-7742140769634791.js","function":"require.extensions..jsx.require.extensions..js","line":114,"method":".js","native":false},{"column":20,"file":"C:\\Users\\dmotta\\AppData\\Local\\Temp\\ts-node-dev-hook-7742140769634791.js","function":"require.extensions.<computed>","line":71,"method":"<computed>","native":false},{"column":13,"file":"C:\\Users\\dmotta\\Documents\\01 DESARROLLO\\12 clone-linktree-back\\clone-linktree-back\\node_modules\\ts-node-dev\\lib\\hook.js","function":"Object.nodeDevHook [as .ts]","line":63,"method":"ts]","native":false},{"column":32,"file":"internal/modules/cjs/loader.js","function":"Module.load","line":950,"method":"load","native":false},{"column":12,"file":"internal/modules/cjs/loader.js","function":"Module._load","line":790,"method":"_load","native":false}]}
error: 2023-06-15T21:26:31.308Z uncaughtException: ⨯ Unable to compile TypeScript:
src/api/resources/auth/auth.route.ts(20,16): error TS2769: No overload matches this call.
  The last overload gave the following error.
    Type '(req: Request, next: NextFunction) => void' is not assignable to type 'ErrorRequestHandler<ParamsDictionary, any, any, ParsedQs, Record<string, any>> | RequestHandler<ParamsDictionary, any, any, ParsedQs, Record<...>>'.
      Type '(req: Request, next: NextFunction) => void' is not assignable to type 'ErrorRequestHandler<ParamsDictionary, any, any, ParsedQs, Record<string, any>>'.
        Types of parameters 'next' and 'req' are incompatible.
          Type 'Request<ParamsDictionary, any, any, ParsedQs, Record<string, any>>' is not assignable to type 'NextFunction'.
            Type 'Request<ParamsDictionary, any, any, ParsedQs, Record<string, any>>' provides no match for the signature '(err?: any): void'.

Error: ⨯ Unable to compile TypeScript:
src/api/resources/auth/auth.route.ts(20,16): error TS2769: No overload matches this call.
  The last overload gave the following error.
    Type '(req: Request, next: NextFunction) => void' is not assignable to type 'ErrorRequestHandler<ParamsDictionary, any, any, ParsedQs, Record<string, any>> | RequestHandler<ParamsDictionary, any, any, ParsedQs, Record<...>>'.
      Type '(req: Request, next: NextFunction) => void' is not assignable to type 'ErrorRequestHandler<ParamsDictionary, any, any, ParsedQs, Record<string, any>>'.
        Types of parameters 'next' and 'req' are incompatible.
          Type 'Request<ParamsDictionary, any, any, ParsedQs, Record<string, any>>' is not assignable to type 'NextFunction'.
            Type 'Request<ParamsDictionary, any, any, ParsedQs, Record<string, any>>' provides no match for the signature '(err?: any): void'.

    at Object.<anonymous> (C:\Users\dmotta\Documents\01 DESARROLLO\12 clone-linktree-back\clone-linktree-back\src\api\resources\auth\auth.route.ts:1:7)
    at Module._compile (internal/modules/cjs/loader.js:1085:14)
    at Module._compile (C:\Users\dmotta\Documents\01 DESARROLLO\12 clone-linktree-back\clone-linktree-back\node_modules\source-map-support\source-map-support.js:521:25)
    at Module.m._compile (C:\Users\dmotta\AppData\Local\Temp\ts-node-dev-hook-7742140769634791.js:69:33)
    at Module._extensions..js (internal/modules/cjs/loader.js:1114:10)
    at require.extensions..jsx.require.extensions..js (C:\Users\dmotta\AppData\Local\Temp\ts-node-dev-hook-7742140769634791.js:114:20)
    at require.extensions.<computed> (C:\Users\dmotta\AppData\Local\Temp\ts-node-dev-hook-7742140769634791.js:71:20)
    at Object.nodeDevHook [as .ts] (C:\Users\dmotta\Documents\01 DESARROLLO\12 clone-linktree-back\clone-linktree-back\node_modules\ts-node-dev\lib\hook.js:63:13)
    at Module.load (internal/modules/cjs/loader.js:950:32)
    at Function.Module._load (internal/modules/cjs/loader.js:790:12) {"date":"Thu Jun 15 2023 18:26:31 GMT-0300 (hora estándar de Argentina)","error":{},"exception":true,"os":{"loadavg":[0,0,0],"uptime":29282},"process":{"argv":["C:\\Program Files\\nodejs\\node.exe","src/index.ts"],"cwd":"C:\\Users\\dmotta\\Documents\\01 DESARROLLO\\12 clone-linktree-back\\clone-linktree-back","execPath":"C:\\Program Files\\nodejs\\node.exe","gid":null,"memoryUsage":{"arrayBuffers":367571,"external":1838741,"heapTotal":55115776,"heapUsed":24764216,"rss":76775424},"pid":22756,"uid":null,"version":"v14.18.0"},"stack":"Error: ⨯ Unable to compile TypeScript:\nsrc/api/resources/auth/auth.route.ts(20,16): error TS2769: No overload matches this call.\r\n  The last overload gave the following error.\r\n    Type '(req: Request, next: NextFunction) => void' is not assignable to type 'ErrorRequestHandler<ParamsDictionary, any, any, ParsedQs, Record<string, any>> | RequestHandler<ParamsDictionary, any, any, ParsedQs, Record<...>>'.\r\n      Type '(req: Request, next: NextFunction) => void' is not assignable to type 'ErrorRequestHandler<ParamsDictionary, any, any, ParsedQs, Record<string, any>>'.\r\n        Types of parameters 'next' and 'req' are incompatible.\r\n          Type 'Request<ParamsDictionary, any, any, ParsedQs, Record<string, any>>' is not assignable to type 'NextFunction'.\r\n            Type 'Request<ParamsDictionary, any, any, ParsedQs, Record<string, any>>' provides no match for the signature '(err?: any): void'.\r\n\n    at Object.<anonymous> (C:\\Users\\dmotta\\Documents\\01 DESARROLLO\\12 clone-linktree-back\\clone-linktree-back\\src\\api\\resources\\auth\\auth.route.ts:1:7)\n    at Module._compile (internal/modules/cjs/loader.js:1085:14)\n    at Module._compile (C:\\Users\\dmotta\\Documents\\01 DESARROLLO\\12 clone-linktree-back\\clone-linktree-back\\node_modules\\source-map-support\\source-map-support.js:521:25)\n    at Module.m._compile (C:\\Users\\dmotta\\AppData\\Local\\Temp\\ts-node-dev-hook-7742140769634791.js:69:33)\n    at Module._extensions..js (internal/modules/cjs/loader.js:1114:10)\n    at require.extensions..jsx.require.extensions..js (C:\\Users\\dmotta\\AppData\\Local\\Temp\\ts-node-dev-hook-7742140769634791.js:114:20)\n    at require.extensions.<computed> (C:\\Users\\dmotta\\AppData\\Local\\Temp\\ts-node-dev-hook-7742140769634791.js:71:20)\n    at Object.nodeDevHook [as .ts] (C:\\Users\\dmotta\\Documents\\01 DESARROLLO\\12 clone-linktree-back\\clone-linktree-back\\node_modules\\ts-node-dev\\lib\\hook.js:63:13)\n    at Module.load (internal/modules/cjs/loader.js:950:32)\n    at Function.Module._load (internal/modules/cjs/loader.js:790:12)","trace":[{"column":7,"file":"C:\\Users\\dmotta\\Documents\\01 DESARROLLO\\12 clone-linktree-back\\clone-linktree-back\\src\\api\\resources\\auth\\auth.route.ts","function":null,"line":1,"method":null,"native":false},{"column":14,"file":"internal/modules/cjs/loader.js","function":"Module._compile","line":1085,"method":"_compile","native":false},{"column":25,"file":"C:\\Users\\dmotta\\Documents\\01 DESARROLLO\\12 clone-linktree-back\\clone-linktree-back\\node_modules\\source-map-support\\source-map-support.js","function":"Module._compile","line":521,"method":"_compile","native":false},{"column":33,"file":"C:\\Users\\dmotta\\AppData\\Local\\Temp\\ts-node-dev-hook-7742140769634791.js","function":"Module.m._compile","line":69,"method":"_compile","native":false},{"column":10,"file":"internal/modules/cjs/loader.js","function":"Module._extensions..js","line":1114,"method":".js","native":false},{"column":20,"file":"C:\\Users\\dmotta\\AppData\\Local\\Temp\\ts-node-dev-hook-7742140769634791.js","function":"require.extensions..jsx.require.extensions..js","line":114,"method":".js","native":false},{"column":20,"file":"C:\\Users\\dmotta\\AppData\\Local\\Temp\\ts-node-dev-hook-7742140769634791.js","function":"require.extensions.<computed>","line":71,"method":"<computed>","native":false},{"column":13,"file":"C:\\Users\\dmotta\\Documents\\01 DESARROLLO\\12 clone-linktree-back\\clone-linktree-back\\node_modules\\ts-node-dev\\lib\\hook.js","function":"Object.nodeDevHook [as .ts]","line":63,"method":"ts]","native":false},{"column":32,"file":"internal/modules/cjs/loader.js","function":"Module.load","line":950,"method":"load","native":false},{"column":12,"file":"internal/modules/cjs/loader.js","function":"Module._load","line":790,"method":"_load","native":false}]}
error: 2023-06-15T21:26:47.135Z uncaughtException: ⨯ Unable to compile TypeScript:
src/api/resources/auth/auth.route.ts(20,16): error TS2769: No overload matches this call.
  The last overload gave the following error.
    Type '(req: Request<ParamsDictionary, any, any, ParsedQs, Record<string, any>>, next: NextFunction) => void' is not assignable to type 'ErrorRequestHandler<ParamsDictionary, any, any, ParsedQs, Record<string, any>> | RequestHandler<ParamsDictionary, any, any, ParsedQs, Record<...>>'.
      Type '(req: Request<ParamsDictionary, any, any, ParsedQs, Record<string, any>>, next: NextFunction) => void' is not assignable to type 'ErrorRequestHandler<ParamsDictionary, any, any, ParsedQs, Record<string, any>>'.
        Types of parameters 'next' and 'req' are incompatible.
          Type 'Request<ParamsDictionary, any, any, ParsedQs, Record<string, any>>' is not assignable to type 'NextFunction'.
            Type 'Request<ParamsDictionary, any, any, ParsedQs, Record<string, any>>' provides no match for the signature '(err?: any): void'.

Error: ⨯ Unable to compile TypeScript:
src/api/resources/auth/auth.route.ts(20,16): error TS2769: No overload matches this call.
  The last overload gave the following error.
    Type '(req: Request<ParamsDictionary, any, any, ParsedQs, Record<string, any>>, next: NextFunction) => void' is not assignable to type 'ErrorRequestHandler<ParamsDictionary, any, any, ParsedQs, Record<string, any>> | RequestHandler<ParamsDictionary, any, any, ParsedQs, Record<...>>'.
      Type '(req: Request<ParamsDictionary, any, any, ParsedQs, Record<string, any>>, next: NextFunction) => void' is not assignable to type 'ErrorRequestHandler<ParamsDictionary, any, any, ParsedQs, Record<string, any>>'.
        Types of parameters 'next' and 'req' are incompatible.
          Type 'Request<ParamsDictionary, any, any, ParsedQs, Record<string, any>>' is not assignable to type 'NextFunction'.
            Type 'Request<ParamsDictionary, any, any, ParsedQs, Record<string, any>>' provides no match for the signature '(err?: any): void'.

    at Object.<anonymous> (C:\Users\dmotta\Documents\01 DESARROLLO\12 clone-linktree-back\clone-linktree-back\src\api\resources\auth\auth.route.ts:1:7)
    at Module._compile (internal/modules/cjs/loader.js:1085:14)
    at Module._compile (C:\Users\dmotta\Documents\01 DESARROLLO\12 clone-linktree-back\clone-linktree-back\node_modules\source-map-support\source-map-support.js:521:25)
    at Module.m._compile (C:\Users\dmotta\AppData\Local\Temp\ts-node-dev-hook-7742140769634791.js:69:33)
    at Module._extensions..js (internal/modules/cjs/loader.js:1114:10)
    at require.extensions..jsx.require.extensions..js (C:\Users\dmotta\AppData\Local\Temp\ts-node-dev-hook-7742140769634791.js:114:20)
    at require.extensions.<computed> (C:\Users\dmotta\AppData\Local\Temp\ts-node-dev-hook-7742140769634791.js:71:20)
    at Object.nodeDevHook [as .ts] (C:\Users\dmotta\Documents\01 DESARROLLO\12 clone-linktree-back\clone-linktree-back\node_modules\ts-node-dev\lib\hook.js:63:13)
    at Module.load (internal/modules/cjs/loader.js:950:32)
    at Function.Module._load (internal/modules/cjs/loader.js:790:12) {"date":"Thu Jun 15 2023 18:26:47 GMT-0300 (hora estándar de Argentina)","error":{},"exception":true,"os":{"loadavg":[0,0,0],"uptime":29298},"process":{"argv":["C:\\Program Files\\nodejs\\node.exe","src/index.ts"],"cwd":"C:\\Users\\dmotta\\Documents\\01 DESARROLLO\\12 clone-linktree-back\\clone-linktree-back","execPath":"C:\\Program Files\\nodejs\\node.exe","gid":null,"memoryUsage":{"arrayBuffers":421444,"external":1892496,"heapTotal":55644160,"heapUsed":25646192,"rss":76275712},"pid":9560,"uid":null,"version":"v14.18.0"},"stack":"Error: ⨯ Unable to compile TypeScript:\nsrc/api/resources/auth/auth.route.ts(20,16): error TS2769: No overload matches this call.\r\n  The last overload gave the following error.\r\n    Type '(req: Request<ParamsDictionary, any, any, ParsedQs, Record<string, any>>, next: NextFunction) => void' is not assignable to type 'ErrorRequestHandler<ParamsDictionary, any, any, ParsedQs, Record<string, any>> | RequestHandler<ParamsDictionary, any, any, ParsedQs, Record<...>>'.\r\n      Type '(req: Request<ParamsDictionary, any, any, ParsedQs, Record<string, any>>, next: NextFunction) => void' is not assignable to type 'ErrorRequestHandler<ParamsDictionary, any, any, ParsedQs, Record<string, any>>'.\r\n        Types of parameters 'next' and 'req' are incompatible.\r\n          Type 'Request<ParamsDictionary, any, any, ParsedQs, Record<string, any>>' is not assignable to type 'NextFunction'.\r\n            Type 'Request<ParamsDictionary, any, any, ParsedQs, Record<string, any>>' provides no match for the signature '(err?: any): void'.\r\n\n    at Object.<anonymous> (C:\\Users\\dmotta\\Documents\\01 DESARROLLO\\12 clone-linktree-back\\clone-linktree-back\\src\\api\\resources\\auth\\auth.route.ts:1:7)\n    at Module._compile (internal/modules/cjs/loader.js:1085:14)\n    at Module._compile (C:\\Users\\dmotta\\Documents\\01 DESARROLLO\\12 clone-linktree-back\\clone-linktree-back\\node_modules\\source-map-support\\source-map-support.js:521:25)\n    at Module.m._compile (C:\\Users\\dmotta\\AppData\\Local\\Temp\\ts-node-dev-hook-7742140769634791.js:69:33)\n    at Module._extensions..js (internal/modules/cjs/loader.js:1114:10)\n    at require.extensions..jsx.require.extensions..js (C:\\Users\\dmotta\\AppData\\Local\\Temp\\ts-node-dev-hook-7742140769634791.js:114:20)\n    at require.extensions.<computed> (C:\\Users\\dmotta\\AppData\\Local\\Temp\\ts-node-dev-hook-7742140769634791.js:71:20)\n    at Object.nodeDevHook [as .ts] (C:\\Users\\dmotta\\Documents\\01 DESARROLLO\\12 clone-linktree-back\\clone-linktree-back\\node_modules\\ts-node-dev\\lib\\hook.js:63:13)\n    at Module.load (internal/modules/cjs/loader.js:950:32)\n    at Function.Module._load (internal/modules/cjs/loader.js:790:12)","trace":[{"column":7,"file":"C:\\Users\\dmotta\\Documents\\01 DESARROLLO\\12 clone-linktree-back\\clone-linktree-back\\src\\api\\resources\\auth\\auth.route.ts","function":null,"line":1,"method":null,"native":false},{"column":14,"file":"internal/modules/cjs/loader.js","function":"Module._compile","line":1085,"method":"_compile","native":false},{"column":25,"file":"C:\\Users\\dmotta\\Documents\\01 DESARROLLO\\12 clone-linktree-back\\clone-linktree-back\\node_modules\\source-map-support\\source-map-support.js","function":"Module._compile","line":521,"method":"_compile","native":false},{"column":33,"file":"C:\\Users\\dmotta\\AppData\\Local\\Temp\\ts-node-dev-hook-7742140769634791.js","function":"Module.m._compile","line":69,"method":"_compile","native":false},{"column":10,"file":"internal/modules/cjs/loader.js","function":"Module._extensions..js","line":1114,"method":".js","native":false},{"column":20,"file":"C:\\Users\\dmotta\\AppData\\Local\\Temp\\ts-node-dev-hook-7742140769634791.js","function":"require.extensions..jsx.require.extensions..js","line":114,"method":".js","native":false},{"column":20,"file":"C:\\Users\\dmotta\\AppData\\Local\\Temp\\ts-node-dev-hook-7742140769634791.js","function":"require.extensions.<computed>","line":71,"method":"<computed>","native":false},{"column":13,"file":"C:\\Users\\dmotta\\Documents\\01 DESARROLLO\\12 clone-linktree-back\\clone-linktree-back\\node_modules\\ts-node-dev\\lib\\hook.js","function":"Object.nodeDevHook [as .ts]","line":63,"method":"ts]","native":false},{"column":32,"file":"internal/modules/cjs/loader.js","function":"Module.load","line":950,"method":"load","native":false},{"column":12,"file":"internal/modules/cjs/loader.js","function":"Module._load","line":790,"method":"_load","native":false}]}
error: 2023-06-15T21:29:25.154Z uncaughtException: ⨯ Unable to compile TypeScript:
src/api/resources/auth/auth.route.ts(13,46): error TS6133: 'res' is declared but its value is never read.

Error: ⨯ Unable to compile TypeScript:
src/api/resources/auth/auth.route.ts(13,46): error TS6133: 'res' is declared but its value is never read.

    at Object.<anonymous> (C:\Users\dmotta\Documents\01 DESARROLLO\12 clone-linktree-back\clone-linktree-back\src\api\resources\auth\auth.route.ts:1:7)
    at Module._compile (internal/modules/cjs/loader.js:1085:14)
    at Module._compile (C:\Users\dmotta\Documents\01 DESARROLLO\12 clone-linktree-back\clone-linktree-back\node_modules\source-map-support\source-map-support.js:521:25)
    at Module.m._compile (C:\Users\dmotta\AppData\Local\Temp\ts-node-dev-hook-7742140769634791.js:69:33)
    at Module._extensions..js (internal/modules/cjs/loader.js:1114:10)
    at require.extensions..jsx.require.extensions..js (C:\Users\dmotta\AppData\Local\Temp\ts-node-dev-hook-7742140769634791.js:114:20)
    at require.extensions.<computed> (C:\Users\dmotta\AppData\Local\Temp\ts-node-dev-hook-7742140769634791.js:71:20)
    at Object.nodeDevHook [as .ts] (C:\Users\dmotta\Documents\01 DESARROLLO\12 clone-linktree-back\clone-linktree-back\node_modules\ts-node-dev\lib\hook.js:63:13)
    at Module.load (internal/modules/cjs/loader.js:950:32)
    at Function.Module._load (internal/modules/cjs/loader.js:790:12) {"date":"Thu Jun 15 2023 18:29:25 GMT-0300 (hora estándar de Argentina)","error":{},"exception":true,"os":{"loadavg":[0,0,0],"uptime":29456},"process":{"argv":["C:\\Program Files\\nodejs\\node.exe","src/index.ts"],"cwd":"C:\\Users\\dmotta\\Documents\\01 DESARROLLO\\12 clone-linktree-back\\clone-linktree-back","execPath":"C:\\Program Files\\nodejs\\node.exe","gid":null,"memoryUsage":{"arrayBuffers":366797,"external":1838741,"heapTotal":55377920,"heapUsed":24739808,"rss":76304384},"pid":18672,"uid":null,"version":"v14.18.0"},"stack":"Error: ⨯ Unable to compile TypeScript:\nsrc/api/resources/auth/auth.route.ts(13,46): error TS6133: 'res' is declared but its value is never read.\r\n\n    at Object.<anonymous> (C:\\Users\\dmotta\\Documents\\01 DESARROLLO\\12 clone-linktree-back\\clone-linktree-back\\src\\api\\resources\\auth\\auth.route.ts:1:7)\n    at Module._compile (internal/modules/cjs/loader.js:1085:14)\n    at Module._compile (C:\\Users\\dmotta\\Documents\\01 DESARROLLO\\12 clone-linktree-back\\clone-linktree-back\\node_modules\\source-map-support\\source-map-support.js:521:25)\n    at Module.m._compile (C:\\Users\\dmotta\\AppData\\Local\\Temp\\ts-node-dev-hook-7742140769634791.js:69:33)\n    at Module._extensions..js (internal/modules/cjs/loader.js:1114:10)\n    at require.extensions..jsx.require.extensions..js (C:\\Users\\dmotta\\AppData\\Local\\Temp\\ts-node-dev-hook-7742140769634791.js:114:20)\n    at require.extensions.<computed> (C:\\Users\\dmotta\\AppData\\Local\\Temp\\ts-node-dev-hook-7742140769634791.js:71:20)\n    at Object.nodeDevHook [as .ts] (C:\\Users\\dmotta\\Documents\\01 DESARROLLO\\12 clone-linktree-back\\clone-linktree-back\\node_modules\\ts-node-dev\\lib\\hook.js:63:13)\n    at Module.load (internal/modules/cjs/loader.js:950:32)\n    at Function.Module._load (internal/modules/cjs/loader.js:790:12)","trace":[{"column":7,"file":"C:\\Users\\dmotta\\Documents\\01 DESARROLLO\\12 clone-linktree-back\\clone-linktree-back\\src\\api\\resources\\auth\\auth.route.ts","function":null,"line":1,"method":null,"native":false},{"column":14,"file":"internal/modules/cjs/loader.js","function":"Module._compile","line":1085,"method":"_compile","native":false},{"column":25,"file":"C:\\Users\\dmotta\\Documents\\01 DESARROLLO\\12 clone-linktree-back\\clone-linktree-back\\node_modules\\source-map-support\\source-map-support.js","function":"Module._compile","line":521,"method":"_compile","native":false},{"column":33,"file":"C:\\Users\\dmotta\\AppData\\Local\\Temp\\ts-node-dev-hook-7742140769634791.js","function":"Module.m._compile","line":69,"method":"_compile","native":false},{"column":10,"file":"internal/modules/cjs/loader.js","function":"Module._extensions..js","line":1114,"method":".js","native":false},{"column":20,"file":"C:\\Users\\dmotta\\AppData\\Local\\Temp\\ts-node-dev-hook-7742140769634791.js","function":"require.extensions..jsx.require.extensions..js","line":114,"method":".js","native":false},{"column":20,"file":"C:\\Users\\dmotta\\AppData\\Local\\Temp\\ts-node-dev-hook-7742140769634791.js","function":"require.extensions.<computed>","line":71,"method":"<computed>","native":false},{"column":13,"file":"C:\\Users\\dmotta\\Documents\\01 DESARROLLO\\12 clone-linktree-back\\clone-linktree-back\\node_modules\\ts-node-dev\\lib\\hook.js","function":"Object.nodeDevHook [as .ts]","line":63,"method":"ts]","native":false},{"column":32,"file":"internal/modules/cjs/loader.js","function":"Module.load","line":950,"method":"load","native":false},{"column":12,"file":"internal/modules/cjs/loader.js","function":"Module._load","line":790,"method":"_load","native":false}]}
error: 2023-06-15T21:31:01.104Z uncaughtException: ⨯ Unable to compile TypeScript:
src/api/resources/auth/auth.route.ts(13,46): error TS6133: 'res' is declared but its value is never read.
src/api/resources/auth/auth.route.ts(20,41): error TS2304: Cannot find name 'RequestHandler'.

Error: ⨯ Unable to compile TypeScript:
src/api/resources/auth/auth.route.ts(13,46): error TS6133: 'res' is declared but its value is never read.
src/api/resources/auth/auth.route.ts(20,41): error TS2304: Cannot find name 'RequestHandler'.

    at Object.<anonymous> (C:\Users\dmotta\Documents\01 DESARROLLO\12 clone-linktree-back\clone-linktree-back\src\api\resources\auth\auth.route.ts:1:7)
    at Module._compile (internal/modules/cjs/loader.js:1085:14)
    at Module._compile (C:\Users\dmotta\Documents\01 DESARROLLO\12 clone-linktree-back\clone-linktree-back\node_modules\source-map-support\source-map-support.js:521:25)
    at Module.m._compile (C:\Users\dmotta\AppData\Local\Temp\ts-node-dev-hook-7742140769634791.js:69:33)
    at Module._extensions..js (internal/modules/cjs/loader.js:1114:10)
    at require.extensions..jsx.require.extensions..js (C:\Users\dmotta\AppData\Local\Temp\ts-node-dev-hook-7742140769634791.js:114:20)
    at require.extensions.<computed> (C:\Users\dmotta\AppData\Local\Temp\ts-node-dev-hook-7742140769634791.js:71:20)
    at Object.nodeDevHook [as .ts] (C:\Users\dmotta\Documents\01 DESARROLLO\12 clone-linktree-back\clone-linktree-back\node_modules\ts-node-dev\lib\hook.js:63:13)
    at Module.load (internal/modules/cjs/loader.js:950:32)
    at Function.Module._load (internal/modules/cjs/loader.js:790:12) {"date":"Thu Jun 15 2023 18:31:01 GMT-0300 (hora estándar de Argentina)","error":{},"exception":true,"os":{"loadavg":[0,0,0],"uptime":29552},"process":{"argv":["C:\\Program Files\\nodejs\\node.exe","src/index.ts"],"cwd":"C:\\Users\\dmotta\\Documents\\01 DESARROLLO\\12 clone-linktree-back\\clone-linktree-back","execPath":"C:\\Program Files\\nodejs\\node.exe","gid":null,"memoryUsage":{"arrayBuffers":366894,"external":1838741,"heapTotal":55377920,"heapUsed":24848688,"rss":76378112},"pid":18460,"uid":null,"version":"v14.18.0"},"stack":"Error: ⨯ Unable to compile TypeScript:\nsrc/api/resources/auth/auth.route.ts(13,46): error TS6133: 'res' is declared but its value is never read.\r\nsrc/api/resources/auth/auth.route.ts(20,41): error TS2304: Cannot find name 'RequestHandler'.\r\n\n    at Object.<anonymous> (C:\\Users\\dmotta\\Documents\\01 DESARROLLO\\12 clone-linktree-back\\clone-linktree-back\\src\\api\\resources\\auth\\auth.route.ts:1:7)\n    at Module._compile (internal/modules/cjs/loader.js:1085:14)\n    at Module._compile (C:\\Users\\dmotta\\Documents\\01 DESARROLLO\\12 clone-linktree-back\\clone-linktree-back\\node_modules\\source-map-support\\source-map-support.js:521:25)\n    at Module.m._compile (C:\\Users\\dmotta\\AppData\\Local\\Temp\\ts-node-dev-hook-7742140769634791.js:69:33)\n    at Module._extensions..js (internal/modules/cjs/loader.js:1114:10)\n    at require.extensions..jsx.require.extensions..js (C:\\Users\\dmotta\\AppData\\Local\\Temp\\ts-node-dev-hook-7742140769634791.js:114:20)\n    at require.extensions.<computed> (C:\\Users\\dmotta\\AppData\\Local\\Temp\\ts-node-dev-hook-7742140769634791.js:71:20)\n    at Object.nodeDevHook [as .ts] (C:\\Users\\dmotta\\Documents\\01 DESARROLLO\\12 clone-linktree-back\\clone-linktree-back\\node_modules\\ts-node-dev\\lib\\hook.js:63:13)\n    at Module.load (internal/modules/cjs/loader.js:950:32)\n    at Function.Module._load (internal/modules/cjs/loader.js:790:12)","trace":[{"column":7,"file":"C:\\Users\\dmotta\\Documents\\01 DESARROLLO\\12 clone-linktree-back\\clone-linktree-back\\src\\api\\resources\\auth\\auth.route.ts","function":null,"line":1,"method":null,"native":false},{"column":14,"file":"internal/modules/cjs/loader.js","function":"Module._compile","line":1085,"method":"_compile","native":false},{"column":25,"file":"C:\\Users\\dmotta\\Documents\\01 DESARROLLO\\12 clone-linktree-back\\clone-linktree-back\\node_modules\\source-map-support\\source-map-support.js","function":"Module._compile","line":521,"method":"_compile","native":false},{"column":33,"file":"C:\\Users\\dmotta\\AppData\\Local\\Temp\\ts-node-dev-hook-7742140769634791.js","function":"Module.m._compile","line":69,"method":"_compile","native":false},{"column":10,"file":"internal/modules/cjs/loader.js","function":"Module._extensions..js","line":1114,"method":".js","native":false},{"column":20,"file":"C:\\Users\\dmotta\\AppData\\Local\\Temp\\ts-node-dev-hook-7742140769634791.js","function":"require.extensions..jsx.require.extensions..js","line":114,"method":".js","native":false},{"column":20,"file":"C:\\Users\\dmotta\\AppData\\Local\\Temp\\ts-node-dev-hook-7742140769634791.js","function":"require.extensions.<computed>","line":71,"method":"<computed>","native":false},{"column":13,"file":"C:\\Users\\dmotta\\Documents\\01 DESARROLLO\\12 clone-linktree-back\\clone-linktree-back\\node_modules\\ts-node-dev\\lib\\hook.js","function":"Object.nodeDevHook [as .ts]","line":63,"method":"ts]","native":false},{"column":32,"file":"internal/modules/cjs/loader.js","function":"Module.load","line":950,"method":"load","native":false},{"column":12,"file":"internal/modules/cjs/loader.js","function":"Module._load","line":790,"method":"_load","native":false}]}
error: 2023-06-15T21:31:09.336Z uncaughtException: ⨯ Unable to compile TypeScript:
src/api/resources/auth/auth.route.ts(13,46): error TS6133: 'res' is declared but its value is never read.

Error: ⨯ Unable to compile TypeScript:
src/api/resources/auth/auth.route.ts(13,46): error TS6133: 'res' is declared but its value is never read.

    at Object.<anonymous> (C:\Users\dmotta\Documents\01 DESARROLLO\12 clone-linktree-back\clone-linktree-back\src\api\resources\auth\auth.route.ts:1:7)
    at Module._compile (internal/modules/cjs/loader.js:1085:14)
    at Module._compile (C:\Users\dmotta\Documents\01 DESARROLLO\12 clone-linktree-back\clone-linktree-back\node_modules\source-map-support\source-map-support.js:521:25)
    at Module.m._compile (C:\Users\dmotta\AppData\Local\Temp\ts-node-dev-hook-7742140769634791.js:69:33)
    at Module._extensions..js (internal/modules/cjs/loader.js:1114:10)
    at require.extensions..jsx.require.extensions..js (C:\Users\dmotta\AppData\Local\Temp\ts-node-dev-hook-7742140769634791.js:114:20)
    at require.extensions.<computed> (C:\Users\dmotta\AppData\Local\Temp\ts-node-dev-hook-7742140769634791.js:71:20)
    at Object.nodeDevHook [as .ts] (C:\Users\dmotta\Documents\01 DESARROLLO\12 clone-linktree-back\clone-linktree-back\node_modules\ts-node-dev\lib\hook.js:63:13)
    at Module.load (internal/modules/cjs/loader.js:950:32)
    at Function.Module._load (internal/modules/cjs/loader.js:790:12) {"date":"Thu Jun 15 2023 18:31:09 GMT-0300 (hora estándar de Argentina)","error":{},"exception":true,"os":{"loadavg":[0,0,0],"uptime":29560},"process":{"argv":["C:\\Program Files\\nodejs\\node.exe","src/index.ts"],"cwd":"C:\\Users\\dmotta\\Documents\\01 DESARROLLO\\12 clone-linktree-back\\clone-linktree-back","execPath":"C:\\Program Files\\nodejs\\node.exe","gid":null,"memoryUsage":{"arrayBuffers":420552,"external":1892496,"heapTotal":55382016,"heapUsed":25650976,"rss":75976704},"pid":15460,"uid":null,"version":"v14.18.0"},"stack":"Error: ⨯ Unable to compile TypeScript:\nsrc/api/resources/auth/auth.route.ts(13,46): error TS6133: 'res' is declared but its value is never read.\r\n\n    at Object.<anonymous> (C:\\Users\\dmotta\\Documents\\01 DESARROLLO\\12 clone-linktree-back\\clone-linktree-back\\src\\api\\resources\\auth\\auth.route.ts:1:7)\n    at Module._compile (internal/modules/cjs/loader.js:1085:14)\n    at Module._compile (C:\\Users\\dmotta\\Documents\\01 DESARROLLO\\12 clone-linktree-back\\clone-linktree-back\\node_modules\\source-map-support\\source-map-support.js:521:25)\n    at Module.m._compile (C:\\Users\\dmotta\\AppData\\Local\\Temp\\ts-node-dev-hook-7742140769634791.js:69:33)\n    at Module._extensions..js (internal/modules/cjs/loader.js:1114:10)\n    at require.extensions..jsx.require.extensions..js (C:\\Users\\dmotta\\AppData\\Local\\Temp\\ts-node-dev-hook-7742140769634791.js:114:20)\n    at require.extensions.<computed> (C:\\Users\\dmotta\\AppData\\Local\\Temp\\ts-node-dev-hook-7742140769634791.js:71:20)\n    at Object.nodeDevHook [as .ts] (C:\\Users\\dmotta\\Documents\\01 DESARROLLO\\12 clone-linktree-back\\clone-linktree-back\\node_modules\\ts-node-dev\\lib\\hook.js:63:13)\n    at Module.load (internal/modules/cjs/loader.js:950:32)\n    at Function.Module._load (internal/modules/cjs/loader.js:790:12)","trace":[{"column":7,"file":"C:\\Users\\dmotta\\Documents\\01 DESARROLLO\\12 clone-linktree-back\\clone-linktree-back\\src\\api\\resources\\auth\\auth.route.ts","function":null,"line":1,"method":null,"native":false},{"column":14,"file":"internal/modules/cjs/loader.js","function":"Module._compile","line":1085,"method":"_compile","native":false},{"column":25,"file":"C:\\Users\\dmotta\\Documents\\01 DESARROLLO\\12 clone-linktree-back\\clone-linktree-back\\node_modules\\source-map-support\\source-map-support.js","function":"Module._compile","line":521,"method":"_compile","native":false},{"column":33,"file":"C:\\Users\\dmotta\\AppData\\Local\\Temp\\ts-node-dev-hook-7742140769634791.js","function":"Module.m._compile","line":69,"method":"_compile","native":false},{"column":10,"file":"internal/modules/cjs/loader.js","function":"Module._extensions..js","line":1114,"method":".js","native":false},{"column":20,"file":"C:\\Users\\dmotta\\AppData\\Local\\Temp\\ts-node-dev-hook-7742140769634791.js","function":"require.extensions..jsx.require.extensions..js","line":114,"method":".js","native":false},{"column":20,"file":"C:\\Users\\dmotta\\AppData\\Local\\Temp\\ts-node-dev-hook-7742140769634791.js","function":"require.extensions.<computed>","line":71,"method":"<computed>","native":false},{"column":13,"file":"C:\\Users\\dmotta\\Documents\\01 DESARROLLO\\12 clone-linktree-back\\clone-linktree-back\\node_modules\\ts-node-dev\\lib\\hook.js","function":"Object.nodeDevHook [as .ts]","line":63,"method":"ts]","native":false},{"column":32,"file":"internal/modules/cjs/loader.js","function":"Module.load","line":950,"method":"load","native":false},{"column":12,"file":"internal/modules/cjs/loader.js","function":"Module._load","line":790,"method":"_load","native":false}]}
error: 2023-06-15T21:31:30.989Z uncaughtException: ⨯ Unable to compile TypeScript:
src/api/resources/auth/auth.route.ts(20,16): error TS2352: Conversion of type '(req: Request, next: NextFunction) => void' to type 'RequestHandler<ParamsDictionary, any, any, ParsedQs, Record<string, any>>' may be a mistake because neither type sufficiently overlaps with the other. If this was intentional, convert the expression to 'unknown' first.
  Types of parameters 'next' and 'res' are incompatible.
    Type 'Response<any, Record<string, any>, number>' is not comparable to type 'NextFunction'.
      Type 'Response<any, Record<string, any>, number>' provides no match for the signature '(err?: any): void'.

Error: ⨯ Unable to compile TypeScript:
src/api/resources/auth/auth.route.ts(20,16): error TS2352: Conversion of type '(req: Request, next: NextFunction) => void' to type 'RequestHandler<ParamsDictionary, any, any, ParsedQs, Record<string, any>>' may be a mistake because neither type sufficiently overlaps with the other. If this was intentional, convert the expression to 'unknown' first.
  Types of parameters 'next' and 'res' are incompatible.
    Type 'Response<any, Record<string, any>, number>' is not comparable to type 'NextFunction'.
      Type 'Response<any, Record<string, any>, number>' provides no match for the signature '(err?: any): void'.

    at Object.<anonymous> (C:\Users\dmotta\Documents\01 DESARROLLO\12 clone-linktree-back\clone-linktree-back\src\api\resources\auth\auth.route.ts:1:7)
    at Module._compile (internal/modules/cjs/loader.js:1085:14)
    at Module._compile (C:\Users\dmotta\Documents\01 DESARROLLO\12 clone-linktree-back\clone-linktree-back\node_modules\source-map-support\source-map-support.js:521:25)
    at Module.m._compile (C:\Users\dmotta\AppData\Local\Temp\ts-node-dev-hook-7742140769634791.js:69:33)
    at Module._extensions..js (internal/modules/cjs/loader.js:1114:10)
    at require.extensions..jsx.require.extensions..js (C:\Users\dmotta\AppData\Local\Temp\ts-node-dev-hook-7742140769634791.js:114:20)
    at require.extensions.<computed> (C:\Users\dmotta\AppData\Local\Temp\ts-node-dev-hook-7742140769634791.js:71:20)
    at Object.nodeDevHook [as .ts] (C:\Users\dmotta\Documents\01 DESARROLLO\12 clone-linktree-back\clone-linktree-back\node_modules\ts-node-dev\lib\hook.js:63:13)
    at Module.load (internal/modules/cjs/loader.js:950:32)
    at Function.Module._load (internal/modules/cjs/loader.js:790:12) {"date":"Thu Jun 15 2023 18:31:30 GMT-0300 (hora estándar de Argentina)","error":{},"exception":true,"os":{"loadavg":[0,0,0],"uptime":29582},"process":{"argv":["C:\\Program Files\\nodejs\\node.exe","src/index.ts"],"cwd":"C:\\Users\\dmotta\\Documents\\01 DESARROLLO\\12 clone-linktree-back\\clone-linktree-back","execPath":"C:\\Program Files\\nodejs\\node.exe","gid":null,"memoryUsage":{"arrayBuffers":367317,"external":1838741,"heapTotal":55115776,"heapUsed":25015144,"rss":76247040},"pid":18692,"uid":null,"version":"v14.18.0"},"stack":"Error: ⨯ Unable to compile TypeScript:\nsrc/api/resources/auth/auth.route.ts(20,16): error TS2352: Conversion of type '(req: Request, next: NextFunction) => void' to type 'RequestHandler<ParamsDictionary, any, any, ParsedQs, Record<string, any>>' may be a mistake because neither type sufficiently overlaps with the other. If this was intentional, convert the expression to 'unknown' first.\r\n  Types of parameters 'next' and 'res' are incompatible.\r\n    Type 'Response<any, Record<string, any>, number>' is not comparable to type 'NextFunction'.\r\n      Type 'Response<any, Record<string, any>, number>' provides no match for the signature '(err?: any): void'.\r\n\n    at Object.<anonymous> (C:\\Users\\dmotta\\Documents\\01 DESARROLLO\\12 clone-linktree-back\\clone-linktree-back\\src\\api\\resources\\auth\\auth.route.ts:1:7)\n    at Module._compile (internal/modules/cjs/loader.js:1085:14)\n    at Module._compile (C:\\Users\\dmotta\\Documents\\01 DESARROLLO\\12 clone-linktree-back\\clone-linktree-back\\node_modules\\source-map-support\\source-map-support.js:521:25)\n    at Module.m._compile (C:\\Users\\dmotta\\AppData\\Local\\Temp\\ts-node-dev-hook-7742140769634791.js:69:33)\n    at Module._extensions..js (internal/modules/cjs/loader.js:1114:10)\n    at require.extensions..jsx.require.extensions..js (C:\\Users\\dmotta\\AppData\\Local\\Temp\\ts-node-dev-hook-7742140769634791.js:114:20)\n    at require.extensions.<computed> (C:\\Users\\dmotta\\AppData\\Local\\Temp\\ts-node-dev-hook-7742140769634791.js:71:20)\n    at Object.nodeDevHook [as .ts] (C:\\Users\\dmotta\\Documents\\01 DESARROLLO\\12 clone-linktree-back\\clone-linktree-back\\node_modules\\ts-node-dev\\lib\\hook.js:63:13)\n    at Module.load (internal/modules/cjs/loader.js:950:32)\n    at Function.Module._load (internal/modules/cjs/loader.js:790:12)","trace":[{"column":7,"file":"C:\\Users\\dmotta\\Documents\\01 DESARROLLO\\12 clone-linktree-back\\clone-linktree-back\\src\\api\\resources\\auth\\auth.route.ts","function":null,"line":1,"method":null,"native":false},{"column":14,"file":"internal/modules/cjs/loader.js","function":"Module._compile","line":1085,"method":"_compile","native":false},{"column":25,"file":"C:\\Users\\dmotta\\Documents\\01 DESARROLLO\\12 clone-linktree-back\\clone-linktree-back\\node_modules\\source-map-support\\source-map-support.js","function":"Module._compile","line":521,"method":"_compile","native":false},{"column":33,"file":"C:\\Users\\dmotta\\AppData\\Local\\Temp\\ts-node-dev-hook-7742140769634791.js","function":"Module.m._compile","line":69,"method":"_compile","native":false},{"column":10,"file":"internal/modules/cjs/loader.js","function":"Module._extensions..js","line":1114,"method":".js","native":false},{"column":20,"file":"C:\\Users\\dmotta\\AppData\\Local\\Temp\\ts-node-dev-hook-7742140769634791.js","function":"require.extensions..jsx.require.extensions..js","line":114,"method":".js","native":false},{"column":20,"file":"C:\\Users\\dmotta\\AppData\\Local\\Temp\\ts-node-dev-hook-7742140769634791.js","function":"require.extensions.<computed>","line":71,"method":"<computed>","native":false},{"column":13,"file":"C:\\Users\\dmotta\\Documents\\01 DESARROLLO\\12 clone-linktree-back\\clone-linktree-back\\node_modules\\ts-node-dev\\lib\\hook.js","function":"Object.nodeDevHook [as .ts]","line":63,"method":"ts]","native":false},{"column":32,"file":"internal/modules/cjs/loader.js","function":"Module.load","line":950,"method":"load","native":false},{"column":12,"file":"internal/modules/cjs/loader.js","function":"Module._load","line":790,"method":"_load","native":false}]}
error: 2023-06-15T21:31:41.523Z uncaughtException: ⨯ Unable to compile TypeScript:
src/api/resources/auth/auth.route.ts(13,46): error TS6133: 'res' is declared but its value is never read.

Error: ⨯ Unable to compile TypeScript:
src/api/resources/auth/auth.route.ts(13,46): error TS6133: 'res' is declared but its value is never read.

    at Object.<anonymous> (C:\Users\dmotta\Documents\01 DESARROLLO\12 clone-linktree-back\clone-linktree-back\src\api\resources\auth\auth.route.ts:1:7)
    at Module._compile (internal/modules/cjs/loader.js:1085:14)
    at Module._compile (C:\Users\dmotta\Documents\01 DESARROLLO\12 clone-linktree-back\clone-linktree-back\node_modules\source-map-support\source-map-support.js:521:25)
    at Module.m._compile (C:\Users\dmotta\AppData\Local\Temp\ts-node-dev-hook-7742140769634791.js:69:33)
    at Module._extensions..js (internal/modules/cjs/loader.js:1114:10)
    at require.extensions..jsx.require.extensions..js (C:\Users\dmotta\AppData\Local\Temp\ts-node-dev-hook-7742140769634791.js:114:20)
    at require.extensions.<computed> (C:\Users\dmotta\AppData\Local\Temp\ts-node-dev-hook-7742140769634791.js:71:20)
    at Object.nodeDevHook [as .ts] (C:\Users\dmotta\Documents\01 DESARROLLO\12 clone-linktree-back\clone-linktree-back\node_modules\ts-node-dev\lib\hook.js:63:13)
    at Module.load (internal/modules/cjs/loader.js:950:32)
    at Function.Module._load (internal/modules/cjs/loader.js:790:12) {"date":"Thu Jun 15 2023 18:31:41 GMT-0300 (hora estándar de Argentina)","error":{},"exception":true,"os":{"loadavg":[0,0,0],"uptime":29592},"process":{"argv":["C:\\Program Files\\nodejs\\node.exe","src/index.ts"],"cwd":"C:\\Users\\dmotta\\Documents\\01 DESARROLLO\\12 clone-linktree-back\\clone-linktree-back","execPath":"C:\\Program Files\\nodejs\\node.exe","gid":null,"memoryUsage":{"arrayBuffers":420552,"external":1892496,"heapTotal":55644160,"heapUsed":25585128,"rss":76017664},"pid":22976,"uid":null,"version":"v14.18.0"},"stack":"Error: ⨯ Unable to compile TypeScript:\nsrc/api/resources/auth/auth.route.ts(13,46): error TS6133: 'res' is declared but its value is never read.\r\n\n    at Object.<anonymous> (C:\\Users\\dmotta\\Documents\\01 DESARROLLO\\12 clone-linktree-back\\clone-linktree-back\\src\\api\\resources\\auth\\auth.route.ts:1:7)\n    at Module._compile (internal/modules/cjs/loader.js:1085:14)\n    at Module._compile (C:\\Users\\dmotta\\Documents\\01 DESARROLLO\\12 clone-linktree-back\\clone-linktree-back\\node_modules\\source-map-support\\source-map-support.js:521:25)\n    at Module.m._compile (C:\\Users\\dmotta\\AppData\\Local\\Temp\\ts-node-dev-hook-7742140769634791.js:69:33)\n    at Module._extensions..js (internal/modules/cjs/loader.js:1114:10)\n    at require.extensions..jsx.require.extensions..js (C:\\Users\\dmotta\\AppData\\Local\\Temp\\ts-node-dev-hook-7742140769634791.js:114:20)\n    at require.extensions.<computed> (C:\\Users\\dmotta\\AppData\\Local\\Temp\\ts-node-dev-hook-7742140769634791.js:71:20)\n    at Object.nodeDevHook [as .ts] (C:\\Users\\dmotta\\Documents\\01 DESARROLLO\\12 clone-linktree-back\\clone-linktree-back\\node_modules\\ts-node-dev\\lib\\hook.js:63:13)\n    at Module.load (internal/modules/cjs/loader.js:950:32)\n    at Function.Module._load (internal/modules/cjs/loader.js:790:12)","trace":[{"column":7,"file":"C:\\Users\\dmotta\\Documents\\01 DESARROLLO\\12 clone-linktree-back\\clone-linktree-back\\src\\api\\resources\\auth\\auth.route.ts","function":null,"line":1,"method":null,"native":false},{"column":14,"file":"internal/modules/cjs/loader.js","function":"Module._compile","line":1085,"method":"_compile","native":false},{"column":25,"file":"C:\\Users\\dmotta\\Documents\\01 DESARROLLO\\12 clone-linktree-back\\clone-linktree-back\\node_modules\\source-map-support\\source-map-support.js","function":"Module._compile","line":521,"method":"_compile","native":false},{"column":33,"file":"C:\\Users\\dmotta\\AppData\\Local\\Temp\\ts-node-dev-hook-7742140769634791.js","function":"Module.m._compile","line":69,"method":"_compile","native":false},{"column":10,"file":"internal/modules/cjs/loader.js","function":"Module._extensions..js","line":1114,"method":".js","native":false},{"column":20,"file":"C:\\Users\\dmotta\\AppData\\Local\\Temp\\ts-node-dev-hook-7742140769634791.js","function":"require.extensions..jsx.require.extensions..js","line":114,"method":".js","native":false},{"column":20,"file":"C:\\Users\\dmotta\\AppData\\Local\\Temp\\ts-node-dev-hook-7742140769634791.js","function":"require.extensions.<computed>","line":71,"method":"<computed>","native":false},{"column":13,"file":"C:\\Users\\dmotta\\Documents\\01 DESARROLLO\\12 clone-linktree-back\\clone-linktree-back\\node_modules\\ts-node-dev\\lib\\hook.js","function":"Object.nodeDevHook [as .ts]","line":63,"method":"ts]","native":false},{"column":32,"file":"internal/modules/cjs/loader.js","function":"Module.load","line":950,"method":"load","native":false},{"column":12,"file":"internal/modules/cjs/loader.js","function":"Module._load","line":790,"method":"_load","native":false}]}
error: 2023-06-15T21:32:23.343Z uncaughtException: ⨯ Unable to compile TypeScript:
src/api/resources/auth/auth.route.ts(20,16): error TS2352: Conversion of type '(req: Request, next: NextFunction) => void' to type 'RequestHandler<ParamsDictionary, any, any, ParsedQs, Record<string, any>>' may be a mistake because neither type sufficiently overlaps with the other. If this was intentional, convert the expression to 'unknown' first.
  Types of parameters 'next' and 'res' are incompatible.
    Type 'Response<any, Record<string, any>, number>' is not comparable to type 'NextFunction'.
      Type 'Response<any, Record<string, any>, number>' provides no match for the signature '(err?: any): void'.

Error: ⨯ Unable to compile TypeScript:
src/api/resources/auth/auth.route.ts(20,16): error TS2352: Conversion of type '(req: Request, next: NextFunction) => void' to type 'RequestHandler<ParamsDictionary, any, any, ParsedQs, Record<string, any>>' may be a mistake because neither type sufficiently overlaps with the other. If this was intentional, convert the expression to 'unknown' first.
  Types of parameters 'next' and 'res' are incompatible.
    Type 'Response<any, Record<string, any>, number>' is not comparable to type 'NextFunction'.
      Type 'Response<any, Record<string, any>, number>' provides no match for the signature '(err?: any): void'.

    at Object.<anonymous> (C:\Users\dmotta\Documents\01 DESARROLLO\12 clone-linktree-back\clone-linktree-back\src\api\resources\auth\auth.route.ts:1:7)
    at Module._compile (internal/modules/cjs/loader.js:1085:14)
    at Module._compile (C:\Users\dmotta\Documents\01 DESARROLLO\12 clone-linktree-back\clone-linktree-back\node_modules\source-map-support\source-map-support.js:521:25)
    at Module.m._compile (C:\Users\dmotta\AppData\Local\Temp\ts-node-dev-hook-7742140769634791.js:69:33)
    at Module._extensions..js (internal/modules/cjs/loader.js:1114:10)
    at require.extensions..jsx.require.extensions..js (C:\Users\dmotta\AppData\Local\Temp\ts-node-dev-hook-7742140769634791.js:114:20)
    at require.extensions.<computed> (C:\Users\dmotta\AppData\Local\Temp\ts-node-dev-hook-7742140769634791.js:71:20)
    at Object.nodeDevHook [as .ts] (C:\Users\dmotta\Documents\01 DESARROLLO\12 clone-linktree-back\clone-linktree-back\node_modules\ts-node-dev\lib\hook.js:63:13)
    at Module.load (internal/modules/cjs/loader.js:950:32)
    at Function.Module._load (internal/modules/cjs/loader.js:790:12) {"date":"Thu Jun 15 2023 18:32:23 GMT-0300 (hora estándar de Argentina)","error":{},"exception":true,"os":{"loadavg":[0,0,0],"uptime":29634},"process":{"argv":["C:\\Program Files\\nodejs\\node.exe","src/index.ts"],"cwd":"C:\\Users\\dmotta\\Documents\\01 DESARROLLO\\12 clone-linktree-back\\clone-linktree-back","execPath":"C:\\Program Files\\nodejs\\node.exe","gid":null,"memoryUsage":{"arrayBuffers":367317,"external":1838741,"heapTotal":55377920,"heapUsed":24928032,"rss":76754944},"pid":3824,"uid":null,"version":"v14.18.0"},"stack":"Error: ⨯ Unable to compile TypeScript:\nsrc/api/resources/auth/auth.route.ts(20,16): error TS2352: Conversion of type '(req: Request, next: NextFunction) => void' to type 'RequestHandler<ParamsDictionary, any, any, ParsedQs, Record<string, any>>' may be a mistake because neither type sufficiently overlaps with the other. If this was intentional, convert the expression to 'unknown' first.\r\n  Types of parameters 'next' and 'res' are incompatible.\r\n    Type 'Response<any, Record<string, any>, number>' is not comparable to type 'NextFunction'.\r\n      Type 'Response<any, Record<string, any>, number>' provides no match for the signature '(err?: any): void'.\r\n\n    at Object.<anonymous> (C:\\Users\\dmotta\\Documents\\01 DESARROLLO\\12 clone-linktree-back\\clone-linktree-back\\src\\api\\resources\\auth\\auth.route.ts:1:7)\n    at Module._compile (internal/modules/cjs/loader.js:1085:14)\n    at Module._compile (C:\\Users\\dmotta\\Documents\\01 DESARROLLO\\12 clone-linktree-back\\clone-linktree-back\\node_modules\\source-map-support\\source-map-support.js:521:25)\n    at Module.m._compile (C:\\Users\\dmotta\\AppData\\Local\\Temp\\ts-node-dev-hook-7742140769634791.js:69:33)\n    at Module._extensions..js (internal/modules/cjs/loader.js:1114:10)\n    at require.extensions..jsx.require.extensions..js (C:\\Users\\dmotta\\AppData\\Local\\Temp\\ts-node-dev-hook-7742140769634791.js:114:20)\n    at require.extensions.<computed> (C:\\Users\\dmotta\\AppData\\Local\\Temp\\ts-node-dev-hook-7742140769634791.js:71:20)\n    at Object.nodeDevHook [as .ts] (C:\\Users\\dmotta\\Documents\\01 DESARROLLO\\12 clone-linktree-back\\clone-linktree-back\\node_modules\\ts-node-dev\\lib\\hook.js:63:13)\n    at Module.load (internal/modules/cjs/loader.js:950:32)\n    at Function.Module._load (internal/modules/cjs/loader.js:790:12)","trace":[{"column":7,"file":"C:\\Users\\dmotta\\Documents\\01 DESARROLLO\\12 clone-linktree-back\\clone-linktree-back\\src\\api\\resources\\auth\\auth.route.ts","function":null,"line":1,"method":null,"native":false},{"column":14,"file":"internal/modules/cjs/loader.js","function":"Module._compile","line":1085,"method":"_compile","native":false},{"column":25,"file":"C:\\Users\\dmotta\\Documents\\01 DESARROLLO\\12 clone-linktree-back\\clone-linktree-back\\node_modules\\source-map-support\\source-map-support.js","function":"Module._compile","line":521,"method":"_compile","native":false},{"column":33,"file":"C:\\Users\\dmotta\\AppData\\Local\\Temp\\ts-node-dev-hook-7742140769634791.js","function":"Module.m._compile","line":69,"method":"_compile","native":false},{"column":10,"file":"internal/modules/cjs/loader.js","function":"Module._extensions..js","line":1114,"method":".js","native":false},{"column":20,"file":"C:\\Users\\dmotta\\AppData\\Local\\Temp\\ts-node-dev-hook-7742140769634791.js","function":"require.extensions..jsx.require.extensions..js","line":114,"method":".js","native":false},{"column":20,"file":"C:\\Users\\dmotta\\AppData\\Local\\Temp\\ts-node-dev-hook-7742140769634791.js","function":"require.extensions.<computed>","line":71,"method":"<computed>","native":false},{"column":13,"file":"C:\\Users\\dmotta\\Documents\\01 DESARROLLO\\12 clone-linktree-back\\clone-linktree-back\\node_modules\\ts-node-dev\\lib\\hook.js","function":"Object.nodeDevHook [as .ts]","line":63,"method":"ts]","native":false},{"column":32,"file":"internal/modules/cjs/loader.js","function":"Module.load","line":950,"method":"load","native":false},{"column":12,"file":"internal/modules/cjs/loader.js","function":"Module._load","line":790,"method":"_load","native":false}]}
error: 2023-06-15T21:34:47.200Z uncaughtException: ⨯ Unable to compile TypeScript:
src/api/resources/auth/auth.route.ts(13,46): error TS6133: 'res' is declared but its value is never read.

Error: ⨯ Unable to compile TypeScript:
src/api/resources/auth/auth.route.ts(13,46): error TS6133: 'res' is declared but its value is never read.

    at Object.<anonymous> (C:\Users\dmotta\Documents\01 DESARROLLO\12 clone-linktree-back\clone-linktree-back\src\api\resources\auth\auth.route.ts:1:7)
    at Module._compile (internal/modules/cjs/loader.js:1085:14)
    at Module._compile (C:\Users\dmotta\Documents\01 DESARROLLO\12 clone-linktree-back\clone-linktree-back\node_modules\source-map-support\source-map-support.js:521:25)
    at Module.m._compile (C:\Users\dmotta\AppData\Local\Temp\ts-node-dev-hook-7742140769634791.js:69:33)
    at Module._extensions..js (internal/modules/cjs/loader.js:1114:10)
    at require.extensions..jsx.require.extensions..js (C:\Users\dmotta\AppData\Local\Temp\ts-node-dev-hook-7742140769634791.js:114:20)
    at require.extensions.<computed> (C:\Users\dmotta\AppData\Local\Temp\ts-node-dev-hook-7742140769634791.js:71:20)
    at Object.nodeDevHook [as .ts] (C:\Users\dmotta\Documents\01 DESARROLLO\12 clone-linktree-back\clone-linktree-back\node_modules\ts-node-dev\lib\hook.js:63:13)
    at Module.load (internal/modules/cjs/loader.js:950:32)
    at Function.Module._load (internal/modules/cjs/loader.js:790:12) {"date":"Thu Jun 15 2023 18:34:47 GMT-0300 (hora estándar de Argentina)","error":{},"exception":true,"os":{"loadavg":[0,0,0],"uptime":29778},"process":{"argv":["C:\\Program Files\\nodejs\\node.exe","src/index.ts"],"cwd":"C:\\Users\\dmotta\\Documents\\01 DESARROLLO\\12 clone-linktree-back\\clone-linktree-back","execPath":"C:\\Program Files\\nodejs\\node.exe","gid":null,"memoryUsage":{"arrayBuffers":420552,"external":1892496,"heapTotal":55382016,"heapUsed":25698608,"rss":76427264},"pid":21448,"uid":null,"version":"v14.18.0"},"stack":"Error: ⨯ Unable to compile TypeScript:\nsrc/api/resources/auth/auth.route.ts(13,46): error TS6133: 'res' is declared but its value is never read.\r\n\n    at Object.<anonymous> (C:\\Users\\dmotta\\Documents\\01 DESARROLLO\\12 clone-linktree-back\\clone-linktree-back\\src\\api\\resources\\auth\\auth.route.ts:1:7)\n    at Module._compile (internal/modules/cjs/loader.js:1085:14)\n    at Module._compile (C:\\Users\\dmotta\\Documents\\01 DESARROLLO\\12 clone-linktree-back\\clone-linktree-back\\node_modules\\source-map-support\\source-map-support.js:521:25)\n    at Module.m._compile (C:\\Users\\dmotta\\AppData\\Local\\Temp\\ts-node-dev-hook-7742140769634791.js:69:33)\n    at Module._extensions..js (internal/modules/cjs/loader.js:1114:10)\n    at require.extensions..jsx.require.extensions..js (C:\\Users\\dmotta\\AppData\\Local\\Temp\\ts-node-dev-hook-7742140769634791.js:114:20)\n    at require.extensions.<computed> (C:\\Users\\dmotta\\AppData\\Local\\Temp\\ts-node-dev-hook-7742140769634791.js:71:20)\n    at Object.nodeDevHook [as .ts] (C:\\Users\\dmotta\\Documents\\01 DESARROLLO\\12 clone-linktree-back\\clone-linktree-back\\node_modules\\ts-node-dev\\lib\\hook.js:63:13)\n    at Module.load (internal/modules/cjs/loader.js:950:32)\n    at Function.Module._load (internal/modules/cjs/loader.js:790:12)","trace":[{"column":7,"file":"C:\\Users\\dmotta\\Documents\\01 DESARROLLO\\12 clone-linktree-back\\clone-linktree-back\\src\\api\\resources\\auth\\auth.route.ts","function":null,"line":1,"method":null,"native":false},{"column":14,"file":"internal/modules/cjs/loader.js","function":"Module._compile","line":1085,"method":"_compile","native":false},{"column":25,"file":"C:\\Users\\dmotta\\Documents\\01 DESARROLLO\\12 clone-linktree-back\\clone-linktree-back\\node_modules\\source-map-support\\source-map-support.js","function":"Module._compile","line":521,"method":"_compile","native":false},{"column":33,"file":"C:\\Users\\dmotta\\AppData\\Local\\Temp\\ts-node-dev-hook-7742140769634791.js","function":"Module.m._compile","line":69,"method":"_compile","native":false},{"column":10,"file":"internal/modules/cjs/loader.js","function":"Module._extensions..js","line":1114,"method":".js","native":false},{"column":20,"file":"C:\\Users\\dmotta\\AppData\\Local\\Temp\\ts-node-dev-hook-7742140769634791.js","function":"require.extensions..jsx.require.extensions..js","line":114,"method":".js","native":false},{"column":20,"file":"C:\\Users\\dmotta\\AppData\\Local\\Temp\\ts-node-dev-hook-7742140769634791.js","function":"require.extensions.<computed>","line":71,"method":"<computed>","native":false},{"column":13,"file":"C:\\Users\\dmotta\\Documents\\01 DESARROLLO\\12 clone-linktree-back\\clone-linktree-back\\node_modules\\ts-node-dev\\lib\\hook.js","function":"Object.nodeDevHook [as .ts]","line":63,"method":"ts]","native":false},{"column":32,"file":"internal/modules/cjs/loader.js","function":"Module.load","line":950,"method":"load","native":false},{"column":12,"file":"internal/modules/cjs/loader.js","function":"Module._load","line":790,"method":"_load","native":false}]}
error: 2023-06-15T21:34:55.612Z uncaughtException: ⨯ Unable to compile TypeScript:
src/api/resources/auth/auth.route.ts(20,16): error TS2352: Conversion of type '(req: Request, next: NextFunction) => void' to type 'RequestHandler<ParamsDictionary, any, any, ParsedQs, Record<string, any>>' may be a mistake because neither type sufficiently overlaps with the other. If this was intentional, convert the expression to 'unknown' first.
  Types of parameters 'next' and 'res' are incompatible.
    Type 'Response<any, Record<string, any>, number>' is not comparable to type 'NextFunction'.
      Type 'Response<any, Record<string, any>, number>' provides no match for the signature '(err?: any): void'.

Error: ⨯ Unable to compile TypeScript:
src/api/resources/auth/auth.route.ts(20,16): error TS2352: Conversion of type '(req: Request, next: NextFunction) => void' to type 'RequestHandler<ParamsDictionary, any, any, ParsedQs, Record<string, any>>' may be a mistake because neither type sufficiently overlaps with the other. If this was intentional, convert the expression to 'unknown' first.
  Types of parameters 'next' and 'res' are incompatible.
    Type 'Response<any, Record<string, any>, number>' is not comparable to type 'NextFunction'.
      Type 'Response<any, Record<string, any>, number>' provides no match for the signature '(err?: any): void'.

    at Object.<anonymous> (C:\Users\dmotta\Documents\01 DESARROLLO\12 clone-linktree-back\clone-linktree-back\src\api\resources\auth\auth.route.ts:1:7)
    at Module._compile (internal/modules/cjs/loader.js:1085:14)
    at Module._compile (C:\Users\dmotta\Documents\01 DESARROLLO\12 clone-linktree-back\clone-linktree-back\node_modules\source-map-support\source-map-support.js:521:25)
    at Module.m._compile (C:\Users\dmotta\AppData\Local\Temp\ts-node-dev-hook-7742140769634791.js:69:33)
    at Module._extensions..js (internal/modules/cjs/loader.js:1114:10)
    at require.extensions..jsx.require.extensions..js (C:\Users\dmotta\AppData\Local\Temp\ts-node-dev-hook-7742140769634791.js:114:20)
    at require.extensions.<computed> (C:\Users\dmotta\AppData\Local\Temp\ts-node-dev-hook-7742140769634791.js:71:20)
    at Object.nodeDevHook [as .ts] (C:\Users\dmotta\Documents\01 DESARROLLO\12 clone-linktree-back\clone-linktree-back\node_modules\ts-node-dev\lib\hook.js:63:13)
    at Module.load (internal/modules/cjs/loader.js:950:32)
    at Function.Module._load (internal/modules/cjs/loader.js:790:12) {"date":"Thu Jun 15 2023 18:34:55 GMT-0300 (hora estándar de Argentina)","error":{},"exception":true,"os":{"loadavg":[0,0,0],"uptime":29787},"process":{"argv":["C:\\Program Files\\nodejs\\node.exe","src/index.ts"],"cwd":"C:\\Users\\dmotta\\Documents\\01 DESARROLLO\\12 clone-linktree-back\\clone-linktree-back","execPath":"C:\\Program Files\\nodejs\\node.exe","gid":null,"memoryUsage":{"arrayBuffers":377169,"external":1848593,"heapTotal":55115776,"heapUsed":24919048,"rss":76333056},"pid":20324,"uid":null,"version":"v14.18.0"},"stack":"Error: ⨯ Unable to compile TypeScript:\nsrc/api/resources/auth/auth.route.ts(20,16): error TS2352: Conversion of type '(req: Request, next: NextFunction) => void' to type 'RequestHandler<ParamsDictionary, any, any, ParsedQs, Record<string, any>>' may be a mistake because neither type sufficiently overlaps with the other. If this was intentional, convert the expression to 'unknown' first.\r\n  Types of parameters 'next' and 'res' are incompatible.\r\n    Type 'Response<any, Record<string, any>, number>' is not comparable to type 'NextFunction'.\r\n      Type 'Response<any, Record<string, any>, number>' provides no match for the signature '(err?: any): void'.\r\n\n    at Object.<anonymous> (C:\\Users\\dmotta\\Documents\\01 DESARROLLO\\12 clone-linktree-back\\clone-linktree-back\\src\\api\\resources\\auth\\auth.route.ts:1:7)\n    at Module._compile (internal/modules/cjs/loader.js:1085:14)\n    at Module._compile (C:\\Users\\dmotta\\Documents\\01 DESARROLLO\\12 clone-linktree-back\\clone-linktree-back\\node_modules\\source-map-support\\source-map-support.js:521:25)\n    at Module.m._compile (C:\\Users\\dmotta\\AppData\\Local\\Temp\\ts-node-dev-hook-7742140769634791.js:69:33)\n    at Module._extensions..js (internal/modules/cjs/loader.js:1114:10)\n    at require.extensions..jsx.require.extensions..js (C:\\Users\\dmotta\\AppData\\Local\\Temp\\ts-node-dev-hook-7742140769634791.js:114:20)\n    at require.extensions.<computed> (C:\\Users\\dmotta\\AppData\\Local\\Temp\\ts-node-dev-hook-7742140769634791.js:71:20)\n    at Object.nodeDevHook [as .ts] (C:\\Users\\dmotta\\Documents\\01 DESARROLLO\\12 clone-linktree-back\\clone-linktree-back\\node_modules\\ts-node-dev\\lib\\hook.js:63:13)\n    at Module.load (internal/modules/cjs/loader.js:950:32)\n    at Function.Module._load (internal/modules/cjs/loader.js:790:12)","trace":[{"column":7,"file":"C:\\Users\\dmotta\\Documents\\01 DESARROLLO\\12 clone-linktree-back\\clone-linktree-back\\src\\api\\resources\\auth\\auth.route.ts","function":null,"line":1,"method":null,"native":false},{"column":14,"file":"internal/modules/cjs/loader.js","function":"Module._compile","line":1085,"method":"_compile","native":false},{"column":25,"file":"C:\\Users\\dmotta\\Documents\\01 DESARROLLO\\12 clone-linktree-back\\clone-linktree-back\\node_modules\\source-map-support\\source-map-support.js","function":"Module._compile","line":521,"method":"_compile","native":false},{"column":33,"file":"C:\\Users\\dmotta\\AppData\\Local\\Temp\\ts-node-dev-hook-7742140769634791.js","function":"Module.m._compile","line":69,"method":"_compile","native":false},{"column":10,"file":"internal/modules/cjs/loader.js","function":"Module._extensions..js","line":1114,"method":".js","native":false},{"column":20,"file":"C:\\Users\\dmotta\\AppData\\Local\\Temp\\ts-node-dev-hook-7742140769634791.js","function":"require.extensions..jsx.require.extensions..js","line":114,"method":".js","native":false},{"column":20,"file":"C:\\Users\\dmotta\\AppData\\Local\\Temp\\ts-node-dev-hook-7742140769634791.js","function":"require.extensions.<computed>","line":71,"method":"<computed>","native":false},{"column":13,"file":"C:\\Users\\dmotta\\Documents\\01 DESARROLLO\\12 clone-linktree-back\\clone-linktree-back\\node_modules\\ts-node-dev\\lib\\hook.js","function":"Object.nodeDevHook [as .ts]","line":63,"method":"ts]","native":false},{"column":32,"file":"internal/modules/cjs/loader.js","function":"Module.load","line":950,"method":"load","native":false},{"column":12,"file":"internal/modules/cjs/loader.js","function":"Module._load","line":790,"method":"_load","native":false}]}
error: 2023-06-15T21:35:05.997Z uncaughtException: ⨯ Unable to compile TypeScript:
src/api/resources/auth/auth.route.ts(1,60): error TS6133: 'RequestHandler' is declared but its value is never read.
src/api/resources/auth/auth.route.ts(20,16): error TS2769: No overload matches this call.
  The last overload gave the following error.
    Type '(req: Request, next: NextFunction) => void' is not assignable to type 'ErrorRequestHandler<ParamsDictionary, any, any, ParsedQs, Record<string, any>> | RequestHandler<ParamsDictionary, any, any, ParsedQs, Record<...>>'.
      Type '(req: Request, next: NextFunction) => void' is not assignable to type 'ErrorRequestHandler<ParamsDictionary, any, any, ParsedQs, Record<string, any>>'.
        Types of parameters 'next' and 'req' are incompatible.
          Type 'Request<ParamsDictionary, any, any, ParsedQs, Record<string, any>>' is not assignable to type 'NextFunction'.
            Type 'Request<ParamsDictionary, any, any, ParsedQs, Record<string, any>>' provides no match for the signature '(err?: any): void'.

Error: ⨯ Unable to compile TypeScript:
src/api/resources/auth/auth.route.ts(1,60): error TS6133: 'RequestHandler' is declared but its value is never read.
src/api/resources/auth/auth.route.ts(20,16): error TS2769: No overload matches this call.
  The last overload gave the following error.
    Type '(req: Request, next: NextFunction) => void' is not assignable to type 'ErrorRequestHandler<ParamsDictionary, any, any, ParsedQs, Record<string, any>> | RequestHandler<ParamsDictionary, any, any, ParsedQs, Record<...>>'.
      Type '(req: Request, next: NextFunction) => void' is not assignable to type 'ErrorRequestHandler<ParamsDictionary, any, any, ParsedQs, Record<string, any>>'.
        Types of parameters 'next' and 'req' are incompatible.
          Type 'Request<ParamsDictionary, any, any, ParsedQs, Record<string, any>>' is not assignable to type 'NextFunction'.
            Type 'Request<ParamsDictionary, any, any, ParsedQs, Record<string, any>>' provides no match for the signature '(err?: any): void'.

    at Object.<anonymous> (C:\Users\dmotta\Documents\01 DESARROLLO\12 clone-linktree-back\clone-linktree-back\src\api\resources\auth\auth.route.ts:1:7)
    at Module._compile (internal/modules/cjs/loader.js:1085:14)
    at Module._compile (C:\Users\dmotta\Documents\01 DESARROLLO\12 clone-linktree-back\clone-linktree-back\node_modules\source-map-support\source-map-support.js:521:25)
    at Module.m._compile (C:\Users\dmotta\AppData\Local\Temp\ts-node-dev-hook-7742140769634791.js:69:33)
    at Module._extensions..js (internal/modules/cjs/loader.js:1114:10)
    at require.extensions..jsx.require.extensions..js (C:\Users\dmotta\AppData\Local\Temp\ts-node-dev-hook-7742140769634791.js:114:20)
    at require.extensions.<computed> (C:\Users\dmotta\AppData\Local\Temp\ts-node-dev-hook-7742140769634791.js:71:20)
    at Object.nodeDevHook [as .ts] (C:\Users\dmotta\Documents\01 DESARROLLO\12 clone-linktree-back\clone-linktree-back\node_modules\ts-node-dev\lib\hook.js:63:13)
    at Module.load (internal/modules/cjs/loader.js:950:32)
    at Function.Module._load (internal/modules/cjs/loader.js:790:12) {"date":"Thu Jun 15 2023 18:35:05 GMT-0300 (hora estándar de Argentina)","error":{},"exception":true,"os":{"loadavg":[0,0,0],"uptime":29797},"process":{"argv":["C:\\Program Files\\nodejs\\node.exe","src/index.ts"],"cwd":"C:\\Users\\dmotta\\Documents\\01 DESARROLLO\\12 clone-linktree-back\\clone-linktree-back","execPath":"C:\\Program Files\\nodejs\\node.exe","gid":null,"memoryUsage":{"arrayBuffers":421445,"external":1892496,"heapTotal":55644160,"heapUsed":25807960,"rss":76681216},"pid":17844,"uid":null,"version":"v14.18.0"},"stack":"Error: ⨯ Unable to compile TypeScript:\nsrc/api/resources/auth/auth.route.ts(1,60): error TS6133: 'RequestHandler' is declared but its value is never read.\r\nsrc/api/resources/auth/auth.route.ts(20,16): error TS2769: No overload matches this call.\r\n  The last overload gave the following error.\r\n    Type '(req: Request, next: NextFunction) => void' is not assignable to type 'ErrorRequestHandler<ParamsDictionary, any, any, ParsedQs, Record<string, any>> | RequestHandler<ParamsDictionary, any, any, ParsedQs, Record<...>>'.\r\n      Type '(req: Request, next: NextFunction) => void' is not assignable to type 'ErrorRequestHandler<ParamsDictionary, any, any, ParsedQs, Record<string, any>>'.\r\n        Types of parameters 'next' and 'req' are incompatible.\r\n          Type 'Request<ParamsDictionary, any, any, ParsedQs, Record<string, any>>' is not assignable to type 'NextFunction'.\r\n            Type 'Request<ParamsDictionary, any, any, ParsedQs, Record<string, any>>' provides no match for the signature '(err?: any): void'.\r\n\n    at Object.<anonymous> (C:\\Users\\dmotta\\Documents\\01 DESARROLLO\\12 clone-linktree-back\\clone-linktree-back\\src\\api\\resources\\auth\\auth.route.ts:1:7)\n    at Module._compile (internal/modules/cjs/loader.js:1085:14)\n    at Module._compile (C:\\Users\\dmotta\\Documents\\01 DESARROLLO\\12 clone-linktree-back\\clone-linktree-back\\node_modules\\source-map-support\\source-map-support.js:521:25)\n    at Module.m._compile (C:\\Users\\dmotta\\AppData\\Local\\Temp\\ts-node-dev-hook-7742140769634791.js:69:33)\n    at Module._extensions..js (internal/modules/cjs/loader.js:1114:10)\n    at require.extensions..jsx.require.extensions..js (C:\\Users\\dmotta\\AppData\\Local\\Temp\\ts-node-dev-hook-7742140769634791.js:114:20)\n    at require.extensions.<computed> (C:\\Users\\dmotta\\AppData\\Local\\Temp\\ts-node-dev-hook-7742140769634791.js:71:20)\n    at Object.nodeDevHook [as .ts] (C:\\Users\\dmotta\\Documents\\01 DESARROLLO\\12 clone-linktree-back\\clone-linktree-back\\node_modules\\ts-node-dev\\lib\\hook.js:63:13)\n    at Module.load (internal/modules/cjs/loader.js:950:32)\n    at Function.Module._load (internal/modules/cjs/loader.js:790:12)","trace":[{"column":7,"file":"C:\\Users\\dmotta\\Documents\\01 DESARROLLO\\12 clone-linktree-back\\clone-linktree-back\\src\\api\\resources\\auth\\auth.route.ts","function":null,"line":1,"method":null,"native":false},{"column":14,"file":"internal/modules/cjs/loader.js","function":"Module._compile","line":1085,"method":"_compile","native":false},{"column":25,"file":"C:\\Users\\dmotta\\Documents\\01 DESARROLLO\\12 clone-linktree-back\\clone-linktree-back\\node_modules\\source-map-support\\source-map-support.js","function":"Module._compile","line":521,"method":"_compile","native":false},{"column":33,"file":"C:\\Users\\dmotta\\AppData\\Local\\Temp\\ts-node-dev-hook-7742140769634791.js","function":"Module.m._compile","line":69,"method":"_compile","native":false},{"column":10,"file":"internal/modules/cjs/loader.js","function":"Module._extensions..js","line":1114,"method":".js","native":false},{"column":20,"file":"C:\\Users\\dmotta\\AppData\\Local\\Temp\\ts-node-dev-hook-7742140769634791.js","function":"require.extensions..jsx.require.extensions..js","line":114,"method":".js","native":false},{"column":20,"file":"C:\\Users\\dmotta\\AppData\\Local\\Temp\\ts-node-dev-hook-7742140769634791.js","function":"require.extensions.<computed>","line":71,"method":"<computed>","native":false},{"column":13,"file":"C:\\Users\\dmotta\\Documents\\01 DESARROLLO\\12 clone-linktree-back\\clone-linktree-back\\node_modules\\ts-node-dev\\lib\\hook.js","function":"Object.nodeDevHook [as .ts]","line":63,"method":"ts]","native":false},{"column":32,"file":"internal/modules/cjs/loader.js","function":"Module.load","line":950,"method":"load","native":false},{"column":12,"file":"internal/modules/cjs/loader.js","function":"Module._load","line":790,"method":"_load","native":false}]}
warn: 2023-06-15T21:38:06.480Z Los datos del usuario no pasaron la validación:  {"email":"admin","password":"admin"}
info: 2023-06-15T21:38:06.497Z ::1 - POST /auth/login HTTP/1.1 400 37 - 58.329 ms
info: 2023-06-15T21:45:10.961Z ::1 - POST /auth/login HTTP/1.1 500 1289 - 83.100 ms
info: 2023-06-15T21:48:07.619Z ::1 - POST /auth/login HTTP/1.1 500 1289 - 95.160 ms
info: 2023-06-15T21:49:30.241Z ::1 - POST /auth/login HTTP/1.1 500 1289 - 91.096 ms
info: 2023-06-15T21:51:57.431Z ::1 - POST /auth/login HTTP/1.1 500 1289 - 116.914 ms
info: 2023-06-15T21:51:58.946Z ::1 - POST /auth/login HTTP/1.1 500 1289 - 28.476 ms
info: 2023-06-15T21:51:59.762Z ::1 - POST /auth/login HTTP/1.1 500 1289 - 26.873 ms
info: 2023-06-15T21:54:44.134Z ::1 - POST /auth/login HTTP/1.1 500 1289 - 95.841 ms
error: 2023-06-15T21:57:19.853Z uncaughtException: ⨯ Unable to compile TypeScript:
src/models/user.model.ts(7,3): error TS6133: 'DefaultScope' is declared but its value is never read.

Error: ⨯ Unable to compile TypeScript:
src/models/user.model.ts(7,3): error TS6133: 'DefaultScope' is declared but its value is never read.

    at Object.<anonymous> (C:\Users\dmotta\Documents\01 DESARROLLO\12 clone-linktree-back\clone-linktree-back\src\models\user.model.ts:1:7)
    at Module._compile (internal/modules/cjs/loader.js:1085:14)
    at Module._compile (C:\Users\dmotta\Documents\01 DESARROLLO\12 clone-linktree-back\clone-linktree-back\node_modules\source-map-support\source-map-support.js:521:25)
    at Module.m._compile (C:\Users\dmotta\AppData\Local\Temp\ts-node-dev-hook-6962354624337181.js:69:33)
    at Module._extensions..js (internal/modules/cjs/loader.js:1114:10)
    at require.extensions..jsx.require.extensions..js (C:\Users\dmotta\AppData\Local\Temp\ts-node-dev-hook-6962354624337181.js:114:20)
    at require.extensions.<computed> (C:\Users\dmotta\AppData\Local\Temp\ts-node-dev-hook-6962354624337181.js:71:20)
    at Object.nodeDevHook [as .ts] (C:\Users\dmotta\Documents\01 DESARROLLO\12 clone-linktree-back\clone-linktree-back\node_modules\ts-node-dev\lib\hook.js:63:13)
    at Module.load (internal/modules/cjs/loader.js:950:32)
    at Function.Module._load (internal/modules/cjs/loader.js:790:12) {"date":"Thu Jun 15 2023 18:57:19 GMT-0300 (hora estándar de Argentina)","error":{},"exception":true,"os":{"loadavg":[0,0,0],"uptime":31131},"process":{"argv":["C:\\Program Files\\nodejs\\node.exe","src/index.ts"],"cwd":"C:\\Users\\dmotta\\Documents\\01 DESARROLLO\\12 clone-linktree-back\\clone-linktree-back","execPath":"C:\\Program Files\\nodejs\\node.exe","gid":null,"memoryUsage":{"arrayBuffers":120493,"external":1593858,"heapTotal":28938240,"heapUsed":13495736,"rss":45510656},"pid":22348,"uid":null,"version":"v14.18.0"},"stack":"Error: ⨯ Unable to compile TypeScript:\nsrc/models/user.model.ts(7,3): error TS6133: 'DefaultScope' is declared but its value is never read.\r\n\n    at Object.<anonymous> (C:\\Users\\dmotta\\Documents\\01 DESARROLLO\\12 clone-linktree-back\\clone-linktree-back\\src\\models\\user.model.ts:1:7)\n    at Module._compile (internal/modules/cjs/loader.js:1085:14)\n    at Module._compile (C:\\Users\\dmotta\\Documents\\01 DESARROLLO\\12 clone-linktree-back\\clone-linktree-back\\node_modules\\source-map-support\\source-map-support.js:521:25)\n    at Module.m._compile (C:\\Users\\dmotta\\AppData\\Local\\Temp\\ts-node-dev-hook-6962354624337181.js:69:33)\n    at Module._extensions..js (internal/modules/cjs/loader.js:1114:10)\n    at require.extensions..jsx.require.extensions..js (C:\\Users\\dmotta\\AppData\\Local\\Temp\\ts-node-dev-hook-6962354624337181.js:114:20)\n    at require.extensions.<computed> (C:\\Users\\dmotta\\AppData\\Local\\Temp\\ts-node-dev-hook-6962354624337181.js:71:20)\n    at Object.nodeDevHook [as .ts] (C:\\Users\\dmotta\\Documents\\01 DESARROLLO\\12 clone-linktree-back\\clone-linktree-back\\node_modules\\ts-node-dev\\lib\\hook.js:63:13)\n    at Module.load (internal/modules/cjs/loader.js:950:32)\n    at Function.Module._load (internal/modules/cjs/loader.js:790:12)","trace":[{"column":7,"file":"C:\\Users\\dmotta\\Documents\\01 DESARROLLO\\12 clone-linktree-back\\clone-linktree-back\\src\\models\\user.model.ts","function":null,"line":1,"method":null,"native":false},{"column":14,"file":"internal/modules/cjs/loader.js","function":"Module._compile","line":1085,"method":"_compile","native":false},{"column":25,"file":"C:\\Users\\dmotta\\Documents\\01 DESARROLLO\\12 clone-linktree-back\\clone-linktree-back\\node_modules\\source-map-support\\source-map-support.js","function":"Module._compile","line":521,"method":"_compile","native":false},{"column":33,"file":"C:\\Users\\dmotta\\AppData\\Local\\Temp\\ts-node-dev-hook-6962354624337181.js","function":"Module.m._compile","line":69,"method":"_compile","native":false},{"column":10,"file":"internal/modules/cjs/loader.js","function":"Module._extensions..js","line":1114,"method":".js","native":false},{"column":20,"file":"C:\\Users\\dmotta\\AppData\\Local\\Temp\\ts-node-dev-hook-6962354624337181.js","function":"require.extensions..jsx.require.extensions..js","line":114,"method":".js","native":false},{"column":20,"file":"C:\\Users\\dmotta\\AppData\\Local\\Temp\\ts-node-dev-hook-6962354624337181.js","function":"require.extensions.<computed>","line":71,"method":"<computed>","native":false},{"column":13,"file":"C:\\Users\\dmotta\\Documents\\01 DESARROLLO\\12 clone-linktree-back\\clone-linktree-back\\node_modules\\ts-node-dev\\lib\\hook.js","function":"Object.nodeDevHook [as .ts]","line":63,"method":"ts]","native":false},{"column":32,"file":"internal/modules/cjs/loader.js","function":"Module.load","line":950,"method":"load","native":false},{"column":12,"file":"internal/modules/cjs/loader.js","function":"Module._load","line":790,"method":"_load","native":false}]}
info: 2023-06-15T22:04:21.116Z ::1 - POST /auth/login HTTP/1.1 500 706 - 184.124 ms
info: 2023-06-15T22:06:43.610Z Usuario undefined completo autenticacion exitosamente
info: 2023-06-15T22:06:43.631Z ::1 - POST /auth/login HTTP/1.1 200 149 - 211.478 ms
info: 2023-06-15T22:13:38.232Z ::1 - POST /users HTTP/1.1 201 76 - 152.357 ms
info: 2023-06-15T22:13:54.175Z ::1 - PUT /users/2 HTTP/1.1 500 41 - 18.932 ms
info: 2023-06-15T22:15:10.596Z ::1 - PUT /users/2 HTTP/1.1 500 1015 - 144.299 ms
info: 2023-06-15T22:15:34.003Z El usuario con id [2] ha sido modificado con éxito.
info: 2023-06-15T22:15:34.005Z ::1 - PUT /users/2 HTTP/1.1 200 338 - 56.902 ms
info: 2023-06-15T22:52:17.160Z ::1 - GET /users/2 HTTP/1.1 200 254 - 132.902 ms
info: 2023-06-15T22:53:58.968Z ::1 - POST /users/2 HTTP/1.1 - - - - ms
info: 2023-06-15T22:54:06.023Z ::1 - POST /users HTTP/1.1 401 - - 1.431 ms
